2024-04-14 16:14:08,496 [ERROR] ConfigurationRetriever:142 - IOException on connection: sw-center.st.com
2024-04-14 16:14:08,529 [ERROR] ConfigurationRetriever:142 - IOException on connection: sw-center.st.com
2024-04-14 16:14:08,530 [ERROR] ConfigurationRetriever:142 - IOException on connection: sw-center.st.com
2024-04-14 16:14:10,001 [ERROR] LogOutputStream:75 - [STDERR_REDIRECT] 
2024-04-14 16:14:10,004 [ERROR] LogOutputStream:75 - [STDERR_REDIRECT] 
2024-04-14 16:14:51,476 [INFO] Activator:176 - 


2024-04-14 16:14:51,477 [INFO] Activator:177 - !SESSION log4j initialized
2024-04-14 16:14:57,487 [INFO] LogOutputStream:77 - [STDOUT_REDIRECT] 
2024-04-14 16:14:58,896 [INFO] ApplicationProperties:184 - Using Application install path: C:\Program Files (x86)\STM32CubeIDE_1.14.1\STM32CubeIDE\plugins\com.st.stm32cube.common.mx_6.10.0.202311202037
2024-04-14 16:14:58,911 [INFO] DbMcusXml:78 - Set database path to: C:\Program Files (x86)\STM32CubeIDE_1.14.1\STM32CubeIDE\plugins\com.st.stm32cube.common.mx_6.10.0.202311202037\\db\/mcu/
2024-04-14 16:14:58,911 [INFO] ApiDb:274 - Set plugin database path to: C:\Program Files (x86)\STM32CubeIDE_1.14.1\STM32CubeIDE\plugins\com.st.stm32cube.common.mx_6.10.0.202311202037\\db\/plugins/boardmanager/
2024-04-14 16:14:58,912 [WARN] ApiDb:259 - Overriding images path with different value:  => C:\Program Files (x86)\STM32CubeIDE_1.14.1\STM32CubeIDE\plugins\com.st.stm32cube.common.mx_6.10.0.202311202037\\db\/plugins/mcufinder/images/
2024-04-14 16:14:58,918 [INFO] ApiDb:250 - Set database path to: C:\Users\zlink\.stmcufinder\plugins\mcufinder//mcu/
2024-04-14 16:14:58,919 [INFO] DbMcusAds:125 - Set database path to: C:\Users\zlink\.stmcufinder\plugins\mcufinder//mcu/
2024-04-14 16:14:58,920 [INFO] CrossReferenceDbSqlite:203 - Set database path to: C:\Users\zlink\.stmcufinder\plugins\mcufinder//mcu/cs/
2024-04-14 16:14:59,020 [INFO] RulesReader:64 - Compatibility file has been processed (297 Rules)
2024-04-14 16:14:59,083 [INFO] DbMcusXml:78 - Set database path to: C:\Program Files (x86)\STM32CubeIDE_1.14.1\STM32CubeIDE\plugins\com.st.stm32cube.common.mx_6.10.0.202311202037\\db\/mcu/
2024-04-14 16:14:59,083 [INFO] ApiDb:274 - Set plugin database path to: C:\Program Files (x86)\STM32CubeIDE_1.14.1\STM32CubeIDE\plugins\com.st.stm32cube.common.mx_6.10.0.202311202037\\db\/plugins/boardmanager/
2024-04-14 16:14:59,084 [INFO] ApiDb:261 - Set plugin images path to: C:\Program Files (x86)\STM32CubeIDE_1.14.1\STM32CubeIDE\plugins\com.st.stm32cube.common.mx_6.10.0.202311202037\\db\/plugins/mcufinder/images/
2024-04-14 16:14:59,084 [WARN] DbFile:41 - Overriding database path with different value: C:\Users\zlink\.stmcufinder\plugins\mcufinder/ => C:\Users\zlink\.stmcufinder\plugins\mcufinder
2024-04-14 16:14:59,084 [INFO] ApiDb:250 - Set database path to: C:\Users\zlink\.stmcufinder\plugins\mcufinder//mcu/
2024-04-14 16:14:59,084 [WARN] DbFile:41 - Overriding database path with different value: C:\Users\zlink\.stmcufinder\plugins\mcufinder/ => C:\Users\zlink\.stmcufinder\plugins\mcufinder
2024-04-14 16:14:59,084 [INFO] DbMcusAds:125 - Set database path to: C:\Users\zlink\.stmcufinder\plugins\mcufinder//mcu/
2024-04-14 16:14:59,084 [WARN] DbFile:41 - Overriding database path with different value: C:\Users\zlink\.stmcufinder\plugins\mcufinder/ => C:\Users\zlink\.stmcufinder\plugins\mcufinder
2024-04-14 16:14:59,084 [WARN] DbFile:41 - Overriding database path with different value: C:\Users\zlink\.stmcufinder\plugins\mcufinder/ => C:\Users\zlink\.stmcufinder\plugins\mcufinder
2024-04-14 16:14:59,084 [INFO] CrossReferenceDbSqlite:203 - Set database path to: C:\Users\zlink\.stmcufinder\plugins\mcufinder//mcu/cs/
2024-04-14 16:14:59,152 [INFO] MainPanel:264 - HeapMemory: 268435456
2024-04-14 16:14:59,231 [INFO] DbMcusXml:78 - Set database path to: C:\Program Files (x86)\STM32CubeIDE_1.14.1\STM32CubeIDE\plugins\com.st.stm32cube.common.mx_6.10.0.202311202037\\db\/mcu/
2024-04-14 16:14:59,231 [INFO] ApiDb:274 - Set plugin database path to: C:\Program Files (x86)\STM32CubeIDE_1.14.1\STM32CubeIDE\plugins\com.st.stm32cube.common.mx_6.10.0.202311202037\\db\/plugins/boardmanager/
2024-04-14 16:14:59,231 [INFO] ApiDb:261 - Set plugin images path to: C:\Program Files (x86)\STM32CubeIDE_1.14.1\STM32CubeIDE\plugins\com.st.stm32cube.common.mx_6.10.0.202311202037\\db\/plugins/mcufinder/images/
2024-04-14 16:14:59,231 [WARN] DbFile:41 - Overriding database path with different value: C:\Users\zlink\.stmcufinder\plugins\mcufinder/ => C:\Users\zlink\.stmcufinder\plugins\mcufinder
2024-04-14 16:14:59,231 [INFO] ApiDb:250 - Set database path to: C:\Users\zlink\.stmcufinder\plugins\mcufinder//mcu/
2024-04-14 16:14:59,231 [WARN] DbFile:41 - Overriding database path with different value: C:\Users\zlink\.stmcufinder\plugins\mcufinder/ => C:\Users\zlink\.stmcufinder\plugins\mcufinder
2024-04-14 16:14:59,231 [INFO] DbMcusAds:125 - Set database path to: C:\Users\zlink\.stmcufinder\plugins\mcufinder//mcu/
2024-04-14 16:14:59,231 [WARN] DbFile:41 - Overriding database path with different value: C:\Users\zlink\.stmcufinder\plugins\mcufinder/ => C:\Users\zlink\.stmcufinder\plugins\mcufinder
2024-04-14 16:14:59,231 [WARN] DbFile:41 - Overriding database path with different value: C:\Users\zlink\.stmcufinder\plugins\mcufinder/ => C:\Users\zlink\.stmcufinder\plugins\mcufinder
2024-04-14 16:14:59,231 [INFO] CrossReferenceDbSqlite:203 - Set database path to: C:\Users\zlink\.stmcufinder\plugins\mcufinder//mcu/cs/
2024-04-14 16:14:59,245 [INFO] ApplicationProperties:184 - Using Application install path: C:\Program Files (x86)\STM32CubeIDE_1.14.1\STM32CubeIDE\plugins\com.st.stm32cube.common.mx_6.10.0.202311202037
2024-04-14 16:14:59,247 [INFO] PluginManage:196 - Search for loadable plugins [exclusion list=, ]
2024-04-14 16:14:59,247 [INFO] PluginManage:310 - Check plugin analytics
2024-04-14 16:14:59,387 [INFO] AnalyticsPlugin:253 - Accepted Software Licenses: 
2024-04-14 16:14:59,387 [INFO] AnalyticsPlugin:255 - Accepted CMSIS Pack Licenses: 
2024-04-14 16:14:59,387 [INFO] AnalyticsPlugin:257 - Accepted Firmware Licenses: 
2024-04-14 16:14:59,389 [INFO] PluginManage:359 - Loaded plugin analytics (category:tool,tabindex:-1)
2024-04-14 16:14:59,390 [INFO] PluginManage:310 - Check plugin cadmodel
2024-04-14 16:14:59,459 [INFO] CADModel:105 - Init CAD model plugin
2024-04-14 16:14:59,459 [INFO] PluginManage:359 - Loaded plugin cadmodel (category:power,tabindex:5)
2024-04-14 16:14:59,459 [INFO] PluginManage:310 - Check plugin clock
2024-04-14 16:14:59,512 [INFO] PluginManage:359 - Loaded plugin clock (category:base,tabindex:2)
2024-04-14 16:14:59,512 [INFO] PluginManage:310 - Check plugin ddr
2024-04-14 16:14:59,518 [INFO] PluginManage:359 - Loaded plugin ddr (category:tool,tabindex:6)
2024-04-14 16:14:59,518 [INFO] PluginManage:310 - Check plugin filemanager
2024-04-14 16:14:59,664 [INFO] PluginManage:359 - Loaded plugin filemanager (category:base,tabindex:10)
2024-04-14 16:14:59,664 [INFO] PluginManage:310 - Check plugin ipmanager
2024-04-14 16:14:59,670 [INFO] PluginManage:359 - Loaded plugin ipmanager (category:base,tabindex:5)
2024-04-14 16:14:59,670 [INFO] PluginManage:310 - Check plugin lpbam
2024-04-14 16:14:59,696 [INFO] PluginManage:359 - Loaded plugin lpbam (category:base,tabindex:0)
2024-04-14 16:14:59,696 [INFO] PluginManage:310 - Check plugin memorymap
2024-04-14 16:14:59,720 [INFO] PluginManage:359 - Loaded plugin memorymap (category:base,tabindex:4)
2024-04-14 16:14:59,720 [INFO] PluginManage:310 - Check plugin pinoutandconfiguration
2024-04-14 16:14:59,750 [INFO] PluginManage:359 - Loaded plugin pinoutandconfiguration (category:base,tabindex:1)
2024-04-14 16:14:59,750 [INFO] PluginManage:310 - Check plugin pinoutconfig
2024-04-14 16:14:59,850 [WARN] SupportedApi:132 - Cannot load RTOS API schema: s4s-elt-must-match.1: The content of 'definitions' must match (annotation?, (simpleType | complexType)?, (unique | key | keyref)*)). A problem was found starting at: attribute.
2024-04-14 16:14:59,959 [INFO] PluginManage:359 - Loaded plugin pinoutconfig (category:base,tabindex:0)
2024-04-14 16:14:59,960 [INFO] PluginManage:310 - Check plugin power
2024-04-14 16:14:59,976 [INFO] PluginManage:359 - Loaded plugin power (category:power,tabindex:4)
2024-04-14 16:14:59,976 [INFO] PluginManage:310 - Check plugin projectmanager
2024-04-14 16:14:59,986 [INFO] PluginManage:359 - Loaded plugin projectmanager (category:projectmanager,tabindex:3)
2024-04-14 16:14:59,988 [INFO] PluginManage:310 - Check plugin thirdparty
2024-04-14 16:15:00,291 [INFO] PluginManage:359 - Loaded plugin thirdparty (category:base,tabindex:-1)
2024-04-14 16:15:00,291 [INFO] PluginManage:310 - Check plugin tools
2024-04-14 16:15:00,291 [WARN] IntegrityCheckThread:84 - waiting for thirdparty lock release [integrity check]
2024-04-14 16:15:00,292 [INFO] IntegrityCheckThread:86 - entering critical section [integrity check]
2024-04-14 16:15:00,292 [INFO] ThirdPartyUpdaterWithRetryManager:70 - Updater plugin not ready yet. [1/15]
2024-04-14 16:15:00,326 [INFO] PluginManage:359 - Loaded plugin tools (category:base,tabindex:7)
2024-04-14 16:15:00,326 [INFO] PluginManage:310 - Check plugin tutovideos
2024-04-14 16:15:00,549 [INFO] PluginManage:359 - Loaded plugin tutovideos (category:base,tabindex:-1)
2024-04-14 16:15:00,550 [INFO] PluginManage:310 - Check plugin updater
2024-04-14 16:15:00,557 [INFO] PluginManage:359 - Loaded plugin updater (category:base,tabindex:12)
2024-04-14 16:15:00,558 [INFO] PluginManage:310 - Check plugin userauth
2024-04-14 16:15:00,561 [INFO] UserAuth:114 - Init User Auth plugin
2024-04-14 16:15:00,561 [INFO] PluginManage:359 - Loaded plugin userauth (category:base,tabindex:14)
2024-04-14 16:15:00,561 [INFO] PluginManage:283 - PluginManage : Loaded plugins [17]
2024-04-14 16:15:00,751 [INFO] PinOutPanel:1499 - setPackage(No Configuration,No Configuration)
2024-04-14 16:15:00,807 [INFO] CADModel:165 - CPN selected for project level
2024-04-14 16:15:00,807 [INFO] CADModel:114 - Register for checkConnection events
2024-04-14 16:15:00,833 [INFO] IPUIPlugin:80 - create IPUIPlugin
2024-04-14 16:15:00,833 [INFO] PluginManager:220 - loadIPPluginJar : add adc
2024-04-14 16:15:00,904 [INFO] IPUIPlugin:80 - create IPUIPlugin
2024-04-14 16:15:00,904 [INFO] PluginManager:220 - loadIPPluginJar : add aes
2024-04-14 16:15:01,079 [INFO] IPUIPlugin:80 - create IPUIPlugin
2024-04-14 16:15:01,079 [INFO] PluginManager:220 - loadIPPluginJar : add can
2024-04-14 16:15:01,143 [INFO] IPUIPlugin:80 - create IPUIPlugin
2024-04-14 16:15:01,144 [INFO] PluginManager:220 - loadIPPluginJar : add comp
2024-04-14 16:15:01,224 [INFO] IPUIPlugin:80 - create IPUIPlugin
2024-04-14 16:15:01,224 [INFO] PluginManager:220 - loadIPPluginJar : add cryp
2024-04-14 16:15:01,313 [INFO] IPUIPlugin:80 - create IPUIPlugin
2024-04-14 16:15:01,313 [INFO] PluginManager:220 - loadIPPluginJar : add dfsdm
2024-04-14 16:15:01,358 [INFO] IPUIPlugin:80 - create IPUIPlugin
2024-04-14 16:15:01,360 [INFO] PluginManager:220 - loadIPPluginJar : add dma
2024-04-14 16:15:01,496 [INFO] IPUIPlugin:80 - create IPUIPlugin
2024-04-14 16:15:01,496 [INFO] PluginManager:220 - loadIPPluginJar : add dma3
2024-04-14 16:15:01,548 [INFO] IPUIPlugin:80 - create IPUIPlugin
2024-04-14 16:15:01,548 [INFO] PluginManager:220 - loadIPPluginJar : add fatfs
2024-04-14 16:15:01,669 [INFO] IPUIPlugin:80 - create IPUIPlugin
2024-04-14 16:15:01,669 [INFO] PluginManager:220 - loadIPPluginJar : add fmc
2024-04-14 16:15:01,695 [INFO] IPUIPlugin:80 - create IPUIPlugin
2024-04-14 16:15:01,695 [INFO] PluginManager:220 - loadIPPluginJar : add freertos
2024-04-14 16:15:01,748 [INFO] IPUIPlugin:80 - create IPUIPlugin
2024-04-14 16:15:01,748 [INFO] PluginManager:220 - loadIPPluginJar : add genericplugin
2024-04-14 16:15:01,980 [INFO] IPUIPlugin:80 - create IPUIPlugin
2024-04-14 16:15:01,980 [INFO] PluginManager:220 - loadIPPluginJar : add gfxmmu
2024-04-14 16:15:02,232 [INFO] IPUIPlugin:80 - create IPUIPlugin
2024-04-14 16:15:02,233 [INFO] PluginManager:220 - loadIPPluginJar : add gic
2024-04-14 16:15:02,255 [INFO] IPUIPlugin:80 - create IPUIPlugin
2024-04-14 16:15:02,255 [INFO] PluginManager:220 - loadIPPluginJar : add gpio
2024-04-14 16:15:02,394 [INFO] IPUIPlugin:80 - create IPUIPlugin
2024-04-14 16:15:02,394 [INFO] PluginManager:220 - loadIPPluginJar : add gtzc
2024-04-14 16:15:02,449 [INFO] IPUIPlugin:80 - create IPUIPlugin
2024-04-14 16:15:02,449 [INFO] PluginManager:220 - loadIPPluginJar : add hash
2024-04-14 16:15:02,561 [INFO] IPUIPlugin:80 - create IPUIPlugin
2024-04-14 16:15:02,561 [INFO] PluginManager:220 - loadIPPluginJar : add i2c
2024-04-14 16:15:02,650 [INFO] IPUIPlugin:80 - create IPUIPlugin
2024-04-14 16:15:02,650 [INFO] PluginManager:220 - loadIPPluginJar : add i2s
2024-04-14 16:15:02,713 [INFO] IPUIPlugin:80 - create IPUIPlugin
2024-04-14 16:15:02,713 [INFO] PluginManager:220 - loadIPPluginJar : add i3c
2024-04-14 16:15:02,938 [INFO] IPUIPlugin:80 - create IPUIPlugin
2024-04-14 16:15:02,938 [INFO] PluginManager:220 - loadIPPluginJar : add ipddr
2024-04-14 16:15:03,127 [INFO] IPUIPlugin:80 - create IPUIPlugin
2024-04-14 16:15:03,127 [INFO] PluginManager:220 - loadIPPluginJar : add linkedlist
2024-04-14 16:15:03,189 [INFO] IPUIPlugin:80 - create IPUIPlugin
2024-04-14 16:15:03,190 [INFO] PluginManager:220 - loadIPPluginJar : add lorawan
2024-04-14 16:15:03,261 [INFO] IPUIPlugin:80 - create IPUIPlugin
2024-04-14 16:15:03,261 [INFO] PluginManager:220 - loadIPPluginJar : add ltdc
2024-04-14 16:15:03,281 [INFO] IPUIPlugin:80 - create IPUIPlugin
2024-04-14 16:15:03,283 [INFO] PluginManager:220 - loadIPPluginJar : add mdma
2024-04-14 16:15:03,294 [INFO] ThirdPartyUpdaterWithRetryManager:70 - Updater plugin not ready yet. [2/15]
2024-04-14 16:15:03,306 [INFO] IPUIPlugin:80 - create IPUIPlugin
2024-04-14 16:15:03,306 [INFO] PluginManager:220 - loadIPPluginJar : add nvic
2024-04-14 16:15:03,394 [INFO] IPUIPlugin:80 - create IPUIPlugin
2024-04-14 16:15:03,394 [INFO] PluginManager:220 - loadIPPluginJar : add opamp
2024-04-14 16:15:03,503 [INFO] IPUIPlugin:80 - create IPUIPlugin
2024-04-14 16:15:03,503 [INFO] PluginManager:220 - loadIPPluginJar : add openamp
