2024-04-11 17:08:12,224 [INFO] IPUIPlugin:80 - create IPUIPlugin
2024-04-11 17:08:12,250 [INFO] IPUIPlugin:80 - create IPUIPlugin
2024-04-11 17:08:12,250 [INFO] IPUIPlugin:80 - create IPUIPlugin
2024-04-11 17:08:12,251 [INFO] IPUIPlugin:80 - create IPUIPlugin
2024-04-11 17:08:12,251 [INFO] IPUIPlugin:80 - create IPUIPlugin
2024-04-11 17:08:12,290 [INFO] IPUIPlugin:80 - create IPUIPlugin
2024-04-11 17:09:34,673 [INFO] MainUpdater:2873 - connection check result : 10
2024-04-11 17:09:34,674 [INFO] MainUpdater:2873 - connection check result : 10
2024-04-11 17:09:34,762 [INFO] MicroXplorer:468 - Change Database Path : 
2024-04-11 17:09:34,762 [INFO] MicroXplorer:498 - Change Database Version : DB.6.0.100
2024-04-11 17:09:34,773 [ERROR] ProjectManagerView:394 - 
java.lang.NullPointerException: Cannot invoke "javax.swing.JTextField.getText()" because the return value of "java.util.List.get(int)" is null
	at com.st.microxplorer.plugins.projectmanager.gui.ProjectChoiceTab$10.caretUpdate(ProjectChoiceTab.java:2493) ~[filemanager.jar:?]
	at javax.swing.text.JTextComponent.fireCaretUpdate(JTextComponent.java:412) ~[?:?]
	at javax.swing.text.JTextComponent$MutableCaretEvent.fire(JTextComponent.java:4491) ~[?:?]
	at javax.swing.text.JTextComponent$MutableCaretEvent.stateChanged(JTextComponent.java:4513) ~[?:?]
	at javax.swing.text.DefaultCaret.fireStateChanged(DefaultCaret.java:842) ~[?:?]
	at javax.swing.text.DefaultCaret.changeCaretPosition(DefaultCaret.java:1313) ~[?:?]
	at javax.swing.text.DefaultCaret.handleSetDot(DefaultCaret.java:1212) ~[?:?]
	at javax.swing.text.DefaultCaret.setDot(DefaultCaret.java:1193) ~[?:?]
	at javax.swing.text.DefaultCaret$Handler.insertUpdate(DefaultCaret.java:1789) ~[?:?]
	at javax.swing.text.AbstractDocument.fireInsertUpdate(AbstractDocument.java:226) ~[?:?]
	at javax.swing.text.AbstractDocument.handleInsertString(AbstractDocument.java:780) ~[?:?]
	at javax.swing.text.AbstractDocument.insertString(AbstractDocument.java:739) ~[?:?]
	at javax.swing.text.PlainDocument.insertString(PlainDocument.java:131) ~[?:?]
	at javax.swing.text.AbstractDocument.replace(AbstractDocument.java:698) ~[?:?]
	at javax.swing.text.JTextComponent.setText(JTextComponent.java:1729) ~[?:?]
	at com.st.microxplorer.plugins.projectmanager.gui.ProjectChoiceTab.createHeapStackFields(ProjectChoiceTab.java:933) ~[filemanager.jar:?]
	at com.st.microxplorer.plugins.projectmanager.gui.ProjectChoiceTab.buildLinkSettingsPanel(ProjectChoiceTab.java:3426) ~[filemanager.jar:?]
	at com.st.microxplorer.plugins.projectmanager.gui.ProjectChoiceTab.defineWindowsFields(ProjectChoiceTab.java:1813) ~[filemanager.jar:?]
	at com.st.microxplorer.plugins.projectmanager.gui.ProjectChoiceTab.updateSettings(ProjectChoiceTab.java:533) ~[filemanager.jar:?]
	at com.st.microxplorer.plugins.projectmanager.gui.ProjectSettingsPanel.UpdateDialog(ProjectSettingsPanel.java:244) ~[filemanager.jar:?]
	at com.st.microxplorer.plugins.projectmanager.ProjectManagerView.propertyChange(ProjectManagerView.java:391) ~[filemanager.jar:?]
	at java.beans.PropertyChangeSupport.fire(PropertyChangeSupport.java:343) ~[?:?]
	at java.beans.PropertyChangeSupport.firePropertyChange(PropertyChangeSupport.java:335) ~[?:?]
	at java.beans.PropertyChangeSupport.firePropertyChange(PropertyChangeSupport.java:268) ~[?:?]
	at com.st.microxplorer.util.MXPropertyChangeSupport.firePropertyChange(MXPropertyChangeSupport.java:54) ~[STM32CubeMX.jar:?]
	at com.st.microxplorer.mxsystem.MxSystem.closeConfig(MxSystem.java:900) ~[STM32CubeMX.jar:?]
	at com.st.microxplorer.maingui.MainPanel.closeConfig(MainPanel.java:776) ~[STM32CubeMX.jar:?]
	at com.st.microxplorer.plugins.filemanager.engine.OpenFileManager.loadConfigurationFile(OpenFileManager.java:245) ~[filemanager.jar:?]
	at com.st.microxplorer.plugins.filemanager.engine.MainFileManager.userLoadConfig(MainFileManager.java:290) ~[filemanager.jar:?]
	at com.st.microxplorer.plugins.filemanager.FileManagerView.getSpecificTask(FileManagerView.java:247) ~[filemanager.jar:?]
	at com.st.stm32cube.common.mx.editor.CubeMxEditor.getMxTabbedPaneInstance(CubeMxEditor.java:1184) ~[com.st.stm32cube.common.mx_6.10.0.202311202037/:?]
	at com.st.stm32cube.common.mx.editor.CubeMxEditor$12$1.createSwingComponent(CubeMxEditor.java:1065) ~[com.st.stm32cube.common.mx_6.10.0.202311202037/:?]
	at com.st.stm32cube.common.mx.oss.core.awtswtbridge.EmbeddedSwingComposite.doComponentCreation(EmbeddedSwingComposite.java:492) ~[com.st.stm32cube.common.mx.oss_6.10.0.202311202037/:?]
	at com.st.stm32cube.common.mx.oss.core.awtswtbridge.EmbeddedSwingComposite$4.run(EmbeddedSwingComposite.java:291) ~[com.st.stm32cube.common.mx.oss_6.10.0.202311202037/:?]
	at com.st.stm32cube.common.mx.oss.core.awtswtbridge.AwtEnvironment$2.run(AwtEnvironment.java:166) ~[com.st.stm32cube.common.mx.oss_6.10.0.202311202037/:?]
	at java.awt.event.InvocationEvent.dispatch(InvocationEvent.java:318) ~[?:?]
	at java.awt.EventQueue.dispatchEventImpl(EventQueue.java:773) ~[?:?]
	at java.awt.EventQueue$4.run(EventQueue.java:720) ~[?:?]
	at java.awt.EventQueue$4.run(EventQueue.java:714) ~[?:?]
	at java.security.AccessController.doPrivileged(AccessController.java:399) ~[?:?]
	at java.security.ProtectionDomain$JavaSecurityAccessImpl.doIntersectionPrivilege(ProtectionDomain.java:86) ~[?:?]
	at java.awt.EventQueue.dispatchEvent(EventQueue.java:742) ~[?:?]
	at java.awt.EventDispatchThread.pumpOneEventForFilters(EventDispatchThread.java:203) ~[?:?]
	at java.awt.EventDispatchThread.pumpEventsForFilter(EventDispatchThread.java:124) ~[?:?]
	at java.awt.EventDispatchThread.pumpEventsForHierarchy(EventDispatchThread.java:113) ~[?:?]
	at java.awt.EventDispatchThread.pumpEvents(EventDispatchThread.java:109) ~[?:?]
	at java.awt.EventDispatchThread.pumpEvents(EventDispatchThread.java:101) ~[?:?]
	at java.awt.EventDispatchThread.run(EventDispatchThread.java:90) ~[?:?]
2024-04-11 17:09:34,774 [WARN] ThirdParty:871 - waiting for thirdparty lock release [close project]
2024-04-11 17:09:34,774 [INFO] ThirdParty:873 - entering critical section [close project]
2024-04-11 17:09:34,774 [INFO] ThirdParty:883 - exiting critical section [close project]
2024-04-11 17:09:34,775 [INFO] PinOutPanel:1499 - setPackage(No Configuration,No Configuration)
2024-04-11 17:09:34,777 [INFO] UtilMem:75 - Begin LoadConfig() Used Memory: 399913768 Bytes (587202560)
2024-04-11 17:09:34,777 [INFO] MicroXplorer:468 - Change Database Path : 
2024-04-11 17:09:34,777 [INFO] MicroXplorer:498 - Change Database Version : DB.6.0.100
2024-04-11 17:09:34,777 [INFO] OpenFileManager:312 - Change cursor
2024-04-11 17:09:34,788 [INFO] Mcu:2016 - Initializing MCU STM32L010RBTx STM32L010RBTx STM32L010RBT6
2024-04-11 17:09:35,124 [INFO] Context:659 - Trying to add GPIOservice into a context  which must be forbidden
2024-04-11 17:09:35,205 [INFO] RtosManager:555 - Registered RTOS mode: class=CMSIS, group=RTOS, mode=CMSIS_V1, owner=FREERTOS
2024-04-11 17:09:35,205 [INFO] RtosManager:555 - Registered RTOS mode: class=CMSIS, group=RTOS2, mode=CMSIS_V2, owner=FREERTOS
2024-04-11 17:09:35,205 [INFO] RtosManager:555 - Registered RTOS mode: class=RTOS, group=Core, mode=CMSIS_V1, owner=FREERTOS
2024-04-11 17:09:35,205 [INFO] RtosManager:555 - Registered RTOS mode: class=RTOS, group=Core, mode=CMSIS_V2, owner=FREERTOS
2024-04-11 17:09:35,205 [WARN] ModelIntegratedComponent:184 - Missing modes for component STMicroelectronics:FreeRTOS:0.0.1:STMicroelectronics:RTOS:FreeRTOS:Core:::10.2.0:
2024-04-11 17:09:35,211 [WARN] ModelIntegratedComponent:63 - No mode defined for component null
2024-04-11 17:09:35,212 [WARN] ModelIntegratedComponent:63 - No mode defined for component null
2024-04-11 17:09:35,212 [WARN] ModelIntegratedComponent:63 - No mode defined for component null
2024-04-11 17:09:35,212 [WARN] ModelIntegratedComponent:63 - No mode defined for component null
2024-04-11 17:09:35,212 [WARN] ModelIntegratedComponent:63 - No mode defined for component null
2024-04-11 17:09:35,212 [WARN] ModelIntegratedComponent:63 - No mode defined for component null
2024-04-11 17:09:35,212 [WARN] ModelIntegratedComponent:63 - No mode defined for component null
2024-04-11 17:09:35,212 [WARN] ModelIntegratedComponent:63 - No mode defined for component null
2024-04-11 17:09:35,212 [WARN] ModelIntegratedComponent:63 - No mode defined for component null
2024-04-11 17:09:35,212 [WARN] ModelIntegratedComponent:63 - No mode defined for component null
2024-04-11 17:09:35,212 [WARN] ModelIntegratedComponent:63 - No mode defined for component null
2024-04-11 17:09:35,212 [WARN] ModelIntegratedComponent:63 - No mode defined for component null
2024-04-11 17:09:35,212 [WARN] ModelIntegratedComponent:63 - No mode defined for component null
2024-04-11 17:09:35,212 [WARN] ModelIntegratedComponent:63 - No mode defined for component null
2024-04-11 17:09:35,212 [WARN] ModelIntegratedComponent:63 - No mode defined for component null
2024-04-11 17:09:35,212 [WARN] ModelIntegratedComponent:63 - No mode defined for component null
2024-04-11 17:09:35,212 [WARN] ModelIntegratedComponent:63 - No mode defined for component null
2024-04-11 17:09:35,212 [WARN] ModelIntegratedComponent:63 - No mode defined for component null
2024-04-11 17:09:35,212 [WARN] ModelIntegratedComponent:63 - No mode defined for component null
2024-04-11 17:09:35,212 [WARN] ModelIntegratedComponent:63 - No mode defined for component null
2024-04-11 17:09:35,212 [WARN] ModelIntegratedComponent:63 - No mode defined for component null
2024-04-11 17:09:35,212 [WARN] ModelIntegratedComponent:63 - No mode defined for component null
2024-04-11 17:09:35,212 [WARN] ModelIntegratedComponent:63 - No mode defined for component null
2024-04-11 17:09:35,212 [WARN] ModelIntegratedComponent:63 - No mode defined for component null
2024-04-11 17:09:35,212 [WARN] ModelIntegratedComponent:63 - No mode defined for component null
2024-04-11 17:09:35,212 [WARN] ModelIntegratedComponent:63 - No mode defined for component null
2024-04-11 17:09:35,212 [WARN] ModelIntegratedComponent:63 - No mode defined for component null
2024-04-11 17:09:35,212 [WARN] ModelIntegratedComponent:63 - No mode defined for component null
2024-04-11 17:09:35,212 [WARN] ModelIntegratedComponent:63 - No mode defined for component null
2024-04-11 17:09:35,212 [WARN] ModelIntegratedComponent:63 - No mode defined for component null
2024-04-11 17:09:35,212 [WARN] ModelIntegratedComponent:63 - No mode defined for component null
2024-04-11 17:09:35,212 [WARN] ModelIntegratedComponent:63 - No mode defined for component null
2024-04-11 17:09:35,212 [WARN] ModelIntegratedComponent:63 - No mode defined for component null
2024-04-11 17:09:35,250 [INFO] ThirdPartyModel:298 - Start build external matchings
2024-04-11 17:09:35,380 [INFO] ThirdPartyModel:316 - End build external matchings
2024-04-11 17:09:35,518 [INFO] UtilMem:75 - End LoadConfig() Used Memory: 197187896 Bytes (587202560)
2024-04-11 17:09:35,567 [INFO] MicroXplorer:468 - Change Database Path : 
2024-04-11 17:09:35,568 [INFO] MicroXplorer:498 - Change Database Version : DB.6.0.100
2024-04-11 17:09:35,568 [WARN] ThirdParty:833 - waiting for thirdparty lock release [change project]
2024-04-11 17:09:35,568 [INFO] ThirdParty:835 - entering critical section [change project]
2024-04-11 17:09:35,568 [INFO] ThirdParty:1030 - CMSIS Pack Vendor :STMicroelectronics USBPD 4.1
2024-04-11 17:09:35,568 [INFO] ThirdParty:1030 - CMSIS Pack Vendor :STMicroelectronics X-CUBE-GNSS1 6.0.0
2024-04-11 17:09:35,568 [INFO] ThirdParty:1030 - CMSIS Pack Vendor :STMicroelectronics USB_HOST 2.0.0
2024-04-11 17:09:35,568 [INFO] ThirdParty:1030 - CMSIS Pack Vendor :STMicroelectronics X-CUBE-AZRTOS-F4 1.1.0
2024-04-11 17:09:35,568 [INFO] ThirdParty:1030 - CMSIS Pack Vendor :STMicroelectronics LIBJPEG 8.0.0
2024-04-11 17:09:35,568 [INFO] ThirdParty:1030 - CMSIS Pack Vendor :STMicroelectronics X-CUBE-SMBUS 2.1.0
2024-04-11 17:09:35,568 [INFO] ThirdParty:1030 - CMSIS Pack Vendor :STMicroelectronics USB_DEVICE 3.0.0
2024-04-11 17:09:35,568 [INFO] ThirdParty:1030 - CMSIS Pack Vendor :STMicroelectronics X-CUBE-TCPP 4.1.0
2024-04-11 17:09:35,568 [INFO] ThirdParty:1030 - CMSIS Pack Vendor :STMicroelectronics X-CUBE-AZRTOS-WB 2.0.0
2024-04-11 17:09:35,568 [INFO] ThirdParty:1030 - CMSIS Pack Vendor :wolfSSL I-CUBE-wolfSSL 5.6.6
2024-04-11 17:09:35,568 [INFO] ThirdParty:1030 - CMSIS Pack Vendor :STMicroelectronics X-CUBE-TOUCHGFX 4.23.0
2024-04-11 17:09:35,568 [INFO] ThirdParty:1030 - CMSIS Pack Vendor :STMicroelectronics X-CUBE-TOUCHGFX 4.23.2
2024-04-11 17:09:35,568 [INFO] ThirdParty:1030 - CMSIS Pack Vendor :STMicroelectronics X-CUBE-AZRTOS-F7 1.1.0
2024-04-11 17:09:35,568 [INFO] ThirdParty:1030 - CMSIS Pack Vendor :STMicroelectronics X-CUBE-AZRTOS-L5 2.0.0
2024-04-11 17:09:35,568 [INFO] ThirdParty:1030 - CMSIS Pack Vendor :STMicroelectronics USB_DEVICE 2.0.0
2024-04-11 17:09:35,568 [INFO] ThirdParty:1030 - CMSIS Pack Vendor :STMicroelectronics X-CUBE-NFC6 3.1.0
2024-04-11 17:09:35,568 [INFO] ThirdParty:1030 - CMSIS Pack Vendor :ITTIA_DB I-CUBE-ITTIADB 8.8.0
2024-04-11 17:09:35,568 [INFO] ThirdParty:1030 - CMSIS Pack Vendor :STMicroelectronics FP-SNS-MOTENV1 4.3.2
2024-04-11 17:09:35,568 [INFO] ThirdParty:1030 - CMSIS Pack Vendor :STMicroelectronics X-CUBE-ALGOBUILD 1.3.0
2024-04-11 17:09:35,568 [INFO] ThirdParty:1030 - CMSIS Pack Vendor :STMicroelectronics FreeRTOS 0.0.1
2024-04-11 17:09:35,568 [INFO] ThirdParty:1030 - CMSIS Pack Vendor :STMicroelectronics X-CUBE-AZRTOS-G0 1.1.0
2024-04-11 17:09:35,568 [INFO] ThirdParty:1030 - CMSIS Pack Vendor :STMicroelectronics X-CUBE-SAFEA1 1.2.2
2024-04-11 17:09:35,568 [INFO] ThirdParty:1030 - CMSIS Pack Vendor :STMicroelectronics X-CUBE-NFC4 3.0.0
2024-04-11 17:09:35,568 [INFO] ThirdParty:1030 - CMSIS Pack Vendor :STMicroelectronics X-CUBE-SUBG2 5.0.0
2024-04-11 17:09:35,568 [INFO] ThirdParty:1030 - CMSIS Pack Vendor :STMicroelectronics STM32_WPAN 1.0.0
2024-04-11 17:09:35,568 [INFO] ThirdParty:1030 - CMSIS Pack Vendor :STMicroelectronics lwIP 2.0.3
2024-04-11 17:09:35,568 [INFO] ThirdParty:1030 - CMSIS Pack Vendor :STMicroelectronics FP-SNS-FLIGHT1 5.0.2
2024-04-11 17:09:35,568 [INFO] ThirdParty:1030 - CMSIS Pack Vendor :STMicroelectronics USB_HOST 1.0.0
2024-04-11 17:09:35,568 [INFO] ThirdParty:1030 - CMSIS Pack Vendor :STMicroelectronics X-CUBE-AZRTOS-G4 2.0.0
2024-04-11 17:09:35,568 [INFO] ThirdParty:1030 - CMSIS Pack Vendor :STMicroelectronics PDM2PCM 3.1.0
2024-04-11 17:09:35,568 [INFO] ThirdParty:1030 - CMSIS Pack Vendor :Infineon AIROC-Wi-Fi-Bluetooth-STM32 1.5.1
2024-04-11 17:09:35,568 [INFO] ThirdParty:1030 - CMSIS Pack Vendor :STMicroelectronics X-CUBE-BLEMGR 3.0.0
2024-04-11 17:09:35,568 [INFO] ThirdParty:1030 - CMSIS Pack Vendor :STMicroelectronics PDM2PCM 3.3.0
2024-04-11 17:09:35,568 [INFO] ThirdParty:1030 - CMSIS Pack Vendor :STMicroelectronics X-CUBE-DISPLAY 3.0.0
2024-04-11 17:09:35,568 [INFO] ThirdParty:1030 - CMSIS Pack Vendor :STMicroelectronics FP-SNS-MOTENVWB1 1.3.1
2024-04-11 17:09:35,568 [INFO] ThirdParty:1030 - CMSIS Pack Vendor :STMicroelectronics X-CUBE-BLE1 7.0.0
2024-04-11 17:09:35,568 [INFO] ThirdParty:1030 - CMSIS Pack Vendor :STMicroelectronics FP-ATR-SIGFOX1 3.2.0
2024-04-11 17:09:35,568 [INFO] ThirdParty:1030 - CMSIS Pack Vendor :STMicroelectronics X-CUBE-ISPU 2.0.0
2024-04-11 17:09:35,568 [INFO] ThirdParty:1030 - CMSIS Pack Vendor :STMicroelectronics X-CUBE-EEPRMA1 5.1.0
2024-04-11 17:09:35,568 [INFO] ThirdParty:1030 - CMSIS Pack Vendor :STMicroelectronics HAL Drivers 0.0.0
2024-04-11 17:09:35,568 [INFO] ThirdParty:1030 - CMSIS Pack Vendor :STMicroelectronics MBEDTLS 2.16.2
2024-04-11 17:09:35,568 [INFO] ThirdParty:1030 - CMSIS Pack Vendor :emotas I-CUBE-CANOPEN 1.3.0
2024-04-11 17:09:35,568 [INFO] ThirdParty:1030 - CMSIS Pack Vendor :STMicroelectronics X-CUBE-MEMS1 10.0.0
2024-04-11 17:09:35,568 [INFO] ThirdParty:1030 - CMSIS Pack Vendor :STMicroelectronics X-CUBE-FREERTOS 1.1.0
2024-04-11 17:09:35,568 [INFO] ThirdParty:1030 - CMSIS Pack Vendor :STMicroelectronics X-CUBE-NFC7 1.0.1
2024-04-11 17:09:35,568 [INFO] ThirdParty:1030 - CMSIS Pack Vendor :STMicroelectronics MBEDTLS 2.14.1
2024-04-11 17:09:35,568 [INFO] ThirdParty:1030 - CMSIS Pack Vendor :STMicroelectronics X-CUBE-NFC6 3.0.0
2024-04-11 17:09:35,568 [INFO] ThirdParty:1030 - CMSIS Pack Vendor :portGmbH I-Cube-SoM-uGOAL 1.1.0
2024-04-11 17:09:35,568 [INFO] ThirdParty:1030 - CMSIS Pack Vendor :STMicroelectronics X-CUBE-ALS 1.0.1
2024-04-11 17:09:35,568 [INFO] ThirdParty:1030 - CMSIS Pack Vendor :STMicroelectronics X-CUBE-BLEMGR 3.1.0
2024-04-11 17:09:35,568 [INFO] ThirdParty:1030 - CMSIS Pack Vendor :STMicroelectronics ThreadX 1.0.0
2024-04-11 17:09:35,568 [INFO] ThirdParty:1030 - CMSIS Pack Vendor :STMicroelectronics FP-SNS-SMARTAG2 1.2.0
2024-04-11 17:09:35,568 [INFO] ThirdParty:1030 - CMSIS Pack Vendor :STMicroelectronics X-CUBE-AZRTOS-WL 2.0.0
2024-04-11 17:09:35,568 [INFO] ThirdParty:1030 - CMSIS Pack Vendor :SEGGER I-CUBE-embOS 1.3.1
2024-04-11 17:09:35,568 [INFO] ThirdParty:1030 - CMSIS Pack Vendor :STMicroelectronics FP-SNS-MOTENV1 5.0.0
2024-04-11 17:09:35,569 [INFO] ThirdParty:1030 - CMSIS Pack Vendor :STMicroelectronics USB_DEVICE 1.0.0
2024-04-11 17:09:35,569 [INFO] ThirdParty:1030 - CMSIS Pack Vendor :STMicroelectronics X-CUBE-AI 8.1.0
2024-04-11 17:09:35,569 [INFO] ThirdParty:1030 - CMSIS Pack Vendor :STMicroelectronics X-CUBE-AZRTOS-L4 2.0.0
2024-04-11 17:09:35,569 [INFO] ThirdParty:1030 - CMSIS Pack Vendor :STMicroelectronics ThreadX 0.0.2
2024-04-11 17:09:35,569 [INFO] ThirdParty:1030 - CMSIS Pack Vendor :WES I-CUBE-Cesium 1.3.0
2024-04-11 17:09:35,569 [INFO] ThirdParty:1030 - CMSIS Pack Vendor :STMicroelectronics FP-ATR-ASTRA1 2.0.0
2024-04-11 17:09:35,569 [INFO] ThirdParty:1030 - CMSIS Pack Vendor :STMicroelectronics lwIP 2.1.2
2024-04-11 17:09:35,569 [INFO] ThirdParty:1030 - CMSIS Pack Vendor :STMicroelectronics X-CUBE-SFXS2LP1 4.0.0
2024-04-11 17:09:35,569 [INFO] ThirdParty:1030 - CMSIS Pack Vendor :STMicroelectronics X-CUBE-BLE2 3.3.0
2024-04-11 17:09:35,569 [INFO] ThirdParty:1030 - CMSIS Pack Vendor :STMicroelectronics X-CUBE-TOF1 3.4.0
2024-04-11 17:09:35,569 [INFO] ThirdParty:1030 - CMSIS Pack Vendor :STMicroelectronics X-CUBE-TOF1 3.4.1
2024-04-11 17:09:35,569 [INFO] ThirdParty:1030 - CMSIS Pack Vendor :STMicroelectronics X-CUBE-AZRTOS-H7 3.2.0
2024-04-11 17:09:35,569 [INFO] ThirdParty:1030 - CMSIS Pack Vendor :STMicroelectronics PDM2PCM 3.2.0
2024-04-11 17:09:35,569 [INFO] ThirdParty:841 - exiting critical section [change project]
2024-04-11 17:09:35,623 [INFO] PinOutPanel:1499 - setPackage(No Configuration,No Configuration)
2024-04-11 17:09:35,627 [INFO] PinOutPanel:1499 - setPackage(STM32L010RBTx,LQFP64)
2024-04-11 17:09:35,724 [INFO] UtilMem:75 - Before build in PCC Used Memory: 289146312 Bytes (587202560)
2024-04-11 17:09:35,863 [INFO] UtilMem:75 - After build in PCC Used Memory: 338429384 Bytes (587202560)
2024-04-11 17:09:35,869 [INFO] IPUIPlugin:80 - create IPUIPlugin
2024-04-11 17:09:35,870 [INFO] IPUIPlugin:80 - create IPUIPlugin
2024-04-11 17:09:35,870 [INFO] IPUIPlugin:80 - create IPUIPlugin
2024-04-11 17:09:35,870 [INFO] IPUIPlugin:80 - create IPUIPlugin
2024-04-11 17:09:35,870 [INFO] IPUIPlugin:80 - create IPUIPlugin
2024-04-11 17:09:35,870 [INFO] IPUIPlugin:80 - create IPUIPlugin
2024-04-11 17:09:35,870 [INFO] IPUIPlugin:80 - create IPUIPlugin
2024-04-11 17:09:35,870 [INFO] IPUIPlugin:80 - create IPUIPlugin
2024-04-11 17:09:35,870 [INFO] IPUIPlugin:80 - create IPUIPlugin
2024-04-11 17:09:35,870 [INFO] IPUIPlugin:80 - create IPUIPlugin
2024-04-11 17:09:35,870 [INFO] IPUIPlugin:80 - create IPUIPlugin
2024-04-11 17:09:35,870 [INFO] IPUIPlugin:80 - create IPUIPlugin
2024-04-11 17:09:35,870 [INFO] IPUIPlugin:80 - create IPUIPlugin
2024-04-11 17:09:35,870 [INFO] IPUIPlugin:80 - create IPUIPlugin
2024-04-11 17:09:35,870 [INFO] IPUIPlugin:80 - create IPUIPlugin
2024-04-11 17:09:35,870 [INFO] IPUIPlugin:80 - create IPUIPlugin
2024-04-11 17:09:35,870 [INFO] IPUIPlugin:80 - create IPUIPlugin
2024-04-11 17:09:35,871 [INFO] IPUIPlugin:80 - create IPUIPlugin
2024-04-11 17:09:35,871 [INFO] IPUIPlugin:80 - create IPUIPlugin
2024-04-11 17:09:35,871 [INFO] IPUIPlugin:80 - create IPUIPlugin
2024-04-11 17:09:35,894 [INFO] CADModel:165 - CPN selected for project levelSTM32L010RBT6
2024-04-11 17:09:35,894 [INFO] CADModel:114 - Register for checkConnection events
2024-04-11 17:09:35,945 [INFO] OpenFileManager:343 - Restore cursor
2024-04-11 17:09:41,821 [INFO] IPUIPlugin:80 - create IPUIPlugin
2024-04-11 17:09:41,821 [INFO] IPUIPlugin:80 - create IPUIPlugin
2024-04-11 17:09:41,821 [INFO] IPUIPlugin:80 - create IPUIPlugin
2024-04-11 17:09:41,822 [INFO] IPUIPlugin:80 - create IPUIPlugin
2024-04-11 17:09:41,862 [INFO] IPUIPlugin:80 - create IPUIPlugin
2024-04-11 21:32:38,191 [INFO] MainUpdater:2873 - connection check result : 10
2024-04-11 21:32:38,191 [INFO] MainUpdater:2873 - connection check result : 10
2024-04-11 21:32:38,269 [INFO] MicroXplorer:468 - Change Database Path : 
2024-04-11 21:32:38,269 [INFO] MicroXplorer:498 - Change Database Version : DB.6.0.100
2024-04-11 21:32:38,278 [ERROR] ProjectManagerView:394 - 
java.lang.NullPointerException: Cannot invoke "javax.swing.JTextField.getText()" because the return value of "java.util.List.get(int)" is null
	at com.st.microxplorer.plugins.projectmanager.gui.ProjectChoiceTab$10.caretUpdate(ProjectChoiceTab.java:2493) ~[filemanager.jar:?]
	at javax.swing.text.JTextComponent.fireCaretUpdate(JTextComponent.java:412) ~[?:?]
	at javax.swing.text.JTextComponent$MutableCaretEvent.fire(JTextComponent.java:4491) ~[?:?]
	at javax.swing.text.JTextComponent$MutableCaretEvent.stateChanged(JTextComponent.java:4513) ~[?:?]
	at javax.swing.text.DefaultCaret.fireStateChanged(DefaultCaret.java:842) ~[?:?]
	at javax.swing.text.DefaultCaret.changeCaretPosition(DefaultCaret.java:1313) ~[?:?]
	at javax.swing.text.DefaultCaret.handleSetDot(DefaultCaret.java:1212) ~[?:?]
	at javax.swing.text.DefaultCaret.setDot(DefaultCaret.java:1193) ~[?:?]
	at javax.swing.text.DefaultCaret$Handler.insertUpdate(DefaultCaret.java:1789) ~[?:?]
	at javax.swing.text.AbstractDocument.fireInsertUpdate(AbstractDocument.java:226) ~[?:?]
	at javax.swing.text.AbstractDocument.handleInsertString(AbstractDocument.java:780) ~[?:?]
	at javax.swing.text.AbstractDocument.insertString(AbstractDocument.java:739) ~[?:?]
	at javax.swing.text.PlainDocument.insertString(PlainDocument.java:131) ~[?:?]
	at javax.swing.text.AbstractDocument.replace(AbstractDocument.java:698) ~[?:?]
	at javax.swing.text.JTextComponent.setText(JTextComponent.java:1729) ~[?:?]
	at com.st.microxplorer.plugins.projectmanager.gui.ProjectChoiceTab.createHeapStackFields(ProjectChoiceTab.java:933) ~[filemanager.jar:?]
	at com.st.microxplorer.plugins.projectmanager.gui.ProjectChoiceTab.buildLinkSettingsPanel(ProjectChoiceTab.java:3426) ~[filemanager.jar:?]
	at com.st.microxplorer.plugins.projectmanager.gui.ProjectChoiceTab.defineWindowsFields(ProjectChoiceTab.java:1813) ~[filemanager.jar:?]
	at com.st.microxplorer.plugins.projectmanager.gui.ProjectChoiceTab.updateSettings(ProjectChoiceTab.java:533) ~[filemanager.jar:?]
	at com.st.microxplorer.plugins.projectmanager.gui.ProjectSettingsPanel.UpdateDialog(ProjectSettingsPanel.java:244) ~[filemanager.jar:?]
	at com.st.microxplorer.plugins.projectmanager.ProjectManagerView.propertyChange(ProjectManagerView.java:391) ~[filemanager.jar:?]
	at java.beans.PropertyChangeSupport.fire(PropertyChangeSupport.java:343) ~[?:?]
	at java.beans.PropertyChangeSupport.firePropertyChange(PropertyChangeSupport.java:335) ~[?:?]
	at java.beans.PropertyChangeSupport.firePropertyChange(PropertyChangeSupport.java:268) ~[?:?]
	at com.st.microxplorer.util.MXPropertyChangeSupport.firePropertyChange(MXPropertyChangeSupport.java:54) ~[STM32CubeMX.jar:?]
	at com.st.microxplorer.mxsystem.MxSystem.closeConfig(MxSystem.java:900) ~[STM32CubeMX.jar:?]
	at com.st.microxplorer.maingui.MainPanel.closeConfig(MainPanel.java:776) ~[STM32CubeMX.jar:?]
	at com.st.microxplorer.plugins.filemanager.engine.OpenFileManager.loadConfigurationFile(OpenFileManager.java:245) ~[filemanager.jar:?]
	at com.st.microxplorer.plugins.filemanager.engine.MainFileManager.userLoadConfig(MainFileManager.java:290) ~[filemanager.jar:?]
	at com.st.microxplorer.plugins.filemanager.FileManagerView.getSpecificTask(FileManagerView.java:247) ~[filemanager.jar:?]
	at com.st.stm32cube.common.mx.editor.CubeMxEditor.getMxTabbedPaneInstance(CubeMxEditor.java:1184) ~[com.st.stm32cube.common.mx_6.10.0.202311202037/:?]
	at com.st.stm32cube.common.mx.editor.CubeMxEditor$12$1.createSwingComponent(CubeMxEditor.java:1065) ~[com.st.stm32cube.common.mx_6.10.0.202311202037/:?]
	at com.st.stm32cube.common.mx.oss.core.awtswtbridge.EmbeddedSwingComposite.doComponentCreation(EmbeddedSwingComposite.java:492) ~[com.st.stm32cube.common.mx.oss_6.10.0.202311202037/:?]
	at com.st.stm32cube.common.mx.oss.core.awtswtbridge.EmbeddedSwingComposite$4.run(EmbeddedSwingComposite.java:291) ~[com.st.stm32cube.common.mx.oss_6.10.0.202311202037/:?]
	at com.st.stm32cube.common.mx.oss.core.awtswtbridge.AwtEnvironment$2.run(AwtEnvironment.java:166) ~[com.st.stm32cube.common.mx.oss_6.10.0.202311202037/:?]
	at java.awt.event.InvocationEvent.dispatch(InvocationEvent.java:318) ~[?:?]
	at java.awt.EventQueue.dispatchEventImpl(EventQueue.java:773) ~[?:?]
	at java.awt.EventQueue$4.run(EventQueue.java:720) ~[?:?]
	at java.awt.EventQueue$4.run(EventQueue.java:714) ~[?:?]
	at java.security.AccessController.doPrivileged(AccessController.java:399) ~[?:?]
	at java.security.ProtectionDomain$JavaSecurityAccessImpl.doIntersectionPrivilege(ProtectionDomain.java:86) ~[?:?]
	at java.awt.EventQueue.dispatchEvent(EventQueue.java:742) ~[?:?]
	at java.awt.EventDispatchThread.pumpOneEventForFilters(EventDispatchThread.java:203) ~[?:?]
	at java.awt.EventDispatchThread.pumpEventsForFilter(EventDispatchThread.java:124) ~[?:?]
	at java.awt.EventDispatchThread.pumpEventsForHierarchy(EventDispatchThread.java:113) ~[?:?]
	at java.awt.EventDispatchThread.pumpEvents(EventDispatchThread.java:109) ~[?:?]
	at java.awt.EventDispatchThread.pumpEvents(EventDispatchThread.java:101) ~[?:?]
	at java.awt.EventDispatchThread.run(EventDispatchThread.java:90) ~[?:?]
2024-04-11 21:32:38,279 [WARN] ThirdParty:871 - waiting for thirdparty lock release [close project]
2024-04-11 21:32:38,279 [INFO] ThirdParty:873 - entering critical section [close project]
2024-04-11 21:32:38,279 [INFO] ThirdParty:883 - exiting critical section [close project]
2024-04-11 21:32:38,279 [INFO] PinOutPanel:1499 - setPackage(No Configuration,No Configuration)
2024-04-11 21:32:38,280 [INFO] UtilMem:75 - Begin LoadConfig() Used Memory: 459609528 Bytes (584056832)
2024-04-11 21:32:38,280 [INFO] MicroXplorer:468 - Change Database Path : 
2024-04-11 21:32:38,280 [INFO] MicroXplorer:498 - Change Database Version : DB.6.0.100
2024-04-11 21:32:38,280 [INFO] OpenFileManager:312 - Change cursor
2024-04-11 21:32:38,288 [INFO] Mcu:2016 - Initializing MCU STM32L010RBTx STM32L010RBTx STM32L010RBT6
2024-04-11 21:32:38,581 [INFO] Context:659 - Trying to add GPIOservice into a context  which must be forbidden
2024-04-11 21:32:38,642 [INFO] RtosManager:555 - Registered RTOS mode: class=CMSIS, group=RTOS, mode=CMSIS_V1, owner=FREERTOS
2024-04-11 21:32:38,642 [INFO] RtosManager:555 - Registered RTOS mode: class=CMSIS, group=RTOS2, mode=CMSIS_V2, owner=FREERTOS
2024-04-11 21:32:38,642 [INFO] RtosManager:555 - Registered RTOS mode: class=RTOS, group=Core, mode=CMSIS_V1, owner=FREERTOS
2024-04-11 21:32:38,642 [INFO] RtosManager:555 - Registered RTOS mode: class=RTOS, group=Core, mode=CMSIS_V2, owner=FREERTOS
2024-04-11 21:32:38,642 [WARN] ModelIntegratedComponent:184 - Missing modes for component STMicroelectronics:FreeRTOS:0.0.1:STMicroelectronics:RTOS:FreeRTOS:Core:::10.2.0:
2024-04-11 21:32:38,647 [WARN] ModelIntegratedComponent:63 - No mode defined for component null
2024-04-11 21:32:38,647 [WARN] ModelIntegratedComponent:63 - No mode defined for component null
2024-04-11 21:32:38,647 [WARN] ModelIntegratedComponent:63 - No mode defined for component null
2024-04-11 21:32:38,647 [WARN] ModelIntegratedComponent:63 - No mode defined for component null
2024-04-11 21:32:38,647 [WARN] ModelIntegratedComponent:63 - No mode defined for component null
2024-04-11 21:32:38,647 [WARN] ModelIntegratedComponent:63 - No mode defined for component null
2024-04-11 21:32:38,647 [WARN] ModelIntegratedComponent:63 - No mode defined for component null
2024-04-11 21:32:38,647 [WARN] ModelIntegratedComponent:63 - No mode defined for component null
2024-04-11 21:32:38,647 [WARN] ModelIntegratedComponent:63 - No mode defined for component null
2024-04-11 21:32:38,647 [WARN] ModelIntegratedComponent:63 - No mode defined for component null
2024-04-11 21:32:38,647 [WARN] ModelIntegratedComponent:63 - No mode defined for component null
2024-04-11 21:32:38,647 [WARN] ModelIntegratedComponent:63 - No mode defined for component null
2024-04-11 21:32:38,647 [WARN] ModelIntegratedComponent:63 - No mode defined for component null
2024-04-11 21:32:38,647 [WARN] ModelIntegratedComponent:63 - No mode defined for component null
2024-04-11 21:32:38,647 [WARN] ModelIntegratedComponent:63 - No mode defined for component null
2024-04-11 21:32:38,647 [WARN] ModelIntegratedComponent:63 - No mode defined for component null
2024-04-11 21:32:38,647 [WARN] ModelIntegratedComponent:63 - No mode defined for component null
2024-04-11 21:32:38,647 [WARN] ModelIntegratedComponent:63 - No mode defined for component null
2024-04-11 21:32:38,647 [WARN] ModelIntegratedComponent:63 - No mode defined for component null
2024-04-11 21:32:38,647 [WARN] ModelIntegratedComponent:63 - No mode defined for component null
2024-04-11 21:32:38,647 [WARN] ModelIntegratedComponent:63 - No mode defined for component null
2024-04-11 21:32:38,647 [WARN] ModelIntegratedComponent:63 - No mode defined for component null
2024-04-11 21:32:38,647 [WARN] ModelIntegratedComponent:63 - No mode defined for component null
2024-04-11 21:32:38,647 [WARN] ModelIntegratedComponent:63 - No mode defined for component null
2024-04-11 21:32:38,647 [WARN] ModelIntegratedComponent:63 - No mode defined for component null
2024-04-11 21:32:38,647 [WARN] ModelIntegratedComponent:63 - No mode defined for component null
2024-04-11 21:32:38,647 [WARN] ModelIntegratedComponent:63 - No mode defined for component null
2024-04-11 21:32:38,647 [WARN] ModelIntegratedComponent:63 - No mode defined for component null
2024-04-11 21:32:38,647 [WARN] ModelIntegratedComponent:63 - No mode defined for component null
2024-04-11 21:32:38,647 [WARN] ModelIntegratedComponent:63 - No mode defined for component null
2024-04-11 21:32:38,647 [WARN] ModelIntegratedComponent:63 - No mode defined for component null
2024-04-11 21:32:38,648 [WARN] ModelIntegratedComponent:63 - No mode defined for component null
2024-04-11 21:32:38,648 [WARN] ModelIntegratedComponent:63 - No mode defined for component null
2024-04-11 21:32:38,691 [INFO] ThirdPartyModel:298 - Start build external matchings
2024-04-11 21:32:38,844 [INFO] ThirdPartyModel:316 - End build external matchings
2024-04-11 21:32:38,946 [INFO] UtilMem:75 - End LoadConfig() Used Memory: 285765160 Bytes (584056832)
2024-04-11 21:32:39,014 [INFO] MicroXplorer:468 - Change Database Path : 
2024-04-11 21:32:39,014 [INFO] MicroXplorer:498 - Change Database Version : DB.6.0.100
2024-04-11 21:32:39,014 [WARN] ThirdParty:833 - waiting for thirdparty lock release [change project]
2024-04-11 21:32:39,014 [INFO] ThirdParty:835 - entering critical section [change project]
2024-04-11 21:32:39,014 [INFO] ThirdParty:1030 - CMSIS Pack Vendor :STMicroelectronics USBPD 4.1
2024-04-11 21:32:39,014 [INFO] ThirdParty:1030 - CMSIS Pack Vendor :STMicroelectronics X-CUBE-GNSS1 6.0.0
2024-04-11 21:32:39,014 [INFO] ThirdParty:1030 - CMSIS Pack Vendor :STMicroelectronics USB_HOST 2.0.0
2024-04-11 21:32:39,014 [INFO] ThirdParty:1030 - CMSIS Pack Vendor :STMicroelectronics X-CUBE-AZRTOS-F4 1.1.0
2024-04-11 21:32:39,014 [INFO] ThirdParty:1030 - CMSIS Pack Vendor :STMicroelectronics LIBJPEG 8.0.0
2024-04-11 21:32:39,014 [INFO] ThirdParty:1030 - CMSIS Pack Vendor :STMicroelectronics X-CUBE-SMBUS 2.1.0
2024-04-11 21:32:39,014 [INFO] ThirdParty:1030 - CMSIS Pack Vendor :STMicroelectronics USB_DEVICE 3.0.0
2024-04-11 21:32:39,014 [INFO] ThirdParty:1030 - CMSIS Pack Vendor :STMicroelectronics X-CUBE-TCPP 4.1.0
2024-04-11 21:32:39,014 [INFO] ThirdParty:1030 - CMSIS Pack Vendor :STMicroelectronics X-CUBE-AZRTOS-WB 2.0.0
2024-04-11 21:32:39,014 [INFO] ThirdParty:1030 - CMSIS Pack Vendor :wolfSSL I-CUBE-wolfSSL 5.6.6
2024-04-11 21:32:39,014 [INFO] ThirdParty:1030 - CMSIS Pack Vendor :STMicroelectronics X-CUBE-TOUCHGFX 4.23.0
2024-04-11 21:32:39,014 [INFO] ThirdParty:1030 - CMSIS Pack Vendor :STMicroelectronics X-CUBE-TOUCHGFX 4.23.2
2024-04-11 21:32:39,014 [INFO] ThirdParty:1030 - CMSIS Pack Vendor :STMicroelectronics X-CUBE-AZRTOS-F7 1.1.0
2024-04-11 21:32:39,014 [INFO] ThirdParty:1030 - CMSIS Pack Vendor :STMicroelectronics X-CUBE-AZRTOS-L5 2.0.0
2024-04-11 21:32:39,014 [INFO] ThirdParty:1030 - CMSIS Pack Vendor :STMicroelectronics USB_DEVICE 2.0.0
2024-04-11 21:32:39,014 [INFO] ThirdParty:1030 - CMSIS Pack Vendor :STMicroelectronics X-CUBE-NFC6 3.1.0
2024-04-11 21:32:39,014 [INFO] ThirdParty:1030 - CMSIS Pack Vendor :ITTIA_DB I-CUBE-ITTIADB 8.8.0
2024-04-11 21:32:39,014 [INFO] ThirdParty:1030 - CMSIS Pack Vendor :STMicroelectronics FP-SNS-MOTENV1 4.3.2
2024-04-11 21:32:39,014 [INFO] ThirdParty:1030 - CMSIS Pack Vendor :STMicroelectronics X-CUBE-ALGOBUILD 1.3.0
2024-04-11 21:32:39,014 [INFO] ThirdParty:1030 - CMSIS Pack Vendor :STMicroelectronics FreeRTOS 0.0.1
2024-04-11 21:32:39,014 [INFO] ThirdParty:1030 - CMSIS Pack Vendor :STMicroelectronics X-CUBE-AZRTOS-G0 1.1.0
2024-04-11 21:32:39,014 [INFO] ThirdParty:1030 - CMSIS Pack Vendor :STMicroelectronics X-CUBE-SAFEA1 1.2.2
2024-04-11 21:32:39,014 [INFO] ThirdParty:1030 - CMSIS Pack Vendor :STMicroelectronics X-CUBE-NFC4 3.0.0
2024-04-11 21:32:39,014 [INFO] ThirdParty:1030 - CMSIS Pack Vendor :STMicroelectronics X-CUBE-SUBG2 5.0.0
2024-04-11 21:32:39,014 [INFO] ThirdParty:1030 - CMSIS Pack Vendor :STMicroelectronics STM32_WPAN 1.0.0
2024-04-11 21:32:39,014 [INFO] ThirdParty:1030 - CMSIS Pack Vendor :STMicroelectronics lwIP 2.0.3
2024-04-11 21:32:39,014 [INFO] ThirdParty:1030 - CMSIS Pack Vendor :STMicroelectronics FP-SNS-FLIGHT1 5.0.2
2024-04-11 21:32:39,014 [INFO] ThirdParty:1030 - CMSIS Pack Vendor :STMicroelectronics USB_HOST 1.0.0
2024-04-11 21:32:39,014 [INFO] ThirdParty:1030 - CMSIS Pack Vendor :STMicroelectronics X-CUBE-AZRTOS-G4 2.0.0
2024-04-11 21:32:39,014 [INFO] ThirdParty:1030 - CMSIS Pack Vendor :STMicroelectronics PDM2PCM 3.1.0
2024-04-11 21:32:39,014 [INFO] ThirdParty:1030 - CMSIS Pack Vendor :Infineon AIROC-Wi-Fi-Bluetooth-STM32 1.5.1
2024-04-11 21:32:39,014 [INFO] ThirdParty:1030 - CMSIS Pack Vendor :STMicroelectronics X-CUBE-BLEMGR 3.0.0
2024-04-11 21:32:39,014 [INFO] ThirdParty:1030 - CMSIS Pack Vendor :STMicroelectronics PDM2PCM 3.3.0
2024-04-11 21:32:39,014 [INFO] ThirdParty:1030 - CMSIS Pack Vendor :STMicroelectronics X-CUBE-DISPLAY 3.0.0
2024-04-11 21:32:39,014 [INFO] ThirdParty:1030 - CMSIS Pack Vendor :STMicroelectronics FP-SNS-MOTENVWB1 1.3.1
2024-04-11 21:32:39,014 [INFO] ThirdParty:1030 - CMSIS Pack Vendor :STMicroelectronics X-CUBE-BLE1 7.0.0
2024-04-11 21:32:39,014 [INFO] ThirdParty:1030 - CMSIS Pack Vendor :STMicroelectronics FP-ATR-SIGFOX1 3.2.0
2024-04-11 21:32:39,014 [INFO] ThirdParty:1030 - CMSIS Pack Vendor :STMicroelectronics X-CUBE-ISPU 2.0.0
2024-04-11 21:32:39,014 [INFO] ThirdParty:1030 - CMSIS Pack Vendor :STMicroelectronics X-CUBE-EEPRMA1 5.1.0
2024-04-11 21:32:39,014 [INFO] ThirdParty:1030 - CMSIS Pack Vendor :STMicroelectronics HAL Drivers 0.0.0
2024-04-11 21:32:39,014 [INFO] ThirdParty:1030 - CMSIS Pack Vendor :STMicroelectronics MBEDTLS 2.16.2
2024-04-11 21:32:39,014 [INFO] ThirdParty:1030 - CMSIS Pack Vendor :emotas I-CUBE-CANOPEN 1.3.0
2024-04-11 21:32:39,014 [INFO] ThirdParty:1030 - CMSIS Pack Vendor :STMicroelectronics X-CUBE-MEMS1 10.0.0
2024-04-11 21:32:39,014 [INFO] ThirdParty:1030 - CMSIS Pack Vendor :STMicroelectronics X-CUBE-FREERTOS 1.1.0
2024-04-11 21:32:39,014 [INFO] ThirdParty:1030 - CMSIS Pack Vendor :STMicroelectronics X-CUBE-NFC7 1.0.1
2024-04-11 21:32:39,014 [INFO] ThirdParty:1030 - CMSIS Pack Vendor :STMicroelectronics MBEDTLS 2.14.1
2024-04-11 21:32:39,014 [INFO] ThirdParty:1030 - CMSIS Pack Vendor :STMicroelectronics X-CUBE-NFC6 3.0.0
2024-04-11 21:32:39,014 [INFO] ThirdParty:1030 - CMSIS Pack Vendor :portGmbH I-Cube-SoM-uGOAL 1.1.0
2024-04-11 21:32:39,014 [INFO] ThirdParty:1030 - CMSIS Pack Vendor :STMicroelectronics X-CUBE-ALS 1.0.1
2024-04-11 21:32:39,014 [INFO] ThirdParty:1030 - CMSIS Pack Vendor :STMicroelectronics X-CUBE-BLEMGR 3.1.0
2024-04-11 21:32:39,014 [INFO] ThirdParty:1030 - CMSIS Pack Vendor :STMicroelectronics ThreadX 1.0.0
2024-04-11 21:32:39,014 [INFO] ThirdParty:1030 - CMSIS Pack Vendor :STMicroelectronics FP-SNS-SMARTAG2 1.2.0
2024-04-11 21:32:39,014 [INFO] ThirdParty:1030 - CMSIS Pack Vendor :STMicroelectronics X-CUBE-AZRTOS-WL 2.0.0
2024-04-11 21:32:39,014 [INFO] ThirdParty:1030 - CMSIS Pack Vendor :SEGGER I-CUBE-embOS 1.3.1
2024-04-11 21:32:39,014 [INFO] ThirdParty:1030 - CMSIS Pack Vendor :STMicroelectronics FP-SNS-MOTENV1 5.0.0
2024-04-11 21:32:39,014 [INFO] ThirdParty:1030 - CMSIS Pack Vendor :STMicroelectronics USB_DEVICE 1.0.0
2024-04-11 21:32:39,014 [INFO] ThirdParty:1030 - CMSIS Pack Vendor :STMicroelectronics X-CUBE-AI 8.1.0
2024-04-11 21:32:39,014 [INFO] ThirdParty:1030 - CMSIS Pack Vendor :STMicroelectronics X-CUBE-AZRTOS-L4 2.0.0
2024-04-11 21:32:39,014 [INFO] ThirdParty:1030 - CMSIS Pack Vendor :STMicroelectronics ThreadX 0.0.2
2024-04-11 21:32:39,014 [INFO] ThirdParty:1030 - CMSIS Pack Vendor :WES I-CUBE-Cesium 1.3.0
2024-04-11 21:32:39,014 [INFO] ThirdParty:1030 - CMSIS Pack Vendor :STMicroelectronics FP-ATR-ASTRA1 2.0.0
2024-04-11 21:32:39,014 [INFO] ThirdParty:1030 - CMSIS Pack Vendor :STMicroelectronics lwIP 2.1.2
2024-04-11 21:32:39,014 [INFO] ThirdParty:1030 - CMSIS Pack Vendor :STMicroelectronics X-CUBE-SFXS2LP1 4.0.0
2024-04-11 21:32:39,014 [INFO] ThirdParty:1030 - CMSIS Pack Vendor :STMicroelectronics X-CUBE-BLE2 3.3.0
2024-04-11 21:32:39,014 [INFO] ThirdParty:1030 - CMSIS Pack Vendor :STMicroelectronics X-CUBE-TOF1 3.4.0
2024-04-11 21:32:39,015 [INFO] ThirdParty:1030 - CMSIS Pack Vendor :STMicroelectronics X-CUBE-TOF1 3.4.1
2024-04-11 21:32:39,015 [INFO] ThirdParty:1030 - CMSIS Pack Vendor :STMicroelectronics X-CUBE-AZRTOS-H7 3.2.0
2024-04-11 21:32:39,015 [INFO] ThirdParty:1030 - CMSIS Pack Vendor :STMicroelectronics PDM2PCM 3.2.0
2024-04-11 21:32:39,015 [INFO] ThirdParty:841 - exiting critical section [change project]
2024-04-11 21:32:39,059 [INFO] PinOutPanel:1499 - setPackage(No Configuration,No Configuration)
2024-04-11 21:32:39,060 [INFO] PinOutPanel:1499 - setPackage(STM32L010RBTx,LQFP64)
2024-04-11 21:32:39,161 [INFO] UtilMem:75 - Before build in PCC Used Memory: 382217752 Bytes (584056832)
2024-04-11 21:32:39,280 [INFO] UtilMem:75 - After build in PCC Used Memory: 430978584 Bytes (584056832)
2024-04-11 21:32:39,288 [INFO] ApiDbMcu:508 - Load IP Config File for FATFS
2024-04-11 21:32:39,295 [INFO] IPUIPlugin:80 - create IPUIPlugin
2024-04-11 21:32:39,295 [INFO] IPUIPlugin:80 - create IPUIPlugin
2024-04-11 21:32:39,295 [INFO] IPUIPlugin:80 - create IPUIPlugin
2024-04-11 21:32:39,295 [INFO] IPUIPlugin:80 - create IPUIPlugin
2024-04-11 21:32:39,295 [INFO] IPUIPlugin:80 - create IPUIPlugin
2024-04-11 21:32:39,295 [INFO] IPUIPlugin:80 - create IPUIPlugin
2024-04-11 21:32:39,296 [INFO] IPUIPlugin:80 - create IPUIPlugin
2024-04-11 21:32:39,296 [INFO] IPUIPlugin:80 - create IPUIPlugin
2024-04-11 21:32:39,296 [INFO] IPUIPlugin:80 - create IPUIPlugin
2024-04-11 21:32:39,296 [INFO] IPUIPlugin:80 - create IPUIPlugin
2024-04-11 21:32:39,296 [INFO] IPUIPlugin:80 - create IPUIPlugin
2024-04-11 21:32:39,296 [INFO] IPUIPlugin:80 - create IPUIPlugin
2024-04-11 21:32:39,296 [INFO] IPUIPlugin:80 - create IPUIPlugin
2024-04-11 21:32:39,296 [INFO] IPUIPlugin:80 - create IPUIPlugin
2024-04-11 21:32:39,296 [INFO] IPUIPlugin:80 - create IPUIPlugin
2024-04-11 21:32:39,296 [INFO] IPUIPlugin:80 - create IPUIPlugin
2024-04-11 21:32:39,296 [INFO] IPUIPlugin:80 - create IPUIPlugin
2024-04-11 21:32:39,296 [INFO] IPUIPlugin:80 - create IPUIPlugin
2024-04-11 21:32:39,296 [INFO] IPUIPlugin:80 - create IPUIPlugin
2024-04-11 21:32:39,296 [INFO] IPUIPlugin:80 - create IPUIPlugin
2024-04-11 21:32:39,316 [INFO] CADModel:165 - CPN selected for project levelSTM32L010RBT6
2024-04-11 21:32:39,316 [INFO] CADModel:114 - Register for checkConnection events
2024-04-11 21:32:39,382 [INFO] OpenFileManager:343 - Restore cursor
2024-04-11 21:33:54,244 [INFO] UtilMem:75 - End SaveConfig() Used Memory: 330033440 Bytes (633339904)
2024-04-11 21:33:57,618 [INFO] UtilMem:75 - End SaveConfig() Used Memory: 212815288 Bytes (633339904)
2024-04-11 21:33:57,940 [INFO] BlockDiagram:2759 - set Specific Code input for plugin: ADC
2024-04-11 21:33:57,941 [INFO] BlockDiagram:2759 - set Specific Code input for plugin: SPI
2024-04-11 21:33:57,941 [INFO] BlockDiagram:2759 - set Specific Code input for plugin: NVIC
2024-04-11 21:33:57,941 [INFO] BlockDiagram:2759 - set Specific Code input for plugin: SYS
2024-04-11 21:33:57,941 [INFO] BlockDiagram:2759 - set Specific Code input for plugin: GPIO
2024-04-11 21:33:57,941 [INFO] BlockDiagram:2759 - set Specific Code input for plugin: RCC
2024-04-11 21:33:57,941 [INFO] BlockDiagram:2759 - set Specific Code input for plugin: FATFS
2024-04-11 21:33:57,941 [INFO] CodeGenerator:807 - code generatio: config db path: C:\Program Files (x86)\STM32CubeIDE_1.14.1\STM32CubeIDE\plugins\com.st.stm32cube.common.mx_6.10.0.202311202037\\db\
2024-04-11 21:33:58,164 [INFO] CodeEngine:255 - oldGeneratedFile, C:\Users\zlink\OneDrive\Documents\GitHub\Low_Powered_STM32_Project\Writing_Tool_Prototype\MXTmpFiles\license.tmp_save
2024-04-11 21:33:58,417 [INFO] CodeEngine:279 - Generated code: C:\Users\zlink\OneDrive\Documents\GitHub\Low_Powered_STM32_Project\Writing_Tool_Prototype\MXTmpFiles\license.tmp
2024-04-11 21:33:58,577 [INFO] CodeEngine:255 - oldGeneratedFile, C:\Users\zlink\OneDrive\Documents\GitHub\Low_Powered_STM32_Project\Writing_Tool_Prototype\MXTmpFiles\gpio.tmp_save
2024-04-11 21:33:58,718 [INFO] CodeEngine:279 - Generated code: C:\Users\zlink\OneDrive\Documents\GitHub\Low_Powered_STM32_Project\Writing_Tool_Prototype\MXTmpFiles\gpio.tmp
2024-04-11 21:33:58,905 [INFO] Middleware:1439 - No code input for Bsp Dependency
2024-04-11 21:33:58,915 [INFO] CodeEngine:255 - oldGeneratedFile, C:\Users\zlink\OneDrive\Documents\GitHub\Low_Powered_STM32_Project\Writing_Tool_Prototype\MXTmpFiles\fatfs_HalInit.tmp_save
2024-04-11 21:33:59,001 [INFO] CodeEngine:279 - Generated code: C:\Users\zlink\OneDrive\Documents\GitHub\Low_Powered_STM32_Project\Writing_Tool_Prototype\MXTmpFiles\fatfs_HalInit.tmp
2024-04-11 21:33:59,009 [INFO] CodeEngine:255 - oldGeneratedFile, C:\Users\zlink\OneDrive\Documents\GitHub\Low_Powered_STM32_Project\Writing_Tool_Prototype\MXTmpFiles\fatfs_vars.tmp_save
2024-04-11 21:33:59,063 [INFO] CodeEngine:279 - Generated code: C:\Users\zlink\OneDrive\Documents\GitHub\Low_Powered_STM32_Project\Writing_Tool_Prototype\MXTmpFiles\fatfs_vars.tmp
2024-04-11 21:33:59,071 [INFO] CodeEngine:255 - oldGeneratedFile, C:\Users\zlink\OneDrive\Documents\GitHub\Low_Powered_STM32_Project\Writing_Tool_Prototype\MXTmpFiles\fatfs_ext_vars.tmp_save
2024-04-11 21:33:59,119 [INFO] CodeEngine:279 - Generated code: C:\Users\zlink\OneDrive\Documents\GitHub\Low_Powered_STM32_Project\Writing_Tool_Prototype\MXTmpFiles\fatfs_ext_vars.tmp
2024-04-11 21:33:59,127 [INFO] CodeEngine:255 - oldGeneratedFile, C:\Users\zlink\OneDrive\Documents\GitHub\Low_Powered_STM32_Project\Writing_Tool_Prototype\MXTmpFiles\fatfs_inc.tmp_save
2024-04-11 21:33:59,182 [INFO] CodeEngine:279 - Generated code: C:\Users\zlink\OneDrive\Documents\GitHub\Low_Powered_STM32_Project\Writing_Tool_Prototype\MXTmpFiles\fatfs_inc.tmp
2024-04-11 21:33:59,186 [INFO] Middleware:1439 - No code input for Bsp Dependency
2024-04-11 21:33:59,194 [INFO] CodeEngine:255 - oldGeneratedFile, C:\Users\zlink\OneDrive\Documents\GitHub\Low_Powered_STM32_Project\Writing_Tool_Prototype\MXTmpFiles\fatfs_HalInit.tmp_save
2024-04-11 21:33:59,279 [INFO] CodeEngine:279 - Generated code: C:\Users\zlink\OneDrive\Documents\GitHub\Low_Powered_STM32_Project\Writing_Tool_Prototype\MXTmpFiles\fatfs_HalInit.tmp
2024-04-11 21:33:59,285 [INFO] CodeEngine:255 - oldGeneratedFile, C:\Users\zlink\OneDrive\Documents\GitHub\Low_Powered_STM32_Project\Writing_Tool_Prototype\MXTmpFiles\fatfs_vars.tmp_save
2024-04-11 21:33:59,320 [INFO] CodeEngine:279 - Generated code: C:\Users\zlink\OneDrive\Documents\GitHub\Low_Powered_STM32_Project\Writing_Tool_Prototype\MXTmpFiles\fatfs_vars.tmp
2024-04-11 21:33:59,324 [INFO] CodeEngine:255 - oldGeneratedFile, C:\Users\zlink\OneDrive\Documents\GitHub\Low_Powered_STM32_Project\Writing_Tool_Prototype\MXTmpFiles\fatfs_ext_vars.tmp_save
2024-04-11 21:33:59,363 [INFO] CodeEngine:279 - Generated code: C:\Users\zlink\OneDrive\Documents\GitHub\Low_Powered_STM32_Project\Writing_Tool_Prototype\MXTmpFiles\fatfs_ext_vars.tmp
2024-04-11 21:33:59,368 [INFO] CodeEngine:255 - oldGeneratedFile, C:\Users\zlink\OneDrive\Documents\GitHub\Low_Powered_STM32_Project\Writing_Tool_Prototype\MXTmpFiles\fatfs_inc.tmp_save
2024-04-11 21:33:59,408 [INFO] CodeEngine:279 - Generated code: C:\Users\zlink\OneDrive\Documents\GitHub\Low_Powered_STM32_Project\Writing_Tool_Prototype\MXTmpFiles\fatfs_inc.tmp
2024-04-11 21:33:59,432 [INFO] CodeEngine:255 - oldGeneratedFile, C:\Users\zlink\OneDrive\Documents\GitHub\Low_Powered_STM32_Project\Writing_Tool_Prototype\FATFS\Target\ffconf.h_save
2024-04-11 21:33:59,720 [INFO] CodeEngine:279 - Generated code: C:\Users\zlink\OneDrive\Documents\GitHub\Low_Powered_STM32_Project\Writing_Tool_Prototype\FATFS\Target\ffconf.h
2024-04-11 21:33:59,769 [INFO] CodeEngine:255 - oldGeneratedFile, C:\Users\zlink\OneDrive\Documents\GitHub\Low_Powered_STM32_Project\Writing_Tool_Prototype\FATFS\Target\user_diskio.c_save
2024-04-11 21:33:59,859 [INFO] CodeEngine:279 - Generated code: C:\Users\zlink\OneDrive\Documents\GitHub\Low_Powered_STM32_Project\Writing_Tool_Prototype\FATFS\Target\user_diskio.c
2024-04-11 21:33:59,896 [INFO] CodeEngine:255 - oldGeneratedFile, C:\Users\zlink\OneDrive\Documents\GitHub\Low_Powered_STM32_Project\Writing_Tool_Prototype\FATFS\Target\user_diskio.h_save
2024-04-11 21:33:59,992 [INFO] CodeEngine:279 - Generated code: C:\Users\zlink\OneDrive\Documents\GitHub\Low_Powered_STM32_Project\Writing_Tool_Prototype\FATFS\Target\user_diskio.h
2024-04-11 21:34:00,029 [INFO] CodeEngine:255 - oldGeneratedFile, C:\Users\zlink\OneDrive\Documents\GitHub\Low_Powered_STM32_Project\Writing_Tool_Prototype\FATFS\App\fatfs.c_save
2024-04-11 21:34:00,151 [INFO] CodeEngine:279 - Generated code: C:\Users\zlink\OneDrive\Documents\GitHub\Low_Powered_STM32_Project\Writing_Tool_Prototype\FATFS\App\fatfs.c
2024-04-11 21:34:00,190 [INFO] CodeEngine:255 - oldGeneratedFile, C:\Users\zlink\OneDrive\Documents\GitHub\Low_Powered_STM32_Project\Writing_Tool_Prototype\FATFS\App\fatfs.h_save
2024-04-11 21:34:00,309 [INFO] CodeEngine:279 - Generated code: C:\Users\zlink\OneDrive\Documents\GitHub\Low_Powered_STM32_Project\Writing_Tool_Prototype\FATFS\App\fatfs.h
2024-04-11 21:34:00,354 [INFO] CodeEngine:255 - oldGeneratedFile, C:\Users\zlink\OneDrive\Documents\GitHub\Low_Powered_STM32_Project\Writing_Tool_Prototype\Core\Src\stm32l0xx_it.c_save
2024-04-11 21:34:00,510 [INFO] CodeEngine:279 - Generated code: C:\Users\zlink\OneDrive\Documents\GitHub\Low_Powered_STM32_Project\Writing_Tool_Prototype\Core\Src\stm32l0xx_it.c
2024-04-11 21:34:00,540 [INFO] CodeEngine:255 - oldGeneratedFile, C:\Users\zlink\OneDrive\Documents\GitHub\Low_Powered_STM32_Project\Writing_Tool_Prototype\Core\Inc\stm32l0xx_it.h_save
2024-04-11 21:34:00,622 [INFO] CodeEngine:279 - Generated code: C:\Users\zlink\OneDrive\Documents\GitHub\Low_Powered_STM32_Project\Writing_Tool_Prototype\Core\Inc\stm32l0xx_it.h
2024-04-11 21:34:00,652 [INFO] CodeEngine:255 - oldGeneratedFile, C:\Users\zlink\OneDrive\Documents\GitHub\Low_Powered_STM32_Project\Writing_Tool_Prototype\Core\Src\stm32l0xx_hal_msp.c_save
2024-04-11 21:34:00,805 [INFO] CodeEngine:279 - Generated code: C:\Users\zlink\OneDrive\Documents\GitHub\Low_Powered_STM32_Project\Writing_Tool_Prototype\Core\Src\stm32l0xx_hal_msp.c
2024-04-11 21:34:00,836 [INFO] CodeEngine:255 - oldGeneratedFile, C:\Users\zlink\OneDrive\Documents\GitHub\Low_Powered_STM32_Project\Writing_Tool_Prototype\MXTmpFiles\system.tmp_save
2024-04-11 21:34:00,908 [INFO] CodeEngine:279 - Generated code: C:\Users\zlink\OneDrive\Documents\GitHub\Low_Powered_STM32_Project\Writing_Tool_Prototype\MXTmpFiles\system.tmp
2024-04-11 21:34:00,953 [INFO] CodeEngine:311 - oldGeneratedFile, C:\Users\zlink\OneDrive\Documents\GitHub\Low_Powered_STM32_Project\Writing_Tool_Prototype\Core\Inc\stm32l0xx_hal_conf.h_save
2024-04-11 21:34:01,121 [INFO] CodeEngine:335 - Generated code: C:\Users\zlink\OneDrive\Documents\GitHub\Low_Powered_STM32_Project\Writing_Tool_Prototype\Core\Inc\stm32l0xx_hal_conf.h
2024-04-11 21:34:01,205 [INFO] CodeEngine:255 - oldGeneratedFile, C:\Users\zlink\OneDrive\Documents\GitHub\Low_Powered_STM32_Project\Writing_Tool_Prototype\Core\Inc\main.h_save
2024-04-11 21:34:01,373 [INFO] CodeEngine:279 - Generated code: C:\Users\zlink\OneDrive\Documents\GitHub\Low_Powered_STM32_Project\Writing_Tool_Prototype\Core\Inc\main.h
2024-04-11 21:34:01,472 [INFO] CodeEngine:255 - oldGeneratedFile, C:\Users\zlink\OneDrive\Documents\GitHub\Low_Powered_STM32_Project\Writing_Tool_Prototype\Core\Src\main.c_save
2024-04-11 21:34:01,636 [INFO] CodeEngine:279 - Generated code: C:\Users\zlink\OneDrive\Documents\GitHub\Low_Powered_STM32_Project\Writing_Tool_Prototype\Core\Src\main.c
2024-04-11 21:34:02,046 [INFO] ProjectBuilder:3076 - Time for Copy HAL[1] : 202mS.
2024-04-11 21:34:02,051 [INFO] ProjectBuilder:4485 - Project Generator version: 4.2.0-B44
2024-04-11 21:34:02,243 [INFO] ConfigFileManager:1495 - The Die is : DIE447
2024-04-11 21:34:02,254 [INFO] ApiDbMcu:508 - Load IP Config File for FREERTOS
