2024-03-12 09:17:00,449 [ERROR] LogOutputStream:75 - [STDERR_REDIRECT] 
2024-03-25 15:03:00,290 [INFO] Activator:176 - 


2024-03-25 15:03:00,291 [INFO] Activator:177 - !SESSION log4j initialized
2024-03-25 15:03:04,959 [INFO] LogOutputStream:77 - [STDOUT_REDIRECT] 
2024-03-25 15:03:06,429 [INFO] ApplicationProperties:184 - Using Application install path: C:\Program Files (x86)\STM32CubeIDE_1.14.1\STM32CubeIDE\plugins\com.st.stm32cube.common.mx_6.10.0.202311202037
2024-03-25 15:03:06,487 [INFO] DbMcusXml:78 - Set database path to: C:\Program Files (x86)\STM32CubeIDE_1.14.1\STM32CubeIDE\plugins\com.st.stm32cube.common.mx_6.10.0.202311202037\\db\/mcu/
2024-03-25 15:03:06,489 [INFO] ApiDb:274 - Set plugin database path to: C:\Program Files (x86)\STM32CubeIDE_1.14.1\STM32CubeIDE\plugins\com.st.stm32cube.common.mx_6.10.0.202311202037\\db\/plugins/boardmanager/
2024-03-25 15:03:06,489 [WARN] ApiDb:259 - Overriding images path with different value:  => C:\Program Files (x86)\STM32CubeIDE_1.14.1\STM32CubeIDE\plugins\com.st.stm32cube.common.mx_6.10.0.202311202037\\db\/plugins/mcufinder/images/
2024-03-25 15:03:06,497 [INFO] ApiDb:250 - Set database path to: C:\Users\zlink\.stmcufinder\plugins\mcufinder//mcu/
2024-03-25 15:03:06,499 [INFO] DbMcusAds:125 - Set database path to: C:\Users\zlink\.stmcufinder\plugins\mcufinder//mcu/
2024-03-25 15:03:06,505 [INFO] CrossReferenceDbSqlite:203 - Set database path to: C:\Users\zlink\.stmcufinder\plugins\mcufinder//mcu/cs/
2024-03-25 15:03:06,813 [INFO] RulesReader:64 - Compatibility file has been processed (297 Rules)
2024-03-25 15:03:07,011 [INFO] DbMcusXml:78 - Set database path to: C:\Program Files (x86)\STM32CubeIDE_1.14.1\STM32CubeIDE\plugins\com.st.stm32cube.common.mx_6.10.0.202311202037\\db\/mcu/
2024-03-25 15:03:07,011 [INFO] ApiDb:274 - Set plugin database path to: C:\Program Files (x86)\STM32CubeIDE_1.14.1\STM32CubeIDE\plugins\com.st.stm32cube.common.mx_6.10.0.202311202037\\db\/plugins/boardmanager/
2024-03-25 15:03:07,011 [INFO] ApiDb:261 - Set plugin images path to: C:\Program Files (x86)\STM32CubeIDE_1.14.1\STM32CubeIDE\plugins\com.st.stm32cube.common.mx_6.10.0.202311202037\\db\/plugins/mcufinder/images/
2024-03-25 15:03:07,011 [WARN] DbFile:41 - Overriding database path with different value: C:\Users\zlink\.stmcufinder\plugins\mcufinder/ => C:\Users\zlink\.stmcufinder\plugins\mcufinder
2024-03-25 15:03:07,011 [INFO] ApiDb:250 - Set database path to: C:\Users\zlink\.stmcufinder\plugins\mcufinder//mcu/
2024-03-25 15:03:07,011 [WARN] DbFile:41 - Overriding database path with different value: C:\Users\zlink\.stmcufinder\plugins\mcufinder/ => C:\Users\zlink\.stmcufinder\plugins\mcufinder
2024-03-25 15:03:07,011 [INFO] DbMcusAds:125 - Set database path to: C:\Users\zlink\.stmcufinder\plugins\mcufinder//mcu/
2024-03-25 15:03:07,011 [WARN] DbFile:41 - Overriding database path with different value: C:\Users\zlink\.stmcufinder\plugins\mcufinder/ => C:\Users\zlink\.stmcufinder\plugins\mcufinder
2024-03-25 15:03:07,011 [WARN] DbFile:41 - Overriding database path with different value: C:\Users\zlink\.stmcufinder\plugins\mcufinder/ => C:\Users\zlink\.stmcufinder\plugins\mcufinder
2024-03-25 15:03:07,012 [INFO] CrossReferenceDbSqlite:203 - Set database path to: C:\Users\zlink\.stmcufinder\plugins\mcufinder//mcu/cs/
2024-03-25 15:03:07,184 [INFO] MainPanel:264 - HeapMemory: 268435456
2024-03-25 15:03:07,345 [INFO] DbMcusXml:78 - Set database path to: C:\Program Files (x86)\STM32CubeIDE_1.14.1\STM32CubeIDE\plugins\com.st.stm32cube.common.mx_6.10.0.202311202037\\db\/mcu/
2024-03-25 15:03:07,345 [INFO] ApiDb:274 - Set plugin database path to: C:\Program Files (x86)\STM32CubeIDE_1.14.1\STM32CubeIDE\plugins\com.st.stm32cube.common.mx_6.10.0.202311202037\\db\/plugins/boardmanager/
2024-03-25 15:03:07,345 [INFO] ApiDb:261 - Set plugin images path to: C:\Program Files (x86)\STM32CubeIDE_1.14.1\STM32CubeIDE\plugins\com.st.stm32cube.common.mx_6.10.0.202311202037\\db\/plugins/mcufinder/images/
2024-03-25 15:03:07,346 [WARN] DbFile:41 - Overriding database path with different value: C:\Users\zlink\.stmcufinder\plugins\mcufinder/ => C:\Users\zlink\.stmcufinder\plugins\mcufinder
2024-03-25 15:03:07,347 [INFO] ApiDb:250 - Set database path to: C:\Users\zlink\.stmcufinder\plugins\mcufinder//mcu/
2024-03-25 15:03:07,347 [WARN] DbFile:41 - Overriding database path with different value: C:\Users\zlink\.stmcufinder\plugins\mcufinder/ => C:\Users\zlink\.stmcufinder\plugins\mcufinder
2024-03-25 15:03:07,347 [INFO] DbMcusAds:125 - Set database path to: C:\Users\zlink\.stmcufinder\plugins\mcufinder//mcu/
2024-03-25 15:03:07,347 [WARN] DbFile:41 - Overriding database path with different value: C:\Users\zlink\.stmcufinder\plugins\mcufinder/ => C:\Users\zlink\.stmcufinder\plugins\mcufinder
2024-03-25 15:03:07,347 [WARN] DbFile:41 - Overriding database path with different value: C:\Users\zlink\.stmcufinder\plugins\mcufinder/ => C:\Users\zlink\.stmcufinder\plugins\mcufinder
2024-03-25 15:03:07,347 [INFO] CrossReferenceDbSqlite:203 - Set database path to: C:\Users\zlink\.stmcufinder\plugins\mcufinder//mcu/cs/
2024-03-25 15:03:07,373 [INFO] ApplicationProperties:184 - Using Application install path: C:\Program Files (x86)\STM32CubeIDE_1.14.1\STM32CubeIDE\plugins\com.st.stm32cube.common.mx_6.10.0.202311202037
2024-03-25 15:03:07,376 [INFO] PluginManage:196 - Search for loadable plugins [exclusion list=, ]
2024-03-25 15:03:07,378 [INFO] PluginManage:310 - Check plugin analytics
2024-03-25 15:03:07,597 [INFO] AnalyticsPlugin:253 - Accepted Software Licenses: 
2024-03-25 15:03:07,597 [INFO] AnalyticsPlugin:255 - Accepted CMSIS Pack Licenses: 
2024-03-25 15:03:07,597 [INFO] AnalyticsPlugin:257 - Accepted Firmware Licenses: 
2024-03-25 15:03:07,601 [INFO] PluginManage:359 - Loaded plugin analytics (category:tool,tabindex:-1)
2024-03-25 15:03:07,602 [INFO] PluginManage:310 - Check plugin cadmodel
2024-03-25 15:03:07,607 [INFO] CADModel:105 - Init CAD model plugin
2024-03-25 15:03:07,607 [INFO] PluginManage:359 - Loaded plugin cadmodel (category:power,tabindex:5)
2024-03-25 15:03:07,608 [INFO] PluginManage:310 - Check plugin clock
2024-03-25 15:03:07,620 [INFO] PluginManage:359 - Loaded plugin clock (category:base,tabindex:2)
2024-03-25 15:03:07,621 [INFO] PluginManage:310 - Check plugin ddr
2024-03-25 15:03:07,623 [INFO] PluginManage:359 - Loaded plugin ddr (category:tool,tabindex:6)
2024-03-25 15:03:07,623 [INFO] PluginManage:310 - Check plugin filemanager
2024-03-25 15:03:07,746 [INFO] PluginManage:359 - Loaded plugin filemanager (category:base,tabindex:10)
2024-03-25 15:03:07,746 [INFO] PluginManage:310 - Check plugin ipmanager
2024-03-25 15:03:07,751 [INFO] PluginManage:359 - Loaded plugin ipmanager (category:base,tabindex:5)
2024-03-25 15:03:07,751 [INFO] PluginManage:310 - Check plugin lpbam
2024-03-25 15:03:07,757 [INFO] PluginManage:359 - Loaded plugin lpbam (category:base,tabindex:0)
2024-03-25 15:03:07,757 [INFO] PluginManage:310 - Check plugin memorymap
2024-03-25 15:03:07,766 [INFO] PluginManage:359 - Loaded plugin memorymap (category:base,tabindex:4)
2024-03-25 15:03:07,766 [INFO] PluginManage:310 - Check plugin pinoutandconfiguration
2024-03-25 15:03:07,773 [INFO] PluginManage:359 - Loaded plugin pinoutandconfiguration (category:base,tabindex:1)
2024-03-25 15:03:07,773 [INFO] PluginManage:310 - Check plugin pinoutconfig
2024-03-25 15:03:07,849 [WARN] SupportedApi:132 - Cannot load RTOS API schema: s4s-elt-must-match.1: The content of 'definitions' must match (annotation?, (simpleType | complexType)?, (unique | key | keyref)*)). A problem was found starting at: attribute.
2024-03-25 15:03:07,963 [INFO] PluginManage:359 - Loaded plugin pinoutconfig (category:base,tabindex:0)
2024-03-25 15:03:07,963 [INFO] PluginManage:310 - Check plugin power
2024-03-25 15:03:07,974 [INFO] PluginManage:359 - Loaded plugin power (category:power,tabindex:4)
2024-03-25 15:03:07,975 [INFO] PluginManage:310 - Check plugin projectmanager
2024-03-25 15:03:07,997 [INFO] PluginManage:359 - Loaded plugin projectmanager (category:projectmanager,tabindex:3)
2024-03-25 15:03:07,997 [INFO] PluginManage:310 - Check plugin thirdparty
2024-03-25 15:03:08,106 [WARN] IntegrityCheckThread:84 - waiting for thirdparty lock release [integrity check]
2024-03-25 15:03:08,106 [INFO] IntegrityCheckThread:86 - entering critical section [integrity check]
2024-03-25 15:03:08,107 [INFO] PluginManage:359 - Loaded plugin thirdparty (category:base,tabindex:-1)
2024-03-25 15:03:08,107 [INFO] ThirdPartyUpdaterWithRetryManager:70 - Updater plugin not ready yet. [1/15]
2024-03-25 15:03:08,107 [INFO] PluginManage:310 - Check plugin tools
2024-03-25 15:03:08,110 [INFO] PluginManage:359 - Loaded plugin tools (category:base,tabindex:7)
2024-03-25 15:03:08,110 [INFO] PluginManage:310 - Check plugin tutovideos
2024-03-25 15:03:08,246 [INFO] PluginManage:359 - Loaded plugin tutovideos (category:base,tabindex:-1)
2024-03-25 15:03:08,246 [INFO] PluginManage:310 - Check plugin updater
2024-03-25 15:03:08,253 [INFO] PluginManage:359 - Loaded plugin updater (category:base,tabindex:12)
2024-03-25 15:03:08,253 [INFO] PluginManage:310 - Check plugin userauth
2024-03-25 15:03:08,257 [INFO] UserAuth:114 - Init User Auth plugin
2024-03-25 15:03:08,257 [INFO] PluginManage:359 - Loaded plugin userauth (category:base,tabindex:14)
2024-03-25 15:03:08,258 [INFO] PluginManage:283 - PluginManage : Loaded plugins [17]
2024-03-25 15:03:08,436 [INFO] PinOutPanel:1499 - setPackage(No Configuration,No Configuration)
2024-03-25 15:03:08,489 [INFO] CADModel:165 - CPN selected for project level
2024-03-25 15:03:08,489 [INFO] CADModel:114 - Register for checkConnection events
2024-03-25 15:03:08,501 [INFO] IPUIPlugin:80 - create IPUIPlugin
2024-03-25 15:03:08,501 [INFO] PluginManager:220 - loadIPPluginJar : add adc
2024-03-25 15:03:08,503 [INFO] IPUIPlugin:80 - create IPUIPlugin
2024-03-25 15:03:08,503 [INFO] PluginManager:220 - loadIPPluginJar : add aes
2024-03-25 15:03:08,506 [INFO] IPUIPlugin:80 - create IPUIPlugin
2024-03-25 15:03:08,506 [INFO] PluginManager:220 - loadIPPluginJar : add can
2024-03-25 15:03:08,507 [INFO] IPUIPlugin:80 - create IPUIPlugin
2024-03-25 15:03:08,507 [INFO] PluginManager:220 - loadIPPluginJar : add comp
2024-03-25 15:03:08,509 [INFO] IPUIPlugin:80 - create IPUIPlugin
2024-03-25 15:03:08,509 [INFO] PluginManager:220 - loadIPPluginJar : add cryp
2024-03-25 15:03:08,510 [INFO] IPUIPlugin:80 - create IPUIPlugin
2024-03-25 15:03:08,510 [INFO] PluginManager:220 - loadIPPluginJar : add dfsdm
2024-03-25 15:03:08,514 [INFO] IPUIPlugin:80 - create IPUIPlugin
2024-03-25 15:03:08,514 [INFO] PluginManager:220 - loadIPPluginJar : add dma
2024-03-25 15:03:08,515 [INFO] IPUIPlugin:80 - create IPUIPlugin
2024-03-25 15:03:08,516 [INFO] PluginManager:220 - loadIPPluginJar : add dma3
2024-03-25 15:03:08,517 [INFO] IPUIPlugin:80 - create IPUIPlugin
2024-03-25 15:03:08,517 [INFO] PluginManager:220 - loadIPPluginJar : add fatfs
2024-03-25 15:03:08,520 [INFO] IPUIPlugin:80 - create IPUIPlugin
2024-03-25 15:03:08,520 [INFO] PluginManager:220 - loadIPPluginJar : add fmc
2024-03-25 15:03:08,523 [INFO] IPUIPlugin:80 - create IPUIPlugin
2024-03-25 15:03:08,523 [INFO] PluginManager:220 - loadIPPluginJar : add freertos
2024-03-25 15:03:08,524 [INFO] IPUIPlugin:80 - create IPUIPlugin
2024-03-25 15:03:08,524 [INFO] PluginManager:220 - loadIPPluginJar : add genericplugin
2024-03-25 15:03:08,526 [INFO] IPUIPlugin:80 - create IPUIPlugin
2024-03-25 15:03:08,526 [INFO] PluginManager:220 - loadIPPluginJar : add gfxmmu
2024-03-25 15:03:08,530 [INFO] IPUIPlugin:80 - create IPUIPlugin
2024-03-25 15:03:08,530 [INFO] PluginManager:220 - loadIPPluginJar : add gic
2024-03-25 15:03:08,533 [INFO] IPUIPlugin:80 - create IPUIPlugin
2024-03-25 15:03:08,533 [INFO] PluginManager:220 - loadIPPluginJar : add gpio
2024-03-25 15:03:08,534 [INFO] IPUIPlugin:80 - create IPUIPlugin
2024-03-25 15:03:08,534 [INFO] PluginManager:220 - loadIPPluginJar : add gtzc
2024-03-25 15:03:08,535 [INFO] IPUIPlugin:80 - create IPUIPlugin
2024-03-25 15:03:08,535 [INFO] PluginManager:220 - loadIPPluginJar : add hash
2024-03-25 15:03:08,537 [INFO] IPUIPlugin:80 - create IPUIPlugin
2024-03-25 15:03:08,537 [INFO] PluginManager:220 - loadIPPluginJar : add i2c
2024-03-25 15:03:08,538 [INFO] IPUIPlugin:80 - create IPUIPlugin
2024-03-25 15:03:08,538 [INFO] PluginManager:220 - loadIPPluginJar : add i2s
2024-03-25 15:03:08,540 [INFO] IPUIPlugin:80 - create IPUIPlugin
2024-03-25 15:03:08,540 [INFO] PluginManager:220 - loadIPPluginJar : add i3c
2024-03-25 15:03:08,541 [INFO] IPUIPlugin:80 - create IPUIPlugin
2024-03-25 15:03:08,541 [INFO] PluginManager:220 - loadIPPluginJar : add ipddr
2024-03-25 15:03:08,546 [INFO] IPUIPlugin:80 - create IPUIPlugin
2024-03-25 15:03:08,546 [INFO] PluginManager:220 - loadIPPluginJar : add linkedlist
2024-03-25 15:03:08,548 [INFO] IPUIPlugin:80 - create IPUIPlugin
2024-03-25 15:03:08,548 [INFO] PluginManager:220 - loadIPPluginJar : add lorawan
2024-03-25 15:03:08,548 [INFO] IPUIPlugin:80 - create IPUIPlugin
2024-03-25 15:03:08,549 [INFO] PluginManager:220 - loadIPPluginJar : add ltdc
2024-03-25 15:03:08,552 [INFO] IPUIPlugin:80 - create IPUIPlugin
2024-03-25 15:03:08,553 [INFO] PluginManager:220 - loadIPPluginJar : add mdma
2024-03-25 15:03:08,561 [INFO] IPUIPlugin:80 - create IPUIPlugin
2024-03-25 15:03:08,561 [INFO] PluginManager:220 - loadIPPluginJar : add nvic
2024-03-25 15:03:08,563 [INFO] IPUIPlugin:80 - create IPUIPlugin
2024-03-25 15:03:08,563 [INFO] PluginManager:220 - loadIPPluginJar : add opamp
2024-03-25 15:03:08,564 [INFO] IPUIPlugin:80 - create IPUIPlugin
2024-03-25 15:03:08,564 [INFO] PluginManager:220 - loadIPPluginJar : add openamp
2024-03-25 15:03:08,566 [INFO] IPUIPlugin:80 - create IPUIPlugin
2024-03-25 15:03:08,566 [INFO] PluginManager:220 - loadIPPluginJar : add pdm2pcm
2024-03-25 15:03:08,569 [INFO] IPUIPlugin:80 - create IPUIPlugin
2024-03-25 15:03:08,571 [INFO] PluginManager:220 - loadIPPluginJar : add plateformsettings
2024-03-25 15:03:08,572 [INFO] IPUIPlugin:80 - create IPUIPlugin
2024-03-25 15:03:08,572 [INFO] PluginManager:220 - loadIPPluginJar : add quadspi
2024-03-25 15:03:08,573 [INFO] IPUIPlugin:80 - create IPUIPlugin
2024-03-25 15:03:08,573 [INFO] PluginManager:220 - loadIPPluginJar : add resmgrutility
2024-03-25 15:03:08,575 [INFO] IPUIPlugin:80 - create IPUIPlugin
2024-03-25 15:03:08,575 [INFO] PluginManager:220 - loadIPPluginJar : add sai
2024-03-25 15:03:08,576 [INFO] IPUIPlugin:80 - create IPUIPlugin
2024-03-25 15:03:08,576 [INFO] PluginManager:220 - loadIPPluginJar : add spi
2024-03-25 15:03:08,579 [INFO] IPUIPlugin:80 - create IPUIPlugin
2024-03-25 15:03:08,579 [INFO] PluginManager:220 - loadIPPluginJar : add stm32_wpan
2024-03-25 15:03:08,580 [INFO] IPUIPlugin:80 - create IPUIPlugin
2024-03-25 15:03:08,580 [INFO] PluginManager:220 - loadIPPluginJar : add tim
2024-03-25 15:03:08,581 [INFO] IPUIPlugin:80 - create IPUIPlugin
2024-03-25 15:03:08,581 [INFO] PluginManager:220 - loadIPPluginJar : add touchsensing
2024-03-25 15:03:08,583 [INFO] IPUIPlugin:80 - create IPUIPlugin
2024-03-25 15:03:08,583 [INFO] PluginManager:220 - loadIPPluginJar : add tracer_emb
2024-03-25 15:03:08,584 [INFO] IPUIPlugin:80 - create IPUIPlugin
2024-03-25 15:03:08,584 [INFO] PluginManager:220 - loadIPPluginJar : add ts
2024-03-25 15:03:08,585 [INFO] IPUIPlugin:80 - create IPUIPlugin
2024-03-25 15:03:08,585 [INFO] PluginManager:220 - loadIPPluginJar : add tsc
2024-03-25 15:03:08,586 [INFO] IPUIPlugin:80 - create IPUIPlugin
2024-03-25 15:03:08,586 [INFO] PluginManager:220 - loadIPPluginJar : add ucpd
2024-03-25 15:03:08,588 [INFO] IPUIPlugin:80 - create IPUIPlugin
2024-03-25 15:03:08,589 [INFO] PluginManager:220 - loadIPPluginJar : add usart
2024-03-25 15:03:08,590 [INFO] IPUIPlugin:80 - create IPUIPlugin
2024-03-25 15:03:08,590 [INFO] PluginManager:220 - loadIPPluginJar : add usbx
2024-03-25 15:03:08,712 [INFO] CADModel:165 - CPN selected for project level
2024-03-25 15:03:08,712 [INFO] CADModel:114 - Register for checkConnection events
2024-03-25 15:03:08,712 [FATAL] Updater:308 - Updater called before beeing initialized
2024-03-25 15:03:08,712 [ERROR] CADModel:125 - Updater not yet initialized, retry later 
2024-03-25 15:03:08,815 [INFO] CADModel:165 - CPN selected for project level
2024-03-25 15:03:08,815 [INFO] CADModel:114 - Register for checkConnection events
2024-03-25 15:03:08,816 [FATAL] Updater:308 - Updater called before beeing initialized
2024-03-25 15:03:08,816 [ERROR] CADModel:125 - Updater not yet initialized, retry later 
2024-03-25 15:03:08,818 [FATAL] Updater:308 - Updater called before beeing initialized
2024-03-25 15:03:08,894 [FATAL] Updater:308 - Updater called before beeing initialized
2024-03-25 15:03:08,898 [INFO] DbMcusAds:53 - JSON generation date=Wed Sep 29 23:55:09 PDT 2021 (1632984909247)
2024-03-25 15:03:08,898 [FATAL] Updater:308 - Updater called before beeing initialized
2024-03-25 15:03:08,926 [WARN] DetailPanel:346 - Failed to get advertising image, set to default
2024-03-25 15:03:09,000 [FATAL] Updater:308 - Updater called before beeing initialized
2024-03-25 15:03:09,001 [FATAL] Updater:308 - Updater called before beeing initialized
2024-03-25 15:03:09,001 [FATAL] Updater:308 - Updater called before beeing initialized
2024-03-25 15:03:09,001 [WARN] DetailPanel:346 - Failed to get advertising image, set to default
2024-03-25 15:03:09,002 [FATAL] Updater:308 - Updater called before beeing initialized
2024-03-25 15:03:09,035 [ERROR] Updater:1120 - MainUpdater not yet initialized. External WinMGr cannot be set.
2024-03-25 15:03:09,036 [INFO] Updater:1056 - Updater Version found : 6.10.0
2024-03-25 15:03:09,050 [INFO] ApplicationProperties:184 - Using Application install path: C:\Program Files (x86)\STM32CubeIDE_1.14.1\STM32CubeIDE\plugins\com.st.stm32cube.common.mx_6.10.0.202311202037
2024-03-25 15:03:10,613 [ERROR] LogOutputStream:75 - [STDERR_REDIRECT] Mar 25, 2024 3:03:10 PM java.util.prefs.WindowsPreferences <init>
2024-03-25 15:03:10,614 [ERROR] LogOutputStream:75 - [STDERR_REDIRECT] WARNING: Could not open/create prefs root node Software\JavaSoft\Prefs at root 0xffffffff80000002. Windows RegCreateKeyEx(...) returned error code 5.
2024-03-25 15:03:10,614 [ERROR] LogOutputStream:75 - [STDERR_REDIRECT] 
2024-03-25 15:03:10,809 [INFO] MainUpdater:2873 - connection check result : 10
2024-03-25 15:03:10,810 [INFO] MainUpdater:290 - Updater Check For Update Now.
2024-03-25 15:03:10,810 [INFO] MicroXplorer:498 - Change Database Version : DB.6.0.100
2024-03-25 15:03:10,821 [INFO] McuFinderGlobals:63 - Set McuFinder mode to 2 (CubeIDE integrated)
2024-03-25 15:03:10,821 [INFO] UserAuth:180 - activating auth plugin
2024-03-25 15:03:10,823 [INFO] UserAuth:404 - Internet connection configuration mode: 1
2024-03-25 15:03:10,853 [INFO] JxBrowserEngine:152 - Initiate JxBrowser Engine with user profile folder
2024-03-25 15:03:10,966 [INFO] CheckServerUpdateThread:120 - End of CheckServer Thread
2024-03-25 15:03:11,298 [WARN] PackLoader:240 - Cannot read IP mode file for STMicroelectronics.X-CUBE-SMBUS.2.1.0
2024-03-25 15:03:11,311 [WARN] PackLoader:240 - Cannot read IP mode file for STMicroelectronics.X-CUBE-TOUCHGFX.4.23.0
2024-03-25 15:03:11,364 [WARN] PackLoader:240 - Cannot read IP mode file for STMicroelectronics.X-CUBE-AZRTOS-F7.1.1.0
2024-03-25 15:03:11,384 [WARN] PackLoader:240 - Cannot read IP mode file for STMicroelectronics.FP-SNS-MOTENV1.4.3.2
2024-03-25 15:03:11,395 [WARN] PackLoader:240 - Cannot read IP mode file for STMicroelectronics.FP-SNS-FLIGHT1.5.0.2
2024-03-25 15:03:11,410 [WARN] PackLoader:240 - Cannot read IP mode file for STMicroelectronics.X-CUBE-DISPLAY.3.0.0
2024-03-25 15:03:11,431 [WARN] PackLoader:240 - Cannot read IP mode file for STMicroelectronics.X-CUBE-BLE1.7.0.0
2024-03-25 15:03:11,438 [WARN] PackLoader:240 - Cannot read IP mode file for emotas.I-CUBE-CANOPEN.1.3.0
2024-03-25 15:03:11,452 [WARN] PackLoader:240 - Cannot read IP mode file for STMicroelectronics.X-CUBE-BLEMGR.3.1.0
2024-03-25 15:03:11,460 [WARN] PackLoader:240 - Cannot read IP mode file for STMicroelectronics.FP-SNS-SMARTAG2.1.2.0
2024-03-25 15:03:11,476 [INFO] LogOutputStream:77 - [STDOUT_REDIRECT] 1 : Invalid condition id : UX_CORESTACK_Condition cause : null
2024-03-25 15:03:11,477 [INFO] LogOutputStream:77 - [STDOUT_REDIRECT] 1 : Invalid condition id : UX_CORESTACK_Condition cause : null
2024-03-25 15:03:11,479 [INFO] LogOutputStream:77 - [STDOUT_REDIRECT] 1 : Invalid condition id : UX_CORESTACK_Condition cause : null
2024-03-25 15:03:11,480 [INFO] LogOutputStream:77 - [STDOUT_REDIRECT] 1 : Invalid condition id : UX_CORESTACK_Condition cause : null
2024-03-25 15:03:11,481 [INFO] LogOutputStream:77 - [STDOUT_REDIRECT] 1 : Invalid condition id : UX_CORESTACK_Condition cause : null
2024-03-25 15:03:11,485 [WARN] PackLoader:240 - Cannot read IP mode file for STMicroelectronics.X-CUBE-AZRTOS-WL.2.0.0
2024-03-25 15:03:11,499 [WARN] PackLoader:240 - Cannot read IP mode file for WES.I-CUBE-Cesium.1.3.0
2024-03-25 15:03:11,505 [WARN] PackLoader:240 - Cannot read IP mode file for STMicroelectronics.X-CUBE-BLE2.3.3.0
2024-03-25 15:03:11,512 [WARN] PackLoader:240 - Cannot read IP mode file for STMicroelectronics.X-CUBE-ALGOBUILD.1.3.0
2024-03-25 15:03:11,535 [WARN] PackLoader:240 - Cannot read IP mode file for STMicroelectronics.X-CUBE-AZRTOS-G0.1.1.0
2024-03-25 15:03:11,543 [WARN] PackLoader:240 - Cannot read IP mode file for STMicroelectronics.X-CUBE-NFC4.3.0.0
2024-03-25 15:03:11,560 [WARN] PackLoader:240 - Cannot read IP mode file for STMicroelectronics.X-CUBE-BLEMGR.3.0.0
2024-03-25 15:03:11,566 [WARN] PackLoader:240 - Cannot read IP mode file for STMicroelectronics.FP-ATR-SIGFOX1.3.2.0
2024-03-25 15:03:11,573 [WARN] PackLoader:240 - Cannot read IP mode file for STMicroelectronics.X-CUBE-EEPRMA1.5.1.0
2024-03-25 15:03:11,608 [WARN] PackLoader:240 - Cannot read IP mode file for SEGGER.I-CUBE-embOS.1.3.1
2024-03-25 15:03:11,645 [WARN] PackLoader:240 - Cannot read IP mode file for STMicroelectronics.X-CUBE-GNSS1.6.0.0
2024-03-25 15:03:11,658 [WARN] PackLoader:240 - Cannot read IP mode file for STMicroelectronics.X-CUBE-AZRTOS-F4.1.1.0
2024-03-25 15:03:11,663 [WARN] PackLoader:240 - Cannot read IP mode file for wolfSSL.I-CUBE-wolfSSL.5.6.6
2024-03-25 15:03:11,679 [WARN] PackLoader:240 - Cannot read IP mode file for STMicroelectronics.X-CUBE-AZRTOS-L5.2.0.0
2024-03-25 15:03:11,686 [WARN] PackLoader:240 - Cannot read IP mode file for STMicroelectronics.X-CUBE-NFC6.3.1.0
2024-03-25 15:03:11,691 [WARN] PackLoader:240 - Cannot read IP mode file for ITTIA_DB.I-CUBE-ITTIADB.8.8.0
2024-03-25 15:03:11,695 [WARN] PackLoader:240 - Cannot read IP mode file for STMicroelectronics.X-CUBE-NFC7.1.0.1
2024-03-25 15:03:11,700 [WARN] PackLoader:240 - Cannot read IP mode file for STMicroelectronics.X-CUBE-NFC6.3.0.0
2024-03-25 15:03:11,705 [WARN] PackLoader:240 - Cannot read IP mode file for STMicroelectronics.X-CUBE-AI.8.1.0
2024-03-25 15:03:11,721 [WARN] ConditionMgr:438 - getConditionDescription Invalid condition id : LAN8742 Phy interface Condition cause : null
2024-03-25 15:03:11,722 [WARN] PackLoader:240 - Cannot read IP mode file for STMicroelectronics.X-CUBE-AZRTOS-L4.2.0.0
2024-03-25 15:03:11,724 [WARN] ConditionMgr:1039 - genDependencies : Invalid condition id : LAN8742 Phy interface Condition cause : null
2024-03-25 15:03:11,724 [WARN] ConditionMgr:1039 - genDependencies : Invalid condition id : LAN8742 Phy interface Condition cause : null
2024-03-25 15:03:11,724 [WARN] ConditionMgr:1039 - genDependencies : Invalid condition id : LAN8742 Phy interface Condition cause : null
2024-03-25 15:03:11,730 [WARN] PackLoader:240 - Cannot read IP mode file for STMicroelectronics.X-CUBE-SFXS2LP1.4.0.0
2024-03-25 15:03:11,743 [WARN] ConditionMgr:438 - getConditionDescription Invalid condition id : UX DEVICE CLASS RTOS Condition cause : null
2024-03-25 15:03:11,743 [WARN] ConditionMgr:438 - getConditionDescription Invalid condition id : UX DEVICE CLASS RTOS Condition cause : null
2024-03-25 15:03:11,745 [WARN] PackLoader:240 - Cannot read IP mode file for STMicroelectronics.X-CUBE-AZRTOS-WB.2.0.0
2024-03-25 15:03:11,750 [WARN] ConditionMgr:1039 - genDependencies : Invalid condition id : UX DEVICE CLASS RTOS Condition cause : null
2024-03-25 15:03:11,750 [WARN] ConditionMgr:1039 - genDependencies : Invalid condition id : UX DEVICE CLASS RTOS Condition cause : null
2024-03-25 15:03:11,751 [WARN] ConditionMgr:1039 - genDependencies : Invalid condition id : UX DEVICE CLASS RTOS Condition cause : null
2024-03-25 15:03:11,751 [WARN] ConditionMgr:1039 - genDependencies : Invalid condition id : UX DEVICE CLASS RTOS Condition cause : null
2024-03-25 15:03:11,751 [WARN] ConditionMgr:1039 - genDependencies : Invalid condition id : UX DEVICE CLASS RTOS Condition cause : null
2024-03-25 15:03:11,761 [WARN] PackLoader:240 - Cannot read IP mode file for STMicroelectronics.X-CUBE-SUBG2.5.0.0
2024-03-25 15:03:11,781 [WARN] PackLoader:240 - Cannot read IP mode file for STMicroelectronics.X-CUBE-AZRTOS-G4.2.0.0
2024-03-25 15:03:11,816 [WARN] PackLoader:240 - Cannot read IP mode file for Infineon.AIROC-Wi-Fi-Bluetooth-STM32.1.5.1
2024-03-25 15:03:11,824 [WARN] PackLoader:240 - Cannot read IP mode file for STMicroelectronics.FP-SNS-MOTENVWB1.1.3.1
2024-03-25 15:03:11,828 [WARN] PackLoader:240 - Cannot read IP mode file for STMicroelectronics.X-CUBE-ISPU.2.0.0
2024-03-25 15:03:11,856 [WARN] PackLoader:240 - Cannot read IP mode file for STMicroelectronics.X-CUBE-MEMS1.10.0.0
2024-03-25 15:03:11,911 [INFO] WebApp:161 - Instantiating new browser for Auth
2024-03-25 15:03:11,946 [WARN] PackLoader:240 - Cannot read IP mode file for STMicroelectronics.X-CUBE-FREERTOS.1.1.0
2024-03-25 15:03:11,951 [WARN] PackLoader:240 - Cannot read IP mode file for portGmbH.I-Cube-SoM-uGOAL.1.1.0
2024-03-25 15:03:11,957 [WARN] PackLoader:240 - Cannot read IP mode file for STMicroelectronics.X-CUBE-ALS.1.0.1
2024-03-25 15:03:11,967 [WARN] PackLoader:240 - Cannot read IP mode file for STMicroelectronics.FP-ATR-ASTRA1.2.0.0
2024-03-25 15:03:11,979 [WARN] PackLoader:240 - Cannot read IP mode file for STMicroelectronics.X-CUBE-TOF1.3.4.0
2024-03-25 15:03:12,001 [WARN] PackLoader:240 - Cannot read IP mode file for STMicroelectronics.X-CUBE-TOF1.3.4.1
2024-03-25 15:03:12,032 [WARN] PackLoader:240 - Cannot read IP mode file for STMicroelectronics.X-CUBE-AZRTOS-H7.3.2.0
2024-03-25 15:03:12,036 [INFO] ThirdParty:978 - Integrity check success = true
2024-03-25 15:03:12,036 [INFO] IntegrityCheckThread:100 - exiting critical section [integrity check]
2024-03-25 15:03:12,036 [INFO] IntegrityCheckThread:103 - End integrity checks thread
2024-03-25 15:03:13,013 [INFO] WebApp:780 - Register for checkConnection events
2024-03-25 15:03:13,013 [INFO] WebApp:414 - Apply proxy settings
2024-03-25 15:03:13,014 [INFO] WebApp:499 - Chromium requires no authentication
2024-03-25 15:03:13,017 [INFO] WebApp:442 - Direct internet connection detected
2024-03-25 15:03:13,100 [INFO] WebApp:192 - Starting web application
2024-03-25 15:03:13,100 [INFO] WebApp:544 - Web application path used C:\Program Files (x86)\STM32CubeIDE_1.14.1\STM32CubeIDE\plugins\com.st.stm32cube.common.mx_6.10.0.202311202037\db\plugins\mcufinder\reactClient1\index.html
2024-03-25 15:03:33,504 [ERROR] LogOutputStream:75 - [STDERR_REDIRECT] SLF4J: Failed to load class "org.slf4j.impl.StaticLoggerBinder".
2024-03-25 15:03:33,504 [ERROR] LogOutputStream:75 - [STDERR_REDIRECT] SLF4J: Defaulting to no-operation (NOP) logger implementation
2024-03-25 15:03:33,505 [ERROR] LogOutputStream:75 - [STDERR_REDIRECT] SLF4J: See http://www.slf4j.org/codes.html#StaticLoggerBinder for further details.
2024-03-25 21:32:01,295 [INFO] McuFinderGlobals:63 - Set McuFinder mode to 2 (CubeIDE integrated)
2024-03-25 21:32:01,624 [INFO] MainUpdater:2873 - connection check result : 10
2024-03-25 21:32:01,629 [INFO] MainUpdater:2873 - connection check result : 10
2024-03-25 21:32:01,732 [INFO] MicroXplorer:468 - Change Database Path : 
2024-03-25 21:32:01,732 [INFO] MicroXplorer:498 - Change Database Version : DB.6.0.100
2024-03-25 21:32:01,735 [WARN] ThirdParty:871 - waiting for thirdparty lock release [close project]
2024-03-25 21:32:01,735 [INFO] ThirdParty:873 - entering critical section [close project]
2024-03-25 21:32:01,747 [INFO] ThirdParty:883 - exiting critical section [close project]
2024-03-25 21:32:01,748 [INFO] PinOutPanel:1499 - setPackage(No Configuration,No Configuration)
2024-03-25 21:32:01,752 [INFO] UtilMem:75 - Begin LoadConfig() Used Memory: 313804360 Bytes (419430400)
2024-03-25 21:32:01,753 [INFO] MicroXplorer:468 - Change Database Path : 
2024-03-25 21:32:01,753 [INFO] MicroXplorer:498 - Change Database Version : DB.6.0.100
2024-03-25 21:32:01,753 [INFO] OpenFileManager:312 - Change cursor
2024-03-25 21:32:01,790 [INFO] Mcu:2016 - Initializing MCU STM32L010RBTx STM32L010RBTx STM32L010RBT6
2024-03-25 21:32:02,490 [INFO] Context:659 - Trying to add GPIOservice into a context  which must be forbidden
2024-03-25 21:32:02,680 [INFO] RtosManager:555 - Registered RTOS mode: class=CMSIS, group=RTOS, mode=CMSIS_V1, owner=FREERTOS
2024-03-25 21:32:02,680 [INFO] RtosManager:555 - Registered RTOS mode: class=CMSIS, group=RTOS2, mode=CMSIS_V2, owner=FREERTOS
2024-03-25 21:32:02,680 [INFO] RtosManager:555 - Registered RTOS mode: class=RTOS, group=Core, mode=CMSIS_V1, owner=FREERTOS
2024-03-25 21:32:02,680 [INFO] RtosManager:555 - Registered RTOS mode: class=RTOS, group=Core, mode=CMSIS_V2, owner=FREERTOS
2024-03-25 21:32:02,680 [WARN] ModelIntegratedComponent:184 - Missing modes for component STMicroelectronics:FreeRTOS:0.0.1:STMicroelectronics:RTOS:FreeRTOS:Core:::10.2.0:
2024-03-25 21:32:02,691 [WARN] ModelIntegratedComponent:63 - No mode defined for component null
2024-03-25 21:32:02,691 [WARN] ModelIntegratedComponent:63 - No mode defined for component null
2024-03-25 21:32:02,691 [WARN] ModelIntegratedComponent:63 - No mode defined for component null
2024-03-25 21:32:02,692 [WARN] ModelIntegratedComponent:63 - No mode defined for component null
2024-03-25 21:32:02,692 [WARN] ModelIntegratedComponent:63 - No mode defined for component null
2024-03-25 21:32:02,692 [WARN] ModelIntegratedComponent:63 - No mode defined for component null
2024-03-25 21:32:02,692 [WARN] ModelIntegratedComponent:63 - No mode defined for component null
2024-03-25 21:32:02,692 [WARN] ModelIntegratedComponent:63 - No mode defined for component null
2024-03-25 21:32:02,692 [WARN] ModelIntegratedComponent:63 - No mode defined for component null
2024-03-25 21:32:02,692 [WARN] ModelIntegratedComponent:63 - No mode defined for component null
2024-03-25 21:32:02,692 [WARN] ModelIntegratedComponent:63 - No mode defined for component null
2024-03-25 21:32:02,692 [WARN] ModelIntegratedComponent:63 - No mode defined for component null
2024-03-25 21:32:02,692 [WARN] ModelIntegratedComponent:63 - No mode defined for component null
2024-03-25 21:32:02,692 [WARN] ModelIntegratedComponent:63 - No mode defined for component null
2024-03-25 21:32:02,692 [WARN] ModelIntegratedComponent:63 - No mode defined for component null
2024-03-25 21:32:02,692 [WARN] ModelIntegratedComponent:63 - No mode defined for component null
2024-03-25 21:32:02,692 [WARN] ModelIntegratedComponent:63 - No mode defined for component null
2024-03-25 21:32:02,692 [WARN] ModelIntegratedComponent:63 - No mode defined for component null
2024-03-25 21:32:02,692 [WARN] ModelIntegratedComponent:63 - No mode defined for component null
2024-03-25 21:32:02,692 [WARN] ModelIntegratedComponent:63 - No mode defined for component null
2024-03-25 21:32:02,692 [WARN] ModelIntegratedComponent:63 - No mode defined for component null
2024-03-25 21:32:02,692 [WARN] ModelIntegratedComponent:63 - No mode defined for component null
2024-03-25 21:32:02,692 [WARN] ModelIntegratedComponent:63 - No mode defined for component null
2024-03-25 21:32:02,692 [WARN] ModelIntegratedComponent:63 - No mode defined for component null
2024-03-25 21:32:02,692 [WARN] ModelIntegratedComponent:63 - No mode defined for component null
2024-03-25 21:32:02,692 [WARN] ModelIntegratedComponent:63 - No mode defined for component null
2024-03-25 21:32:02,692 [WARN] ModelIntegratedComponent:63 - No mode defined for component null
2024-03-25 21:32:02,692 [WARN] ModelIntegratedComponent:63 - No mode defined for component null
2024-03-25 21:32:02,692 [WARN] ModelIntegratedComponent:63 - No mode defined for component null
2024-03-25 21:32:02,692 [WARN] ModelIntegratedComponent:63 - No mode defined for component null
2024-03-25 21:32:02,692 [WARN] ModelIntegratedComponent:63 - No mode defined for component null
2024-03-25 21:32:02,692 [WARN] ModelIntegratedComponent:63 - No mode defined for component null
2024-03-25 21:32:02,692 [WARN] ModelIntegratedComponent:63 - No mode defined for component null
2024-03-25 21:32:02,753 [INFO] ThirdPartyModel:298 - Start build external matchings
2024-03-25 21:32:02,913 [INFO] ThirdPartyModel:316 - End build external matchings
2024-03-25 21:32:03,095 [INFO] UtilMem:75 - End LoadConfig() Used Memory: 180113400 Bytes (419430400)
2024-03-25 21:32:03,184 [INFO] ApiDb:581 - Connected to CubeFinder SQLite database (C:\Users\zlink\.stmcufinder\plugins\mcufinder\mcu\cube-finder-db.db)
2024-03-25 21:32:03,243 [INFO] ApiDb:668 - CubeFinder database Data Model version=2.1
2024-03-25 21:32:03,243 [INFO] ApiDb:669 - CubeFinder database Configuration version=3.0.39
2024-03-25 21:32:03,244 [INFO] ApiDb:670 - CubeFinder database generation date=2023-11-06 (1699269565)
2024-03-25 21:32:03,244 [INFO] ApiDb:671 - CubeFinder database FW Pack versions=[FP-ATR-ASTRA1_V2.0.0, FP-SNS-FLIGHT1_V5.0.1, FP-SNS-FLIGHT1_V5.0.2, FP-SNS-MOTENV1_V4.3.1, FP-SNS-MOTENV1_V4.3.2, FP-SNS-MOTENVWB1_V1.3.0, FP-SNS-SMARTAG2_V1.2.0, STM32Cube_FW_C0_V1.1.0, STM32Cube_FW_F4_V1.28.0, STM32Cube_FW_F7_V1.17.0, STM32Cube_FW_G0_V1.6.1, STM32Cube_FW_G4_V1.5.1, STM32Cube_FW_H5_V0.5.1, STM32Cube_FW_H5_V1.1.1, STM32Cube_FW_H5_V1.2.0RC2, STM32Cube_FW_H7_V1.11.0, STM32Cube_FW_L0_V1.12.2, STM32Cube_FW_L5_V1.5.0, STM32Cube_FW_U5_V1.3.0RC4, STM32Cube_FW_U5_V1.4.0, STM32Cube_FW_WBA_V1.0.0RC1, STM32Cube_FW_WBA_V1.1.0RC1, STM32Cube_FW_WBA_V1.2.0, STM32Cube_FW_WBA_V1.2.0RC2, STM32Cube_FW_WB_V1.15.0RC1, STM32Cube_FW_WB_V1.16.0, STM32Cube_FW_WB_V1.16.0RC2, STM32Cube_FW_WB_V1.18.0, STM32Cube_FW_WL_V1.3.0, X-CUBE-ALGOBUILD_V1.3.0, X-CUBE-ALS_V1.0.1, X-CUBE-AZRTOS-F4_V1.1.0, X-CUBE-AZRTOS-F7_V1.1.0, X-CUBE-AZRTOS-G0_V1.1.0, X-CUBE-AZRTOS-G4_V2.0.0, X-CUBE-AZRTOS-H7_V3.1.0, X-CUBE-AZRTOS-L4_V1.0.0, X-CUBE-AZRTOS-L4_V2.0.0, X-CUBE-AZRTOS-L5_V1.1.0, X-CUBE-AZRTOS-WB_V2.0.0, X-CUBE-AZRTOS-WL_V2.0.0, X-CUBE-BLE1_V7.0.0, X-CUBE-BLE2_V3.3.0, X-CUBE-BLEMGR_V2.0.0, X-CUBE-EEPRMA1_V4.1.0, X-CUBE-EEPRMA1_V4.2.0, X-CUBE-FREERTOS_V1.1.0, X-CUBE-GNSS1_V6.0.0, X-CUBE-MEMS1_V10.0.0, X-CUBE-MEMS1_V9.1.0, X-CUBE-MEMS1_V9.4.0, X-CUBE-MEMS1_V9.6.0, X-CUBE-NFC4_V3.0.0, X-CUBE-NFC7_V1.0.1, X-CUBE-SFXS2LP1_V4.0.0, X-CUBE-SUBG2_V5.0.0, X-CUBE-TOF1_V3.3.1]
2024-03-25 21:32:04,725 [INFO] ApiDb:240 - Found 371 in-development CPN: [B-G473E-ZEST1S, B-WB1M-WPAN1, B-WL5M-SUBG1, NUCLEO-C031C6, NUCLEO-H503RB, NUCLEO-H563ZI, NUCLEO-U545RE-Q, NUCLEO-U5A5ZJ-Q, NUCLEO-WBA52CG, NUCLEO-WBA55CG, STEVAL-MKBOXPRO, STEVAL-PROTEUS1, STEVAL-STWINBX1, STM320518-EVAL, STM32C0116-DK, STM32C011D6Y3TR, STM32C011D6Y6TR, STM32C011F4P3, STM32C011F4P6, STM32C011F4U3, STM32C011F4U6TR, STM32C011F6P3, STM32C011F6P6, STM32C011F6U3, STM32C011F6U6TR, STM32C011J4M3, STM32C011J4M6, STM32C011J6M3, STM32C011J6M6, STM32C0316-DK, STM32C031C4T3, STM32C031C4T6, STM32C031C4U3, STM32C031C4U6, STM32C031C6T3, STM32C031C6T6, STM32C031C6U3, STM32C031C6U6, STM32C031F4P3, STM32C031F4P6, STM32C031F6P3, STM32C031F6P6, STM32C031G4U3, STM32C031G4U6, STM32C031G6U3, STM32C031G6U6, STM32C031K4T3, STM32C031K4T6, STM32C031K4U3, STM32C031K4U6, STM32C031K6T3, STM32C031K6T6, STM32C031K6U3, STM32C031K6U6, STM32G071K8TXN, STM32G071K8UXN, STM32G081GBU6N, STM32G081KBT6N, STM32G081KBUXN, STM32G0B1CCT6N, STM32G0B1KCT6, STM32G0B1NEY6TR, STM32G0B1RCT6N, STM32G0C1CCT6, STM32G0C1CCT6N, STM32G0C1CCU6N, STM32G0C1CET6N, STM32G0C1CEU6N, STM32G0C1KCT6, STM32G0C1NEY6TR, STM32G0C1RCI6N, STM32G0C1RCT6N, STM32G0C1REI6N, STM32G0C1RET6N, STM32G0C1VCI6, STM32G0C1VEI6, STM32G471CCT6, STM32G471CCU6, STM32G471CET3, STM32G471CET6, STM32G471CEU3, STM32G471CEU6, STM32G471MCT6, STM32G471MET3, STM32G471MET6, STM32G471MEY6TR, STM32G471QCT6, STM32G471QET3, STM32G471RCT6, STM32G471RET3, STM32G471RET6, STM32G471VCH6, STM32G471VCI6, STM32G471VCT6, STM32G471VEH3, STM32G471VEH6, STM32G471VEI3, STM32G471VEI6, STM32G471VET3, STM32G471VET6, STM32G474CCT6, STM32H503CBT6, STM32H503CBU6, STM32H503EBY6TR, STM32H503KBU6, STM32H503RBT6, STM32H562AGI6, STM32H562AII6, STM32H562IGK6, STM32H562IGT6, STM32H562IIK6, STM32H562IIT6, STM32H562RGT6, STM32H562RGV6, STM32H562RIT6, STM32H562RIV6, STM32H562VGT6, STM32H562VIT6, STM32H562ZGT6, STM32H562ZIT6, STM32H563AGI6, STM32H563AII3Q, STM32H563AII6, STM32H563IGK6, STM32H563IGT6, STM32H563IIK3Q, STM32H563IIK6, STM32H563IIT3Q, STM32H563IIT6, STM32H563MIY3QTR, STM32H563RGT6, STM32H563RGV6, STM32H563RIT6, STM32H563RIV6, STM32H563VGT6, STM32H563VIT3Q, STM32H563VIT6, STM32H563ZGT6, STM32H563ZIT3Q, STM32H563ZIT6, STM32H573AII3Q, STM32H573AII6, STM32H573I-DK, STM32H573IIK3Q, STM32H573IIK6, STM32H573IIT3Q, STM32H573IIT6, STM32H573MIY3QTR, STM32H573RIT6, STM32H573RIV6, STM32H573VIT3Q, STM32H573VIT6, STM32H573ZIT3Q, STM32H573ZIT6, STM32L4R5QGI6STR, STM32MP131AAE3, STM32MP131AAF3, STM32MP131AAG3, STM32MP131CAE3, STM32MP131CAF3, STM32MP131CAG3, STM32MP131DAE7, STM32MP131DAF7, STM32MP131DAG7, STM32MP131FAE7, STM32MP131FAF7, STM32MP131FAG7, STM32MP133AAE3, STM32MP133AAF3, STM32MP133AAG3, STM32MP133CAE3, STM32MP133CAF3, STM32MP133CAG3, STM32MP133DAE7, STM32MP133DAF7, STM32MP133DAG7, STM32MP133FAE7, STM32MP133FAF7, STM32MP133FAG7, STM32MP135AAE3, STM32MP135AAF3, STM32MP135AAG3, STM32MP135CAE3, STM32MP135CAF3, STM32MP135CAG3, STM32MP135DAE7, STM32MP135DAF7, STM32MP135DAG7, STM32MP135F-DK, STM32MP135FAE7, STM32MP135FAF7, STM32MP135FAF7T, STM32MP135FAF7U, STM32MP135FAG7, STM32U535CBT6, STM32U535CBT6Q, STM32U535CBU6, STM32U535CBU6Q, STM32U535CCT6, STM32U535CCT6Q, STM32U535CCU6, STM32U535CCU6Q, STM32U535CET6, STM32U535CET6Q, STM32U535CEU6, STM32U535CEU6Q, STM32U535JEY6QTR, STM32U535NCY6QTR, STM32U535NEY6QTR, STM32U535RBI6, STM32U535RBI6Q, STM32U535RBT6, STM32U535RBT6Q, STM32U535RCI6, STM32U535RCI6Q, STM32U535RCT6, STM32U535RCT6Q, STM32U535REI6, STM32U535REI6Q, STM32U535RET6, STM32U535RET6Q, STM32U535VCI6, STM32U535VCI6Q, STM32U535VCT6, STM32U535VCT6Q, STM32U535VEI6, STM32U535VEI6Q, STM32U535VET6, STM32U535VET6Q, STM32U545CET6, STM32U545CET6Q, STM32U545CEU6, STM32U545CEU6Q, STM32U545JEY6QTR, STM32U545NEY6QTR, STM32U545REI6, STM32U545REI6Q, STM32U545RET6, STM32U545RET6Q, STM32U545VEI6, STM32U545VEI6Q, STM32U545VET6, STM32U545VET6Q, STM32U595AIH6, STM32U595AIH6Q, STM32U595AJH6, STM32U595AJH6Q, STM32U595QII6, STM32U595QII6Q, STM32U595QJI6, STM32U595QJI6Q, STM32U595RIT6, STM32U595RIT6Q, STM32U595RJT6, STM32U595RJT6Q, STM32U595VIT6, STM32U595VIT6Q, STM32U595VJT6, STM32U595VJT6Q, STM32U595ZIT6, STM32U595ZIT6Q, STM32U595ZIY6QTR, STM32U595ZJT6, STM32U595ZJT6Q, STM32U595ZJY6QTR, STM32U599BJY6QTR, STM32U599NIH6Q, STM32U599NJH6Q, STM32U599VIT6Q, STM32U599VJT6, STM32U599VJT6Q, STM32U599ZIT6Q, STM32U599ZIY6QTR, STM32U599ZJT6Q, STM32U599ZJY6QTR, STM32U5A5AJH6, STM32U5A5AJH6Q, STM32U5A5QJI6, STM32U5A5QJI6Q, STM32U5A5RJT6, STM32U5A5RJT6Q, STM32U5A5VJT6, STM32U5A5VJT6Q, STM32U5A5ZJT6, STM32U5A5ZJT6Q, STM32U5A5ZJY6QTR, STM32U5A9BJY6QTR, STM32U5A9J-DK, STM32U5A9NJH6Q, STM32U5A9VJT6Q, STM32U5A9ZJT6Q, STM32U5A9ZJY6QTR, STM32U5F7VIT6, STM32U5F7VIT6Q, STM32U5F7VJT6, STM32U5F7VJT6Q, STM32U5F9BJY6QTR, STM32U5F9NJH6Q, STM32U5F9VIT6Q, STM32U5F9VJT6Q, STM32U5F9ZIJ6QTR, STM32U5F9ZIT6Q, STM32U5F9ZJJ6QTR, STM32U5F9ZJT6Q, STM32U5G7VJT6, STM32U5G7VJT6Q, STM32U5G9BJY6QTR, STM32U5G9J-DK1, STM32U5G9J-DK2, STM32U5G9NJH6Q, STM32U5G9VJT6Q, STM32U5G9ZJJ6QTR, STM32U5G9ZJT6Q, STM32WB1MMCH6, STM32WBA50KEU6, STM32WBA50KEU6TR, STM32WBA50KGU6, STM32WBA50KGU6TR, STM32WBA52CEU6, STM32WBA52CEU6TR, STM32WBA52CEU7, STM32WBA52CEU7TR, STM32WBA52CGU6, STM32WBA52CGU6TR, STM32WBA52CGU6U, STM32WBA52CGU7, STM32WBA52CGU7TR, STM32WBA52KEU6, STM32WBA52KEU6TR, STM32WBA52KGU6, STM32WBA52KGU6TR, STM32WBA54CEU6, STM32WBA54CEU6TR, STM32WBA54CEU7, STM32WBA54CEU7TR, STM32WBA54CGU6, STM32WBA54CGU6TR, STM32WBA54CGU7, STM32WBA54CGU7TR, STM32WBA54KEU6, STM32WBA54KEU6TR, STM32WBA54KEU7, STM32WBA54KEU7TR, STM32WBA54KGU6, STM32WBA54KGU6TR, STM32WBA54KGU7, STM32WBA54KGU7TR, STM32WBA55CEU6, STM32WBA55CEU6TR, STM32WBA55CEU7, STM32WBA55CEU7TR, STM32WBA55CGU6, STM32WBA55CGU6TR, STM32WBA55CGU6U, STM32WBA55CGU7, STM32WBA55CGU7TR, STM32WBA55G-DK1, STM32WBA55HEF6, STM32WBA55HEF7, STM32WBA55HGF6, STM32WBA55HGF7, STM32WBA55UEI6, STM32WBA55UEI6TR, STM32WBA55UEI7, STM32WBA55UEI7TR, STM32WBA55UGI6, STM32WBA55UGI6TR, STM32WBA55UGI7, STM32WBA55UGI7TR, STM32WL5MOCH6, STM32WL5MOCH6TR]
2024-03-25 21:32:04,731 [INFO] DbMcus:218 - Found 3930 MCUs, 3930 are supported
2024-03-25 21:32:04,731 [INFO] ApiDb:414 - User favorites file not found: C:\Users\zlink/.stm32cubeide/favorites.mcus.txt
2024-03-25 21:32:04,731 [INFO] DbMcus:224 - Set 0 / 0 favorites MCUs
2024-03-25 21:32:04,928 [INFO] MicroXplorer:468 - Change Database Path : 
2024-03-25 21:32:04,928 [INFO] MicroXplorer:498 - Change Database Version : DB.6.0.100
2024-03-25 21:32:04,928 [WARN] ThirdParty:833 - waiting for thirdparty lock release [change project]
2024-03-25 21:32:04,928 [INFO] ThirdParty:835 - entering critical section [change project]
2024-03-25 21:32:04,929 [INFO] ThirdParty:1030 - CMSIS Pack Vendor :STMicroelectronics USBPD 4.1
2024-03-25 21:32:04,929 [INFO] ThirdParty:1030 - CMSIS Pack Vendor :STMicroelectronics X-CUBE-GNSS1 6.0.0
2024-03-25 21:32:04,929 [INFO] ThirdParty:1030 - CMSIS Pack Vendor :STMicroelectronics USB_HOST 2.0.0
2024-03-25 21:32:04,929 [INFO] ThirdParty:1030 - CMSIS Pack Vendor :STMicroelectronics X-CUBE-AZRTOS-F4 1.1.0
2024-03-25 21:32:04,929 [INFO] ThirdParty:1030 - CMSIS Pack Vendor :STMicroelectronics LIBJPEG 8.0.0
2024-03-25 21:32:04,929 [INFO] ThirdParty:1030 - CMSIS Pack Vendor :STMicroelectronics X-CUBE-SMBUS 2.1.0
2024-03-25 21:32:04,929 [INFO] ThirdParty:1030 - CMSIS Pack Vendor :STMicroelectronics USB_DEVICE 3.0.0
2024-03-25 21:32:04,929 [INFO] ThirdParty:1030 - CMSIS Pack Vendor :STMicroelectronics X-CUBE-AZRTOS-WB 2.0.0
2024-03-25 21:32:04,929 [INFO] ThirdParty:1030 - CMSIS Pack Vendor :wolfSSL I-CUBE-wolfSSL 5.6.6
2024-03-25 21:32:04,929 [INFO] ThirdParty:1030 - CMSIS Pack Vendor :STMicroelectronics X-CUBE-TOUCHGFX 4.23.0
2024-03-25 21:32:04,929 [INFO] ThirdParty:1030 - CMSIS Pack Vendor :STMicroelectronics X-CUBE-AZRTOS-F7 1.1.0
2024-03-25 21:32:04,929 [INFO] ThirdParty:1030 - CMSIS Pack Vendor :STMicroelectronics X-CUBE-AZRTOS-L5 2.0.0
2024-03-25 21:32:04,929 [INFO] ThirdParty:1030 - CMSIS Pack Vendor :STMicroelectronics USB_DEVICE 2.0.0
2024-03-25 21:32:04,929 [INFO] ThirdParty:1030 - CMSIS Pack Vendor :STMicroelectronics X-CUBE-NFC6 3.1.0
2024-03-25 21:32:04,929 [INFO] ThirdParty:1030 - CMSIS Pack Vendor :ITTIA_DB I-CUBE-ITTIADB 8.8.0
2024-03-25 21:32:04,929 [INFO] ThirdParty:1030 - CMSIS Pack Vendor :STMicroelectronics FP-SNS-MOTENV1 4.3.2
2024-03-25 21:32:04,929 [INFO] ThirdParty:1030 - CMSIS Pack Vendor :STMicroelectronics X-CUBE-ALGOBUILD 1.3.0
2024-03-25 21:32:04,929 [INFO] ThirdParty:1030 - CMSIS Pack Vendor :STMicroelectronics FreeRTOS 0.0.1
2024-03-25 21:32:04,929 [INFO] ThirdParty:1030 - CMSIS Pack Vendor :STMicroelectronics X-CUBE-AZRTOS-G0 1.1.0
2024-03-25 21:32:04,929 [INFO] ThirdParty:1030 - CMSIS Pack Vendor :STMicroelectronics X-CUBE-NFC4 3.0.0
2024-03-25 21:32:04,929 [INFO] ThirdParty:1030 - CMSIS Pack Vendor :STMicroelectronics X-CUBE-SUBG2 5.0.0
2024-03-25 21:32:04,929 [INFO] ThirdParty:1030 - CMSIS Pack Vendor :STMicroelectronics STM32_WPAN 1.0.0
2024-03-25 21:32:04,929 [INFO] ThirdParty:1030 - CMSIS Pack Vendor :STMicroelectronics lwIP 2.0.3
2024-03-25 21:32:04,929 [INFO] ThirdParty:1030 - CMSIS Pack Vendor :STMicroelectronics FP-SNS-FLIGHT1 5.0.2
2024-03-25 21:32:04,929 [INFO] ThirdParty:1030 - CMSIS Pack Vendor :STMicroelectronics USB_HOST 1.0.0
2024-03-25 21:32:04,929 [INFO] ThirdParty:1030 - CMSIS Pack Vendor :STMicroelectronics X-CUBE-AZRTOS-G4 2.0.0
2024-03-25 21:32:04,929 [INFO] ThirdParty:1030 - CMSIS Pack Vendor :STMicroelectronics PDM2PCM 3.1.0
2024-03-25 21:32:04,929 [INFO] ThirdParty:1030 - CMSIS Pack Vendor :Infineon AIROC-Wi-Fi-Bluetooth-STM32 1.5.1
2024-03-25 21:32:04,929 [INFO] ThirdParty:1030 - CMSIS Pack Vendor :STMicroelectronics X-CUBE-BLEMGR 3.0.0
2024-03-25 21:32:04,929 [INFO] ThirdParty:1030 - CMSIS Pack Vendor :STMicroelectronics PDM2PCM 3.3.0
2024-03-25 21:32:04,929 [INFO] ThirdParty:1030 - CMSIS Pack Vendor :STMicroelectronics X-CUBE-DISPLAY 3.0.0
2024-03-25 21:32:04,929 [INFO] ThirdParty:1030 - CMSIS Pack Vendor :STMicroelectronics FP-SNS-MOTENVWB1 1.3.1
2024-03-25 21:32:04,929 [INFO] ThirdParty:1030 - CMSIS Pack Vendor :STMicroelectronics X-CUBE-BLE1 7.0.0
2024-03-25 21:32:04,929 [INFO] ThirdParty:1030 - CMSIS Pack Vendor :STMicroelectronics FP-ATR-SIGFOX1 3.2.0
2024-03-25 21:32:04,929 [INFO] ThirdParty:1030 - CMSIS Pack Vendor :STMicroelectronics X-CUBE-ISPU 2.0.0
2024-03-25 21:32:04,929 [INFO] ThirdParty:1030 - CMSIS Pack Vendor :STMicroelectronics X-CUBE-EEPRMA1 5.1.0
2024-03-25 21:32:04,929 [INFO] ThirdParty:1030 - CMSIS Pack Vendor :STMicroelectronics HAL Drivers 0.0.0
2024-03-25 21:32:04,929 [INFO] ThirdParty:1030 - CMSIS Pack Vendor :STMicroelectronics MBEDTLS 2.16.2
2024-03-25 21:32:04,929 [INFO] ThirdParty:1030 - CMSIS Pack Vendor :emotas I-CUBE-CANOPEN 1.3.0
2024-03-25 21:32:04,929 [INFO] ThirdParty:1030 - CMSIS Pack Vendor :STMicroelectronics X-CUBE-MEMS1 10.0.0
2024-03-25 21:32:04,929 [INFO] ThirdParty:1030 - CMSIS Pack Vendor :STMicroelectronics X-CUBE-FREERTOS 1.1.0
2024-03-25 21:32:04,929 [INFO] ThirdParty:1030 - CMSIS Pack Vendor :STMicroelectronics X-CUBE-NFC7 1.0.1
2024-03-25 21:32:04,929 [INFO] ThirdParty:1030 - CMSIS Pack Vendor :STMicroelectronics MBEDTLS 2.14.1
2024-03-25 21:32:04,929 [INFO] ThirdParty:1030 - CMSIS Pack Vendor :STMicroelectronics X-CUBE-NFC6 3.0.0
2024-03-25 21:32:04,929 [INFO] ThirdParty:1030 - CMSIS Pack Vendor :portGmbH I-Cube-SoM-uGOAL 1.1.0
2024-03-25 21:32:04,929 [INFO] ThirdParty:1030 - CMSIS Pack Vendor :STMicroelectronics X-CUBE-ALS 1.0.1
2024-03-25 21:32:04,930 [INFO] ThirdParty:1030 - CMSIS Pack Vendor :STMicroelectronics X-CUBE-BLEMGR 3.1.0
2024-03-25 21:32:04,930 [INFO] ThirdParty:1030 - CMSIS Pack Vendor :STMicroelectronics ThreadX 1.0.0
2024-03-25 21:32:04,930 [INFO] ThirdParty:1030 - CMSIS Pack Vendor :STMicroelectronics FP-SNS-SMARTAG2 1.2.0
2024-03-25 21:32:04,930 [INFO] ThirdParty:1030 - CMSIS Pack Vendor :STMicroelectronics X-CUBE-AZRTOS-WL 2.0.0
2024-03-25 21:32:04,930 [INFO] ThirdParty:1030 - CMSIS Pack Vendor :SEGGER I-CUBE-embOS 1.3.1
2024-03-25 21:32:04,930 [INFO] ThirdParty:1030 - CMSIS Pack Vendor :STMicroelectronics USB_DEVICE 1.0.0
2024-03-25 21:32:04,930 [INFO] ThirdParty:1030 - CMSIS Pack Vendor :STMicroelectronics X-CUBE-AI 8.1.0
2024-03-25 21:32:04,930 [INFO] ThirdParty:1030 - CMSIS Pack Vendor :STMicroelectronics X-CUBE-AZRTOS-L4 2.0.0
2024-03-25 21:32:04,930 [INFO] ThirdParty:1030 - CMSIS Pack Vendor :STMicroelectronics ThreadX 0.0.2
2024-03-25 21:32:04,930 [INFO] ThirdParty:1030 - CMSIS Pack Vendor :WES I-CUBE-Cesium 1.3.0
2024-03-25 21:32:04,930 [INFO] ThirdParty:1030 - CMSIS Pack Vendor :STMicroelectronics FP-ATR-ASTRA1 2.0.0
2024-03-25 21:32:04,930 [INFO] ThirdParty:1030 - CMSIS Pack Vendor :STMicroelectronics lwIP 2.1.2
2024-03-25 21:32:04,930 [INFO] ThirdParty:1030 - CMSIS Pack Vendor :STMicroelectronics X-CUBE-SFXS2LP1 4.0.0
2024-03-25 21:32:04,930 [INFO] ThirdParty:1030 - CMSIS Pack Vendor :STMicroelectronics X-CUBE-BLE2 3.3.0
2024-03-25 21:32:04,930 [INFO] ThirdParty:1030 - CMSIS Pack Vendor :STMicroelectronics X-CUBE-TOF1 3.4.0
2024-03-25 21:32:04,930 [INFO] ThirdParty:1030 - CMSIS Pack Vendor :STMicroelectronics X-CUBE-TOF1 3.4.1
2024-03-25 21:32:04,930 [INFO] ThirdParty:1030 - CMSIS Pack Vendor :STMicroelectronics X-CUBE-AZRTOS-H7 3.2.0
2024-03-25 21:32:04,930 [INFO] ThirdParty:1030 - CMSIS Pack Vendor :STMicroelectronics PDM2PCM 3.2.0
2024-03-25 21:32:04,930 [INFO] ThirdParty:841 - exiting critical section [change project]
2024-03-25 21:32:05,106 [INFO] PinOutPanel:1499 - setPackage(No Configuration,No Configuration)
2024-03-25 21:32:05,107 [INFO] PinOutPanel:1499 - setPackage(STM32L010RBTx,LQFP64)
2024-03-25 21:32:05,555 [INFO] UtilMem:75 - Before build in PCC Used Memory: 216046560 Bytes (419430400)
2024-03-25 21:32:06,468 [INFO] UtilMem:75 - After build in PCC Used Memory: 284204000 Bytes (419430400)
2024-03-25 21:32:06,488 [INFO] IPUIPlugin:80 - create IPUIPlugin
2024-03-25 21:32:06,488 [INFO] IPUIPlugin:80 - create IPUIPlugin
2024-03-25 21:32:06,488 [INFO] IPUIPlugin:80 - create IPUIPlugin
2024-03-25 21:32:06,488 [INFO] IPUIPlugin:80 - create IPUIPlugin
2024-03-25 21:32:06,488 [INFO] IPUIPlugin:80 - create IPUIPlugin
2024-03-25 21:32:06,488 [INFO] IPUIPlugin:80 - create IPUIPlugin
2024-03-25 21:32:06,488 [INFO] IPUIPlugin:80 - create IPUIPlugin
2024-03-25 21:32:06,488 [INFO] IPUIPlugin:80 - create IPUIPlugin
2024-03-25 21:32:06,488 [INFO] IPUIPlugin:80 - create IPUIPlugin
2024-03-25 21:32:06,489 [INFO] IPUIPlugin:80 - create IPUIPlugin
2024-03-25 21:32:06,489 [INFO] IPUIPlugin:80 - create IPUIPlugin
2024-03-25 21:32:06,489 [INFO] IPUIPlugin:80 - create IPUIPlugin
2024-03-25 21:32:06,489 [INFO] IPUIPlugin:80 - create IPUIPlugin
2024-03-25 21:32:06,489 [INFO] IPUIPlugin:80 - create IPUIPlugin
2024-03-25 21:32:06,489 [INFO] IPUIPlugin:80 - create IPUIPlugin
2024-03-25 21:32:06,489 [INFO] IPUIPlugin:80 - create IPUIPlugin
2024-03-25 21:32:06,489 [INFO] IPUIPlugin:80 - create IPUIPlugin
2024-03-25 21:32:06,489 [INFO] IPUIPlugin:80 - create IPUIPlugin
2024-03-25 21:32:06,490 [INFO] IPUIPlugin:80 - create IPUIPlugin
2024-03-25 21:32:06,490 [INFO] IPUIPlugin:80 - create IPUIPlugin
2024-03-25 21:32:06,751 [INFO] CADModel:165 - CPN selected for project levelSTM32L010RBT6
2024-03-25 21:32:06,751 [INFO] CADModel:114 - Register for checkConnection events
2024-03-25 21:32:06,806 [INFO] OpenFileManager:343 - Restore cursor
2024-03-25 21:32:17,221 [INFO] IPUIPlugin:80 - create IPUIPlugin
2024-03-25 21:32:17,222 [INFO] IPUIPlugin:80 - create IPUIPlugin
2024-03-25 21:32:17,222 [INFO] IPUIPlugin:80 - create IPUIPlugin
2024-03-25 21:32:17,222 [INFO] IPUIPlugin:80 - create IPUIPlugin
2024-03-25 21:32:17,252 [INFO] IPUIPlugin:80 - create IPUIPlugin
2024-03-25 22:04:25,145 [INFO] MainUpdater:2873 - connection check result : 10
2024-03-25 22:04:25,146 [INFO] MainUpdater:2873 - connection check result : 10
2024-03-25 22:04:25,307 [INFO] MicroXplorer:468 - Change Database Path : 
2024-03-25 22:04:25,307 [INFO] MicroXplorer:498 - Change Database Version : DB.6.0.100
2024-03-25 22:04:25,328 [ERROR] ProjectManagerView:394 - 
java.lang.NullPointerException: Cannot invoke "javax.swing.JTextField.getText()" because the return value of "java.util.List.get(int)" is null
	at com.st.microxplorer.plugins.projectmanager.gui.ProjectChoiceTab$10.caretUpdate(ProjectChoiceTab.java:2493) ~[filemanager.jar:?]
	at javax.swing.text.JTextComponent.fireCaretUpdate(JTextComponent.java:412) ~[?:?]
	at javax.swing.text.JTextComponent$MutableCaretEvent.fire(JTextComponent.java:4491) ~[?:?]
	at javax.swing.text.JTextComponent$MutableCaretEvent.stateChanged(JTextComponent.java:4513) ~[?:?]
	at javax.swing.text.DefaultCaret.fireStateChanged(DefaultCaret.java:842) ~[?:?]
	at javax.swing.text.DefaultCaret.changeCaretPosition(DefaultCaret.java:1313) ~[?:?]
	at javax.swing.text.DefaultCaret.handleSetDot(DefaultCaret.java:1212) ~[?:?]
	at javax.swing.text.DefaultCaret.setDot(DefaultCaret.java:1193) ~[?:?]
	at javax.swing.text.DefaultCaret$Handler.insertUpdate(DefaultCaret.java:1789) ~[?:?]
	at javax.swing.text.AbstractDocument.fireInsertUpdate(AbstractDocument.java:226) ~[?:?]
	at javax.swing.text.AbstractDocument.handleInsertString(AbstractDocument.java:780) ~[?:?]
	at javax.swing.text.AbstractDocument.insertString(AbstractDocument.java:739) ~[?:?]
	at javax.swing.text.PlainDocument.insertString(PlainDocument.java:131) ~[?:?]
	at javax.swing.text.AbstractDocument.replace(AbstractDocument.java:698) ~[?:?]
	at javax.swing.text.JTextComponent.setText(JTextComponent.java:1729) ~[?:?]
	at com.st.microxplorer.plugins.projectmanager.gui.ProjectChoiceTab.createHeapStackFields(ProjectChoiceTab.java:933) ~[filemanager.jar:?]
	at com.st.microxplorer.plugins.projectmanager.gui.ProjectChoiceTab.buildLinkSettingsPanel(ProjectChoiceTab.java:3426) ~[filemanager.jar:?]
	at com.st.microxplorer.plugins.projectmanager.gui.ProjectChoiceTab.defineWindowsFields(ProjectChoiceTab.java:1813) ~[filemanager.jar:?]
	at com.st.microxplorer.plugins.projectmanager.gui.ProjectChoiceTab.updateSettings(ProjectChoiceTab.java:533) ~[filemanager.jar:?]
	at com.st.microxplorer.plugins.projectmanager.gui.ProjectSettingsPanel.UpdateDialog(ProjectSettingsPanel.java:244) ~[filemanager.jar:?]
	at com.st.microxplorer.plugins.projectmanager.ProjectManagerView.propertyChange(ProjectManagerView.java:391) ~[filemanager.jar:?]
	at java.beans.PropertyChangeSupport.fire(PropertyChangeSupport.java:343) ~[?:?]
	at java.beans.PropertyChangeSupport.firePropertyChange(PropertyChangeSupport.java:335) ~[?:?]
	at java.beans.PropertyChangeSupport.firePropertyChange(PropertyChangeSupport.java:268) ~[?:?]
	at com.st.microxplorer.util.MXPropertyChangeSupport.firePropertyChange(MXPropertyChangeSupport.java:54) ~[STM32CubeMX.jar:?]
	at com.st.microxplorer.mxsystem.MxSystem.closeConfig(MxSystem.java:900) ~[STM32CubeMX.jar:?]
	at com.st.microxplorer.maingui.MainPanel.closeConfig(MainPanel.java:776) ~[STM32CubeMX.jar:?]
	at com.st.microxplorer.plugins.filemanager.engine.OpenFileManager.loadConfigurationFile(OpenFileManager.java:245) ~[filemanager.jar:?]
	at com.st.microxplorer.plugins.filemanager.engine.MainFileManager.userLoadConfig(MainFileManager.java:290) ~[filemanager.jar:?]
	at com.st.microxplorer.plugins.filemanager.FileManagerView.getSpecificTask(FileManagerView.java:247) ~[filemanager.jar:?]
	at com.st.stm32cube.common.mx.editor.CubeMxEditor.getMxTabbedPaneInstance(CubeMxEditor.java:1184) ~[com.st.stm32cube.common.mx_6.10.0.202311202037/:?]
	at com.st.stm32cube.common.mx.editor.CubeMxEditor$12$1.createSwingComponent(CubeMxEditor.java:1065) ~[com.st.stm32cube.common.mx_6.10.0.202311202037/:?]
	at com.st.stm32cube.common.mx.oss.core.awtswtbridge.EmbeddedSwingComposite.doComponentCreation(EmbeddedSwingComposite.java:492) ~[com.st.stm32cube.common.mx.oss_6.10.0.202311202037/:?]
	at com.st.stm32cube.common.mx.oss.core.awtswtbridge.EmbeddedSwingComposite$4.run(EmbeddedSwingComposite.java:291) ~[com.st.stm32cube.common.mx.oss_6.10.0.202311202037/:?]
	at com.st.stm32cube.common.mx.oss.core.awtswtbridge.AwtEnvironment$2.run(AwtEnvironment.java:166) ~[com.st.stm32cube.common.mx.oss_6.10.0.202311202037/:?]
	at java.awt.event.InvocationEvent.dispatch(InvocationEvent.java:318) ~[?:?]
	at java.awt.EventQueue.dispatchEventImpl(EventQueue.java:773) ~[?:?]
	at java.awt.EventQueue$4.run(EventQueue.java:720) ~[?:?]
	at java.awt.EventQueue$4.run(EventQueue.java:714) ~[?:?]
	at java.security.AccessController.doPrivileged(AccessController.java:399) ~[?:?]
	at java.security.ProtectionDomain$JavaSecurityAccessImpl.doIntersectionPrivilege(ProtectionDomain.java:86) ~[?:?]
	at java.awt.EventQueue.dispatchEvent(EventQueue.java:742) ~[?:?]
	at java.awt.EventDispatchThread.pumpOneEventForFilters(EventDispatchThread.java:203) ~[?:?]
	at java.awt.EventDispatchThread.pumpEventsForFilter(EventDispatchThread.java:124) ~[?:?]
	at java.awt.EventDispatchThread.pumpEventsForHierarchy(EventDispatchThread.java:113) ~[?:?]
	at java.awt.EventDispatchThread.pumpEvents(EventDispatchThread.java:109) ~[?:?]
	at java.awt.EventDispatchThread.pumpEvents(EventDispatchThread.java:101) ~[?:?]
	at java.awt.EventDispatchThread.run(EventDispatchThread.java:90) ~[?:?]
2024-03-25 22:04:25,335 [WARN] ThirdParty:871 - waiting for thirdparty lock release [close project]
2024-03-25 22:04:25,335 [INFO] ThirdParty:873 - entering critical section [close project]
2024-03-25 22:04:25,335 [INFO] ThirdParty:883 - exiting critical section [close project]
2024-03-25 22:04:25,336 [INFO] PinOutPanel:1499 - setPackage(No Configuration,No Configuration)
2024-03-25 22:04:25,342 [INFO] UtilMem:75 - Begin LoadConfig() Used Memory: 494191976 Bytes (663748608)
2024-03-25 22:04:25,342 [INFO] MicroXplorer:468 - Change Database Path : 
2024-03-25 22:04:25,342 [INFO] MicroXplorer:498 - Change Database Version : DB.6.0.100
2024-03-25 22:04:25,342 [INFO] OpenFileManager:312 - Change cursor
2024-03-25 22:04:25,355 [INFO] Mcu:2016 - Initializing MCU STM32L010RBTx STM32L010RBTx STM32L010RBT6
2024-03-25 22:04:25,735 [INFO] Context:659 - Trying to add GPIOservice into a context  which must be forbidden
2024-03-25 22:04:25,838 [INFO] RtosManager:555 - Registered RTOS mode: class=CMSIS, group=RTOS, mode=CMSIS_V1, owner=FREERTOS
2024-03-25 22:04:25,838 [INFO] RtosManager:555 - Registered RTOS mode: class=CMSIS, group=RTOS2, mode=CMSIS_V2, owner=FREERTOS
2024-03-25 22:04:25,839 [INFO] RtosManager:555 - Registered RTOS mode: class=RTOS, group=Core, mode=CMSIS_V1, owner=FREERTOS
2024-03-25 22:04:25,839 [INFO] RtosManager:555 - Registered RTOS mode: class=RTOS, group=Core, mode=CMSIS_V2, owner=FREERTOS
2024-03-25 22:04:25,839 [WARN] ModelIntegratedComponent:184 - Missing modes for component STMicroelectronics:FreeRTOS:0.0.1:STMicroelectronics:RTOS:FreeRTOS:Core:::10.2.0:
2024-03-25 22:04:25,844 [WARN] ModelIntegratedComponent:63 - No mode defined for component null
2024-03-25 22:04:25,844 [WARN] ModelIntegratedComponent:63 - No mode defined for component null
2024-03-25 22:04:25,844 [WARN] ModelIntegratedComponent:63 - No mode defined for component null
2024-03-25 22:04:25,844 [WARN] ModelIntegratedComponent:63 - No mode defined for component null
2024-03-25 22:04:25,844 [WARN] ModelIntegratedComponent:63 - No mode defined for component null
2024-03-25 22:04:25,844 [WARN] ModelIntegratedComponent:63 - No mode defined for component null
2024-03-25 22:04:25,844 [WARN] ModelIntegratedComponent:63 - No mode defined for component null
2024-03-25 22:04:25,844 [WARN] ModelIntegratedComponent:63 - No mode defined for component null
2024-03-25 22:04:25,844 [WARN] ModelIntegratedComponent:63 - No mode defined for component null
2024-03-25 22:04:25,844 [WARN] ModelIntegratedComponent:63 - No mode defined for component null
2024-03-25 22:04:25,844 [WARN] ModelIntegratedComponent:63 - No mode defined for component null
2024-03-25 22:04:25,844 [WARN] ModelIntegratedComponent:63 - No mode defined for component null
2024-03-25 22:04:25,844 [WARN] ModelIntegratedComponent:63 - No mode defined for component null
2024-03-25 22:04:25,844 [WARN] ModelIntegratedComponent:63 - No mode defined for component null
2024-03-25 22:04:25,844 [WARN] ModelIntegratedComponent:63 - No mode defined for component null
2024-03-25 22:04:25,844 [WARN] ModelIntegratedComponent:63 - No mode defined for component null
2024-03-25 22:04:25,844 [WARN] ModelIntegratedComponent:63 - No mode defined for component null
2024-03-25 22:04:25,844 [WARN] ModelIntegratedComponent:63 - No mode defined for component null
2024-03-25 22:04:25,844 [WARN] ModelIntegratedComponent:63 - No mode defined for component null
2024-03-25 22:04:25,845 [WARN] ModelIntegratedComponent:63 - No mode defined for component null
2024-03-25 22:04:25,845 [WARN] ModelIntegratedComponent:63 - No mode defined for component null
2024-03-25 22:04:25,845 [WARN] ModelIntegratedComponent:63 - No mode defined for component null
2024-03-25 22:04:25,845 [WARN] ModelIntegratedComponent:63 - No mode defined for component null
2024-03-25 22:04:25,845 [WARN] ModelIntegratedComponent:63 - No mode defined for component null
2024-03-25 22:04:25,845 [WARN] ModelIntegratedComponent:63 - No mode defined for component null
2024-03-25 22:04:25,845 [WARN] ModelIntegratedComponent:63 - No mode defined for component null
2024-03-25 22:04:25,845 [WARN] ModelIntegratedComponent:63 - No mode defined for component null
2024-03-25 22:04:25,845 [WARN] ModelIntegratedComponent:63 - No mode defined for component null
2024-03-25 22:04:25,845 [WARN] ModelIntegratedComponent:63 - No mode defined for component null
2024-03-25 22:04:25,845 [WARN] ModelIntegratedComponent:63 - No mode defined for component null
2024-03-25 22:04:25,845 [WARN] ModelIntegratedComponent:63 - No mode defined for component null
2024-03-25 22:04:25,845 [WARN] ModelIntegratedComponent:63 - No mode defined for component null
2024-03-25 22:04:25,845 [WARN] ModelIntegratedComponent:63 - No mode defined for component null
2024-03-25 22:04:25,889 [INFO] ThirdPartyModel:298 - Start build external matchings
2024-03-25 22:04:26,042 [INFO] ThirdPartyModel:316 - End build external matchings
2024-03-25 22:04:26,108 [INFO] ApiDb:668 - CubeFinder database Data Model version=2.1
2024-03-25 22:04:26,108 [INFO] ApiDb:669 - CubeFinder database Configuration version=3.0.39
2024-03-25 22:04:26,108 [INFO] ApiDb:670 - CubeFinder database generation date=2023-11-06 (1699269565)
2024-03-25 22:04:26,108 [INFO] ApiDb:671 - CubeFinder database FW Pack versions=[FP-ATR-ASTRA1_V2.0.0, FP-SNS-FLIGHT1_V5.0.1, FP-SNS-FLIGHT1_V5.0.2, FP-SNS-MOTENV1_V4.3.1, FP-SNS-MOTENV1_V4.3.2, FP-SNS-MOTENVWB1_V1.3.0, FP-SNS-SMARTAG2_V1.2.0, STM32Cube_FW_C0_V1.1.0, STM32Cube_FW_F4_V1.28.0, STM32Cube_FW_F7_V1.17.0, STM32Cube_FW_G0_V1.6.1, STM32Cube_FW_G4_V1.5.1, STM32Cube_FW_H5_V0.5.1, STM32Cube_FW_H5_V1.1.1, STM32Cube_FW_H5_V1.2.0RC2, STM32Cube_FW_H7_V1.11.0, STM32Cube_FW_L0_V1.12.2, STM32Cube_FW_L5_V1.5.0, STM32Cube_FW_U5_V1.3.0RC4, STM32Cube_FW_U5_V1.4.0, STM32Cube_FW_WBA_V1.0.0RC1, STM32Cube_FW_WBA_V1.1.0RC1, STM32Cube_FW_WBA_V1.2.0, STM32Cube_FW_WBA_V1.2.0RC2, STM32Cube_FW_WB_V1.15.0RC1, STM32Cube_FW_WB_V1.16.0, STM32Cube_FW_WB_V1.16.0RC2, STM32Cube_FW_WB_V1.18.0, STM32Cube_FW_WL_V1.3.0, X-CUBE-ALGOBUILD_V1.3.0, X-CUBE-ALS_V1.0.1, X-CUBE-AZRTOS-F4_V1.1.0, X-CUBE-AZRTOS-F7_V1.1.0, X-CUBE-AZRTOS-G0_V1.1.0, X-CUBE-AZRTOS-G4_V2.0.0, X-CUBE-AZRTOS-H7_V3.1.0, X-CUBE-AZRTOS-L4_V1.0.0, X-CUBE-AZRTOS-L4_V2.0.0, X-CUBE-AZRTOS-L5_V1.1.0, X-CUBE-AZRTOS-WB_V2.0.0, X-CUBE-AZRTOS-WL_V2.0.0, X-CUBE-BLE1_V7.0.0, X-CUBE-BLE2_V3.3.0, X-CUBE-BLEMGR_V2.0.0, X-CUBE-EEPRMA1_V4.1.0, X-CUBE-EEPRMA1_V4.2.0, X-CUBE-FREERTOS_V1.1.0, X-CUBE-GNSS1_V6.0.0, X-CUBE-MEMS1_V10.0.0, X-CUBE-MEMS1_V9.1.0, X-CUBE-MEMS1_V9.4.0, X-CUBE-MEMS1_V9.6.0, X-CUBE-NFC4_V3.0.0, X-CUBE-NFC7_V1.0.1, X-CUBE-SFXS2LP1_V4.0.0, X-CUBE-SUBG2_V5.0.0, X-CUBE-TOF1_V3.3.1]
2024-03-25 22:04:26,162 [INFO] DbBoardsSqlite:226 - include board P-NUCLEO-WB55-NUCLEO as a kit item of type 'Nucleo-64'
2024-03-25 22:04:26,162 [INFO] DbBoardsSqlite:226 - include board P-NUCLEO-WB55-USBDONGLE as a kit item of type 'Nucleo USB Dongle'
2024-03-25 22:04:26,162 [INFO] DbBoardsSqlite:226 - include board STEVAL-IDP005V1 as a kit item of type 'Evaluation Board'
2024-03-25 22:04:26,162 [INFO] DbBoardsSqlite:226 - include board STEVAL-IDP005V2 as a kit item of type 'Evaluation Board'
2024-03-25 22:04:26,203 [INFO] ApiDb:240 - Found 371 in-development CPN: [B-G473E-ZEST1S, B-WB1M-WPAN1, B-WL5M-SUBG1, NUCLEO-C031C6, NUCLEO-H503RB, NUCLEO-H563ZI, NUCLEO-U545RE-Q, NUCLEO-U5A5ZJ-Q, NUCLEO-WBA52CG, NUCLEO-WBA55CG, STEVAL-MKBOXPRO, STEVAL-PROTEUS1, STEVAL-STWINBX1, STM320518-EVAL, STM32C0116-DK, STM32C011D6Y3TR, STM32C011D6Y6TR, STM32C011F4P3, STM32C011F4P6, STM32C011F4U3, STM32C011F4U6TR, STM32C011F6P3, STM32C011F6P6, STM32C011F6U3, STM32C011F6U6TR, STM32C011J4M3, STM32C011J4M6, STM32C011J6M3, STM32C011J6M6, STM32C0316-DK, STM32C031C4T3, STM32C031C4T6, STM32C031C4U3, STM32C031C4U6, STM32C031C6T3, STM32C031C6T6, STM32C031C6U3, STM32C031C6U6, STM32C031F4P3, STM32C031F4P6, STM32C031F6P3, STM32C031F6P6, STM32C031G4U3, STM32C031G4U6, STM32C031G6U3, STM32C031G6U6, STM32C031K4T3, STM32C031K4T6, STM32C031K4U3, STM32C031K4U6, STM32C031K6T3, STM32C031K6T6, STM32C031K6U3, STM32C031K6U6, STM32G071K8TXN, STM32G071K8UXN, STM32G081GBU6N, STM32G081KBT6N, STM32G081KBUXN, STM32G0B1CCT6N, STM32G0B1KCT6, STM32G0B1NEY6TR, STM32G0B1RCT6N, STM32G0C1CCT6, STM32G0C1CCT6N, STM32G0C1CCU6N, STM32G0C1CET6N, STM32G0C1CEU6N, STM32G0C1KCT6, STM32G0C1NEY6TR, STM32G0C1RCI6N, STM32G0C1RCT6N, STM32G0C1REI6N, STM32G0C1RET6N, STM32G0C1VCI6, STM32G0C1VEI6, STM32G471CCT6, STM32G471CCU6, STM32G471CET3, STM32G471CET6, STM32G471CEU3, STM32G471CEU6, STM32G471MCT6, STM32G471MET3, STM32G471MET6, STM32G471MEY6TR, STM32G471QCT6, STM32G471QET3, STM32G471RCT6, STM32G471RET3, STM32G471RET6, STM32G471VCH6, STM32G471VCI6, STM32G471VCT6, STM32G471VEH3, STM32G471VEH6, STM32G471VEI3, STM32G471VEI6, STM32G471VET3, STM32G471VET6, STM32G474CCT6, STM32H503CBT6, STM32H503CBU6, STM32H503EBY6TR, STM32H503KBU6, STM32H503RBT6, STM32H562AGI6, STM32H562AII6, STM32H562IGK6, STM32H562IGT6, STM32H562IIK6, STM32H562IIT6, STM32H562RGT6, STM32H562RGV6, STM32H562RIT6, STM32H562RIV6, STM32H562VGT6, STM32H562VIT6, STM32H562ZGT6, STM32H562ZIT6, STM32H563AGI6, STM32H563AII3Q, STM32H563AII6, STM32H563IGK6, STM32H563IGT6, STM32H563IIK3Q, STM32H563IIK6, STM32H563IIT3Q, STM32H563IIT6, STM32H563MIY3QTR, STM32H563RGT6, STM32H563RGV6, STM32H563RIT6, STM32H563RIV6, STM32H563VGT6, STM32H563VIT3Q, STM32H563VIT6, STM32H563ZGT6, STM32H563ZIT3Q, STM32H563ZIT6, STM32H573AII3Q, STM32H573AII6, STM32H573I-DK, STM32H573IIK3Q, STM32H573IIK6, STM32H573IIT3Q, STM32H573IIT6, STM32H573MIY3QTR, STM32H573RIT6, STM32H573RIV6, STM32H573VIT3Q, STM32H573VIT6, STM32H573ZIT3Q, STM32H573ZIT6, STM32L4R5QGI6STR, STM32MP131AAE3, STM32MP131AAF3, STM32MP131AAG3, STM32MP131CAE3, STM32MP131CAF3, STM32MP131CAG3, STM32MP131DAE7, STM32MP131DAF7, STM32MP131DAG7, STM32MP131FAE7, STM32MP131FAF7, STM32MP131FAG7, STM32MP133AAE3, STM32MP133AAF3, STM32MP133AAG3, STM32MP133CAE3, STM32MP133CAF3, STM32MP133CAG3, STM32MP133DAE7, STM32MP133DAF7, STM32MP133DAG7, STM32MP133FAE7, STM32MP133FAF7, STM32MP133FAG7, STM32MP135AAE3, STM32MP135AAF3, STM32MP135AAG3, STM32MP135CAE3, STM32MP135CAF3, STM32MP135CAG3, STM32MP135DAE7, STM32MP135DAF7, STM32MP135DAG7, STM32MP135F-DK, STM32MP135FAE7, STM32MP135FAF7, STM32MP135FAF7T, STM32MP135FAF7U, STM32MP135FAG7, STM32U535CBT6, STM32U535CBT6Q, STM32U535CBU6, STM32U535CBU6Q, STM32U535CCT6, STM32U535CCT6Q, STM32U535CCU6, STM32U535CCU6Q, STM32U535CET6, STM32U535CET6Q, STM32U535CEU6, STM32U535CEU6Q, STM32U535JEY6QTR, STM32U535NCY6QTR, STM32U535NEY6QTR, STM32U535RBI6, STM32U535RBI6Q, STM32U535RBT6, STM32U535RBT6Q, STM32U535RCI6, STM32U535RCI6Q, STM32U535RCT6, STM32U535RCT6Q, STM32U535REI6, STM32U535REI6Q, STM32U535RET6, STM32U535RET6Q, STM32U535VCI6, STM32U535VCI6Q, STM32U535VCT6, STM32U535VCT6Q, STM32U535VEI6, STM32U535VEI6Q, STM32U535VET6, STM32U535VET6Q, STM32U545CET6, STM32U545CET6Q, STM32U545CEU6, STM32U545CEU6Q, STM32U545JEY6QTR, STM32U545NEY6QTR, STM32U545REI6, STM32U545REI6Q, STM32U545RET6, STM32U545RET6Q, STM32U545VEI6, STM32U545VEI6Q, STM32U545VET6, STM32U545VET6Q, STM32U595AIH6, STM32U595AIH6Q, STM32U595AJH6, STM32U595AJH6Q, STM32U595QII6, STM32U595QII6Q, STM32U595QJI6, STM32U595QJI6Q, STM32U595RIT6, STM32U595RIT6Q, STM32U595RJT6, STM32U595RJT6Q, STM32U595VIT6, STM32U595VIT6Q, STM32U595VJT6, STM32U595VJT6Q, STM32U595ZIT6, STM32U595ZIT6Q, STM32U595ZIY6QTR, STM32U595ZJT6, STM32U595ZJT6Q, STM32U595ZJY6QTR, STM32U599BJY6QTR, STM32U599NIH6Q, STM32U599NJH6Q, STM32U599VIT6Q, STM32U599VJT6, STM32U599VJT6Q, STM32U599ZIT6Q, STM32U599ZIY6QTR, STM32U599ZJT6Q, STM32U599ZJY6QTR, STM32U5A5AJH6, STM32U5A5AJH6Q, STM32U5A5QJI6, STM32U5A5QJI6Q, STM32U5A5RJT6, STM32U5A5RJT6Q, STM32U5A5VJT6, STM32U5A5VJT6Q, STM32U5A5ZJT6, STM32U5A5ZJT6Q, STM32U5A5ZJY6QTR, STM32U5A9BJY6QTR, STM32U5A9J-DK, STM32U5A9NJH6Q, STM32U5A9VJT6Q, STM32U5A9ZJT6Q, STM32U5A9ZJY6QTR, STM32U5F7VIT6, STM32U5F7VIT6Q, STM32U5F7VJT6, STM32U5F7VJT6Q, STM32U5F9BJY6QTR, STM32U5F9NJH6Q, STM32U5F9VIT6Q, STM32U5F9VJT6Q, STM32U5F9ZIJ6QTR, STM32U5F9ZIT6Q, STM32U5F9ZJJ6QTR, STM32U5F9ZJT6Q, STM32U5G7VJT6, STM32U5G7VJT6Q, STM32U5G9BJY6QTR, STM32U5G9J-DK1, STM32U5G9J-DK2, STM32U5G9NJH6Q, STM32U5G9VJT6Q, STM32U5G9ZJJ6QTR, STM32U5G9ZJT6Q, STM32WB1MMCH6, STM32WBA50KEU6, STM32WBA50KEU6TR, STM32WBA50KGU6, STM32WBA50KGU6TR, STM32WBA52CEU6, STM32WBA52CEU6TR, STM32WBA52CEU7, STM32WBA52CEU7TR, STM32WBA52CGU6, STM32WBA52CGU6TR, STM32WBA52CGU6U, STM32WBA52CGU7, STM32WBA52CGU7TR, STM32WBA52KEU6, STM32WBA52KEU6TR, STM32WBA52KGU6, STM32WBA52KGU6TR, STM32WBA54CEU6, STM32WBA54CEU6TR, STM32WBA54CEU7, STM32WBA54CEU7TR, STM32WBA54CGU6, STM32WBA54CGU6TR, STM32WBA54CGU7, STM32WBA54CGU7TR, STM32WBA54KEU6, STM32WBA54KEU6TR, STM32WBA54KEU7, STM32WBA54KEU7TR, STM32WBA54KGU6, STM32WBA54KGU6TR, STM32WBA54KGU7, STM32WBA54KGU7TR, STM32WBA55CEU6, STM32WBA55CEU6TR, STM32WBA55CEU7, STM32WBA55CEU7TR, STM32WBA55CGU6, STM32WBA55CGU6TR, STM32WBA55CGU6U, STM32WBA55CGU7, STM32WBA55CGU7TR, STM32WBA55G-DK1, STM32WBA55HEF6, STM32WBA55HEF7, STM32WBA55HGF6, STM32WBA55HGF7, STM32WBA55UEI6, STM32WBA55UEI6TR, STM32WBA55UEI7, STM32WBA55UEI7TR, STM32WBA55UGI6, STM32WBA55UGI6TR, STM32WBA55UGI7, STM32WBA55UGI7TR, STM32WL5MOCH6, STM32WL5MOCH6TR]
2024-03-25 22:04:26,282 [INFO] BoardInfo:889 - No configuration file found for board P-NUCLEO-WB55
2024-03-25 22:04:26,282 [INFO] DbBoards:161 - Kit is not supported: P-NUCLEO-WB55
2024-03-25 22:04:26,286 [INFO] BoardInfo:889 - No configuration file found for board STEVAL-BFA001V1B
2024-03-25 22:04:26,286 [INFO] DbBoards:161 - Kit is not supported: STEVAL-BFA001V1B
2024-03-25 22:04:26,287 [INFO] BoardInfo:889 - No configuration file found for board STEVAL-BFA001V2B
2024-03-25 22:04:26,287 [INFO] DbBoards:161 - Kit is not supported: STEVAL-BFA001V2B
2024-03-25 22:04:26,408 [INFO] DbBoards:168 - Found 193 boards, 190 are supported
2024-03-25 22:04:26,408 [INFO] DbBoards:169 - Found 193 boards, 3 of them is supported for  Bsp
2024-03-25 22:04:26,410 [INFO] ApiDb:414 - User favorites file not found: C:\Users\zlink/.stm32cubeide/favorites.boards.txt
2024-03-25 22:04:26,410 [INFO] DbBoards:198 - Set 0 / 0 favorites Boards
2024-03-25 22:04:26,465 [INFO] UtilMem:75 - End LoadConfig() Used Memory: 313980408 Bytes (663748608)
2024-03-25 22:04:26,499 [INFO] MicroXplorer:468 - Change Database Path : 
2024-03-25 22:04:26,499 [INFO] MicroXplorer:498 - Change Database Version : DB.6.0.100
2024-03-25 22:04:26,499 [WARN] ThirdParty:833 - waiting for thirdparty lock release [change project]
2024-03-25 22:04:26,499 [INFO] ThirdParty:835 - entering critical section [change project]
2024-03-25 22:04:26,499 [INFO] ThirdParty:1030 - CMSIS Pack Vendor :STMicroelectronics USBPD 4.1
2024-03-25 22:04:26,499 [INFO] ThirdParty:1030 - CMSIS Pack Vendor :STMicroelectronics X-CUBE-GNSS1 6.0.0
2024-03-25 22:04:26,499 [INFO] ThirdParty:1030 - CMSIS Pack Vendor :STMicroelectronics USB_HOST 2.0.0
2024-03-25 22:04:26,499 [INFO] ThirdParty:1030 - CMSIS Pack Vendor :STMicroelectronics X-CUBE-AZRTOS-F4 1.1.0
2024-03-25 22:04:26,499 [INFO] ThirdParty:1030 - CMSIS Pack Vendor :STMicroelectronics LIBJPEG 8.0.0
2024-03-25 22:04:26,499 [INFO] ThirdParty:1030 - CMSIS Pack Vendor :STMicroelectronics X-CUBE-SMBUS 2.1.0
2024-03-25 22:04:26,499 [INFO] ThirdParty:1030 - CMSIS Pack Vendor :STMicroelectronics USB_DEVICE 3.0.0
2024-03-25 22:04:26,499 [INFO] ThirdParty:1030 - CMSIS Pack Vendor :STMicroelectronics X-CUBE-AZRTOS-WB 2.0.0
2024-03-25 22:04:26,500 [INFO] ThirdParty:1030 - CMSIS Pack Vendor :wolfSSL I-CUBE-wolfSSL 5.6.6
2024-03-25 22:04:26,500 [INFO] ThirdParty:1030 - CMSIS Pack Vendor :STMicroelectronics X-CUBE-TOUCHGFX 4.23.0
2024-03-25 22:04:26,500 [INFO] ThirdParty:1030 - CMSIS Pack Vendor :STMicroelectronics X-CUBE-AZRTOS-F7 1.1.0
2024-03-25 22:04:26,500 [INFO] ThirdParty:1030 - CMSIS Pack Vendor :STMicroelectronics X-CUBE-AZRTOS-L5 2.0.0
2024-03-25 22:04:26,500 [INFO] ThirdParty:1030 - CMSIS Pack Vendor :STMicroelectronics USB_DEVICE 2.0.0
2024-03-25 22:04:26,500 [INFO] ThirdParty:1030 - CMSIS Pack Vendor :STMicroelectronics X-CUBE-NFC6 3.1.0
2024-03-25 22:04:26,500 [INFO] ThirdParty:1030 - CMSIS Pack Vendor :ITTIA_DB I-CUBE-ITTIADB 8.8.0
2024-03-25 22:04:26,500 [INFO] ThirdParty:1030 - CMSIS Pack Vendor :STMicroelectronics FP-SNS-MOTENV1 4.3.2
2024-03-25 22:04:26,500 [INFO] ThirdParty:1030 - CMSIS Pack Vendor :STMicroelectronics X-CUBE-ALGOBUILD 1.3.0
2024-03-25 22:04:26,500 [INFO] ThirdParty:1030 - CMSIS Pack Vendor :STMicroelectronics FreeRTOS 0.0.1
2024-03-25 22:04:26,500 [INFO] ThirdParty:1030 - CMSIS Pack Vendor :STMicroelectronics X-CUBE-AZRTOS-G0 1.1.0
2024-03-25 22:04:26,500 [INFO] ThirdParty:1030 - CMSIS Pack Vendor :STMicroelectronics X-CUBE-NFC4 3.0.0
2024-03-25 22:04:26,500 [INFO] ThirdParty:1030 - CMSIS Pack Vendor :STMicroelectronics X-CUBE-SUBG2 5.0.0
2024-03-25 22:04:26,500 [INFO] ThirdParty:1030 - CMSIS Pack Vendor :STMicroelectronics STM32_WPAN 1.0.0
2024-03-25 22:04:26,500 [INFO] ThirdParty:1030 - CMSIS Pack Vendor :STMicroelectronics lwIP 2.0.3
2024-03-25 22:04:26,500 [INFO] ThirdParty:1030 - CMSIS Pack Vendor :STMicroelectronics FP-SNS-FLIGHT1 5.0.2
2024-03-25 22:04:26,500 [INFO] ThirdParty:1030 - CMSIS Pack Vendor :STMicroelectronics USB_HOST 1.0.0
2024-03-25 22:04:26,500 [INFO] ThirdParty:1030 - CMSIS Pack Vendor :STMicroelectronics X-CUBE-AZRTOS-G4 2.0.0
2024-03-25 22:04:26,500 [INFO] ThirdParty:1030 - CMSIS Pack Vendor :STMicroelectronics PDM2PCM 3.1.0
2024-03-25 22:04:26,500 [INFO] ThirdParty:1030 - CMSIS Pack Vendor :Infineon AIROC-Wi-Fi-Bluetooth-STM32 1.5.1
2024-03-25 22:04:26,500 [INFO] ThirdParty:1030 - CMSIS Pack Vendor :STMicroelectronics X-CUBE-BLEMGR 3.0.0
2024-03-25 22:04:26,500 [INFO] ThirdParty:1030 - CMSIS Pack Vendor :STMicroelectronics PDM2PCM 3.3.0
2024-03-25 22:04:26,500 [INFO] ThirdParty:1030 - CMSIS Pack Vendor :STMicroelectronics X-CUBE-DISPLAY 3.0.0
2024-03-25 22:04:26,500 [INFO] ThirdParty:1030 - CMSIS Pack Vendor :STMicroelectronics FP-SNS-MOTENVWB1 1.3.1
2024-03-25 22:04:26,500 [INFO] ThirdParty:1030 - CMSIS Pack Vendor :STMicroelectronics X-CUBE-BLE1 7.0.0
2024-03-25 22:04:26,500 [INFO] ThirdParty:1030 - CMSIS Pack Vendor :STMicroelectronics FP-ATR-SIGFOX1 3.2.0
2024-03-25 22:04:26,500 [INFO] ThirdParty:1030 - CMSIS Pack Vendor :STMicroelectronics X-CUBE-ISPU 2.0.0
2024-03-25 22:04:26,500 [INFO] ThirdParty:1030 - CMSIS Pack Vendor :STMicroelectronics X-CUBE-EEPRMA1 5.1.0
2024-03-25 22:04:26,500 [INFO] ThirdParty:1030 - CMSIS Pack Vendor :STMicroelectronics HAL Drivers 0.0.0
2024-03-25 22:04:26,500 [INFO] ThirdParty:1030 - CMSIS Pack Vendor :STMicroelectronics MBEDTLS 2.16.2
2024-03-25 22:04:26,500 [INFO] ThirdParty:1030 - CMSIS Pack Vendor :emotas I-CUBE-CANOPEN 1.3.0
2024-03-25 22:04:26,500 [INFO] ThirdParty:1030 - CMSIS Pack Vendor :STMicroelectronics X-CUBE-MEMS1 10.0.0
2024-03-25 22:04:26,500 [INFO] ThirdParty:1030 - CMSIS Pack Vendor :STMicroelectronics X-CUBE-FREERTOS 1.1.0
2024-03-25 22:04:26,500 [INFO] ThirdParty:1030 - CMSIS Pack Vendor :STMicroelectronics X-CUBE-NFC7 1.0.1
2024-03-25 22:04:26,500 [INFO] ThirdParty:1030 - CMSIS Pack Vendor :STMicroelectronics MBEDTLS 2.14.1
2024-03-25 22:04:26,500 [INFO] ThirdParty:1030 - CMSIS Pack Vendor :STMicroelectronics X-CUBE-NFC6 3.0.0
2024-03-25 22:04:26,500 [INFO] ThirdParty:1030 - CMSIS Pack Vendor :portGmbH I-Cube-SoM-uGOAL 1.1.0
2024-03-25 22:04:26,500 [INFO] ThirdParty:1030 - CMSIS Pack Vendor :STMicroelectronics X-CUBE-ALS 1.0.1
2024-03-25 22:04:26,500 [INFO] ThirdParty:1030 - CMSIS Pack Vendor :STMicroelectronics X-CUBE-BLEMGR 3.1.0
2024-03-25 22:04:26,500 [INFO] ThirdParty:1030 - CMSIS Pack Vendor :STMicroelectronics ThreadX 1.0.0
2024-03-25 22:04:26,500 [INFO] ThirdParty:1030 - CMSIS Pack Vendor :STMicroelectronics FP-SNS-SMARTAG2 1.2.0
2024-03-25 22:04:26,500 [INFO] ThirdParty:1030 - CMSIS Pack Vendor :STMicroelectronics X-CUBE-AZRTOS-WL 2.0.0
2024-03-25 22:04:26,500 [INFO] ThirdParty:1030 - CMSIS Pack Vendor :SEGGER I-CUBE-embOS 1.3.1
2024-03-25 22:04:26,500 [INFO] ThirdParty:1030 - CMSIS Pack Vendor :STMicroelectronics USB_DEVICE 1.0.0
2024-03-25 22:04:26,500 [INFO] ThirdParty:1030 - CMSIS Pack Vendor :STMicroelectronics X-CUBE-AI 8.1.0
2024-03-25 22:04:26,500 [INFO] ThirdParty:1030 - CMSIS Pack Vendor :STMicroelectronics X-CUBE-AZRTOS-L4 2.0.0
2024-03-25 22:04:26,500 [INFO] ThirdParty:1030 - CMSIS Pack Vendor :STMicroelectronics ThreadX 0.0.2
2024-03-25 22:04:26,500 [INFO] ThirdParty:1030 - CMSIS Pack Vendor :WES I-CUBE-Cesium 1.3.0
2024-03-25 22:04:26,500 [INFO] ThirdParty:1030 - CMSIS Pack Vendor :STMicroelectronics FP-ATR-ASTRA1 2.0.0
2024-03-25 22:04:26,500 [INFO] ThirdParty:1030 - CMSIS Pack Vendor :STMicroelectronics lwIP 2.1.2
2024-03-25 22:04:26,500 [INFO] ThirdParty:1030 - CMSIS Pack Vendor :STMicroelectronics X-CUBE-SFXS2LP1 4.0.0
2024-03-25 22:04:26,500 [INFO] ThirdParty:1030 - CMSIS Pack Vendor :STMicroelectronics X-CUBE-BLE2 3.3.0
2024-03-25 22:04:26,500 [INFO] ThirdParty:1030 - CMSIS Pack Vendor :STMicroelectronics X-CUBE-TOF1 3.4.0
2024-03-25 22:04:26,500 [INFO] ThirdParty:1030 - CMSIS Pack Vendor :STMicroelectronics X-CUBE-TOF1 3.4.1
2024-03-25 22:04:26,500 [INFO] ThirdParty:1030 - CMSIS Pack Vendor :STMicroelectronics X-CUBE-AZRTOS-H7 3.2.0
2024-03-25 22:04:26,501 [INFO] ThirdParty:1030 - CMSIS Pack Vendor :STMicroelectronics PDM2PCM 3.2.0
2024-03-25 22:04:26,501 [INFO] ThirdParty:841 - exiting critical section [change project]
2024-03-25 22:04:26,570 [INFO] PinOutPanel:1499 - setPackage(No Configuration,No Configuration)
2024-03-25 22:04:26,570 [INFO] PinOutPanel:1499 - setPackage(STM32L010RBTx,LQFP64)
2024-03-25 22:04:26,739 [INFO] UtilMem:75 - Before build in PCC Used Memory: 411830936 Bytes (663748608)
2024-03-25 22:04:27,000 [INFO] UtilMem:75 - After build in PCC Used Memory: 460563936 Bytes (663748608)
2024-03-25 22:04:27,144 [INFO] ApiDbMcu:508 - Load IP Config File for FATFS
2024-03-25 22:04:27,162 [INFO] IPUIPlugin:80 - create IPUIPlugin
2024-03-25 22:04:27,162 [INFO] IPUIPlugin:80 - create IPUIPlugin
2024-03-25 22:04:27,162 [INFO] IPUIPlugin:80 - create IPUIPlugin
2024-03-25 22:04:27,162 [INFO] IPUIPlugin:80 - create IPUIPlugin
2024-03-25 22:04:27,162 [INFO] IPUIPlugin:80 - create IPUIPlugin
2024-03-25 22:04:27,162 [INFO] IPUIPlugin:80 - create IPUIPlugin
2024-03-25 22:04:27,163 [INFO] IPUIPlugin:80 - create IPUIPlugin
2024-03-25 22:04:27,163 [INFO] IPUIPlugin:80 - create IPUIPlugin
2024-03-25 22:04:27,163 [INFO] IPUIPlugin:80 - create IPUIPlugin
2024-03-25 22:04:27,163 [INFO] IPUIPlugin:80 - create IPUIPlugin
2024-03-25 22:04:27,163 [INFO] IPUIPlugin:80 - create IPUIPlugin
2024-03-25 22:04:27,164 [INFO] IPUIPlugin:80 - create IPUIPlugin
2024-03-25 22:04:27,164 [INFO] IPUIPlugin:80 - create IPUIPlugin
2024-03-25 22:04:27,164 [INFO] IPUIPlugin:80 - create IPUIPlugin
2024-03-25 22:04:27,164 [INFO] IPUIPlugin:80 - create IPUIPlugin
2024-03-25 22:04:27,164 [INFO] IPUIPlugin:80 - create IPUIPlugin
2024-03-25 22:04:27,164 [INFO] IPUIPlugin:80 - create IPUIPlugin
2024-03-25 22:04:27,165 [INFO] IPUIPlugin:80 - create IPUIPlugin
2024-03-25 22:04:27,165 [INFO] IPUIPlugin:80 - create IPUIPlugin
2024-03-25 22:04:27,165 [INFO] IPUIPlugin:80 - create IPUIPlugin
2024-03-25 22:04:27,217 [INFO] CADModel:165 - CPN selected for project levelSTM32L010RBT6
2024-03-25 22:04:27,217 [INFO] CADModel:114 - Register for checkConnection events
2024-03-25 22:04:27,292 [INFO] OpenFileManager:343 - Restore cursor
2024-03-25 22:04:38,383 [INFO] IPUIPlugin:80 - create IPUIPlugin
2024-03-25 22:04:38,383 [INFO] IPUIPlugin:80 - create IPUIPlugin
2024-03-25 22:04:38,383 [INFO] IPUIPlugin:80 - create IPUIPlugin
2024-03-25 22:04:38,383 [INFO] IPUIPlugin:80 - create IPUIPlugin
2024-03-25 22:04:38,383 [INFO] IPUIPlugin:80 - create IPUIPlugin
2024-03-25 22:04:38,414 [INFO] IPUIPlugin:80 - create IPUIPlugin
